This file contains any messages produced by compilers while
running configure, to aid debugging if configure makes a mistake.

It was created by configure, which was
generated by GNU Autoconf 2.69.  Invocation command line was

  $ ./configure --disable-option-checking --prefix=/usr/local CC=/home/default/third_party/llvm-build/Release+Asserts/bin/clang CFLAGS=-ggdb -O0 -fsanitize=memory -fsanitize-coverage=trace-pc-guard,trace-cmp,trace-div,trace-gep -DHAVE_GETADDRINFO=1 LDFLAGS=-fsanitize=memory CXX=/home/default/third_party/llvm-build/Release+Asserts/bin/clang++ CXXFLAGS=-ggdb -O0 -fsanitize=memory -fsanitize-coverage=trace-pc-guard,trace-cmp,trace-div,trace-gep -DHAVE_GETADDRINFO=1 --cache-file=/dev/null --srcdir=.

## --------- ##
## Platform. ##
## --------- ##

hostname = default-virtual-machine
uname -m = x86_64
uname -r = 4.4.0-31-generic
uname -s = Linux
uname -v = #50~14.04.1-Ubuntu SMP Wed Jul 13 01:07:32 UTC 2016

/usr/bin/uname -p = unknown
/bin/uname -X     = unknown

/bin/arch              = unknown
/usr/bin/arch -k       = unknown
/usr/convex/getsysinfo = unknown
/usr/bin/hostinfo      = unknown
/bin/machine           = unknown
/usr/bin/oslevel       = unknown
/bin/universe          = unknown

PATH: /usr/local/sbin
PATH: /usr/local/bin
PATH: /usr/sbin
PATH: /usr/bin
PATH: /sbin
PATH: /bin


## ----------- ##
## Core tests. ##
## ----------- ##

configure:2167: checking build system type
configure:2181: result: x86_64-unknown-linux-gnu
configure:2201: checking host system type
configure:2214: result: x86_64-unknown-linux-gnu
configure:2401: checking for gcc
configure:2428: result: /home/default/third_party/llvm-build/Release+Asserts/bin/clang
configure:2657: checking for C compiler version
configure:2666: /home/default/third_party/llvm-build/Release+Asserts/bin/clang --version >&5
clang version 6.0.0 (trunk 310694)
Target: x86_64-unknown-linux-gnu
Thread model: posix
InstalledDir: /home/default/third_party/llvm-build/Release+Asserts/bin
configure:2677: $? = 0
configure:2666: /home/default/third_party/llvm-build/Release+Asserts/bin/clang -v >&5
clang version 6.0.0 (trunk 310694)
Target: x86_64-unknown-linux-gnu
Thread model: posix
InstalledDir: /home/default/third_party/llvm-build/Release+Asserts/bin
Found candidate GCC installation: /usr/lib/gcc/i686-linux-gnu/4.9
Found candidate GCC installation: /usr/lib/gcc/i686-linux-gnu/4.9.3
Found candidate GCC installation: /usr/lib/gcc/x86_64-linux-gnu/4.8
Found candidate GCC installation: /usr/lib/gcc/x86_64-linux-gnu/4.8.4
Found candidate GCC installation: /usr/lib/gcc/x86_64-linux-gnu/4.9
Found candidate GCC installation: /usr/lib/gcc/x86_64-linux-gnu/4.9.3
... rest of stderr output deleted ...
configure:2677: $? = 0
configure:2666: /home/default/third_party/llvm-build/Release+Asserts/bin/clang -V >&5
clang: error: argument to '-V' is missing (expected 1 value)
clang: error: no input files
configure:2677: $? = 1
configure:2666: /home/default/third_party/llvm-build/Release+Asserts/bin/clang -qversion >&5
clang: error: unknown argument: '-qversion'
clang: error: no input files
configure:2677: $? = 1
configure:2697: checking whether the C compiler works
configure:2719: /home/default/third_party/llvm-build/Release+Asserts/bin/clang -ggdb -O0 -fsanitize=memory -fsanitize-coverage=trace-pc-guard,trace-cmp,trace-div,trace-gep -DHAVE_GETADDRINFO=1  -fsanitize=memory conftest.c  >&5
configure:2723: $? = 0
configure:2771: result: yes
configure:2774: checking for C compiler default output file name
configure:2776: result: a.out
configure:2782: checking for suffix of executables
configure:2789: /home/default/third_party/llvm-build/Release+Asserts/bin/clang -o conftest -ggdb -O0 -fsanitize=memory -fsanitize-coverage=trace-pc-guard,trace-cmp,trace-div,trace-gep -DHAVE_GETADDRINFO=1  -fsanitize=memory conftest.c  >&5
configure:2793: $? = 0
configure:2815: result: 
configure:2837: checking whether we are cross compiling
configure:2845: /home/default/third_party/llvm-build/Release+Asserts/bin/clang -o conftest -ggdb -O0 -fsanitize=memory -fsanitize-coverage=trace-pc-guard,trace-cmp,trace-div,trace-gep -DHAVE_GETADDRINFO=1  -fsanitize=memory conftest.c  >&5
configure:2849: $? = 0
configure:2856: ./conftest
configure:2860: $? = 0
configure:2875: result: no
configure:2880: checking for suffix of object files
configure:2902: /home/default/third_party/llvm-build/Release+Asserts/bin/clang -c -ggdb -O0 -fsanitize=memory -fsanitize-coverage=trace-pc-guard,trace-cmp,trace-div,trace-gep -DHAVE_GETADDRINFO=1  conftest.c >&5
configure:2906: $? = 0
configure:2927: result: o
configure:2931: checking whether we are using the GNU C compiler
configure:2950: /home/default/third_party/llvm-build/Release+Asserts/bin/clang -c -ggdb -O0 -fsanitize=memory -fsanitize-coverage=trace-pc-guard,trace-cmp,trace-div,trace-gep -DHAVE_GETADDRINFO=1  conftest.c >&5
configure:2950: $? = 0
configure:2959: result: yes
configure:2968: checking whether /home/default/third_party/llvm-build/Release+Asserts/bin/clang accepts -g
configure:2988: /home/default/third_party/llvm-build/Release+Asserts/bin/clang -c -g  conftest.c >&5
configure:2988: $? = 0
configure:3029: result: yes
configure:3046: checking for /home/default/third_party/llvm-build/Release+Asserts/bin/clang option to accept ISO C89
configure:3109: /home/default/third_party/llvm-build/Release+Asserts/bin/clang  -c -ggdb -O0 -fsanitize=memory -fsanitize-coverage=trace-pc-guard,trace-cmp,trace-div,trace-gep -DHAVE_GETADDRINFO=1  conftest.c >&5
configure:3109: $? = 0
configure:3122: result: none needed
configure:3148: checking how to run the C preprocessor
configure:3179: /home/default/third_party/llvm-build/Release+Asserts/bin/clang -E  conftest.c
configure:3179: $? = 0
configure:3193: /home/default/third_party/llvm-build/Release+Asserts/bin/clang -E  conftest.c
conftest.c:10:10: fatal error: 'ac_nonexistent.h' file not found
#include <ac_nonexistent.h>
         ^~~~~~~~~~~~~~~~~~
1 error generated.
configure:3193: $? = 1
configure: failed program was:
| /* confdefs.h */
| #define PACKAGE_NAME ""
| #define PACKAGE_TARNAME ""
| #define PACKAGE_VERSION ""
| #define PACKAGE_STRING ""
| #define PACKAGE_BUGREPORT ""
| #define PACKAGE_URL ""
| #define LINUX 1
| /* end confdefs.h.  */
| #include <ac_nonexistent.h>
configure:3218: result: /home/default/third_party/llvm-build/Release+Asserts/bin/clang -E
configure:3238: /home/default/third_party/llvm-build/Release+Asserts/bin/clang -E  conftest.c
configure:3238: $? = 0
configure:3252: /home/default/third_party/llvm-build/Release+Asserts/bin/clang -E  conftest.c
conftest.c:10:10: fatal error: 'ac_nonexistent.h' file not found
#include <ac_nonexistent.h>
         ^~~~~~~~~~~~~~~~~~
1 error generated.
configure:3252: $? = 1
configure: failed program was:
| /* confdefs.h */
| #define PACKAGE_NAME ""
| #define PACKAGE_TARNAME ""
| #define PACKAGE_VERSION ""
| #define PACKAGE_STRING ""
| #define PACKAGE_BUGREPORT ""
| #define PACKAGE_URL ""
| #define LINUX 1
| /* end confdefs.h.  */
| #include <ac_nonexistent.h>
configure:3281: checking for grep that handles long lines and -e
configure:3339: result: /bin/grep
configure:3344: checking for egrep
configure:3406: result: /bin/grep -E
configure:3411: checking for ANSI C header files
configure:3431: /home/default/third_party/llvm-build/Release+Asserts/bin/clang -c -ggdb -O0 -fsanitize=memory -fsanitize-coverage=trace-pc-guard,trace-cmp,trace-div,trace-gep -DHAVE_GETADDRINFO=1  conftest.c >&5
configure:3431: $? = 0
configure:3504: /home/default/third_party/llvm-build/Release+Asserts/bin/clang -o conftest -ggdb -O0 -fsanitize=memory -fsanitize-coverage=trace-pc-guard,trace-cmp,trace-div,trace-gep -DHAVE_GETADDRINFO=1  -fsanitize=memory conftest.c  >&5
configure:3504: $? = 0
configure:3504: ./conftest
configure:3504: $? = 0
configure:3515: result: yes
configure:3528: checking for sys/types.h
configure:3528: /home/default/third_party/llvm-build/Release+Asserts/bin/clang -c -ggdb -O0 -fsanitize=memory -fsanitize-coverage=trace-pc-guard,trace-cmp,trace-div,trace-gep -DHAVE_GETADDRINFO=1  conftest.c >&5
configure:3528: $? = 0
configure:3528: result: yes
configure:3528: checking for sys/stat.h
configure:3528: /home/default/third_party/llvm-build/Release+Asserts/bin/clang -c -ggdb -O0 -fsanitize=memory -fsanitize-coverage=trace-pc-guard,trace-cmp,trace-div,trace-gep -DHAVE_GETADDRINFO=1  conftest.c >&5
configure:3528: $? = 0
configure:3528: result: yes
configure:3528: checking for stdlib.h
configure:3528: /home/default/third_party/llvm-build/Release+Asserts/bin/clang -c -ggdb -O0 -fsanitize=memory -fsanitize-coverage=trace-pc-guard,trace-cmp,trace-div,trace-gep -DHAVE_GETADDRINFO=1  conftest.c >&5
configure:3528: $? = 0
configure:3528: result: yes
configure:3528: checking for string.h
configure:3528: /home/default/third_party/llvm-build/Release+Asserts/bin/clang -c -ggdb -O0 -fsanitize=memory -fsanitize-coverage=trace-pc-guard,trace-cmp,trace-div,trace-gep -DHAVE_GETADDRINFO=1  conftest.c >&5
configure:3528: $? = 0
configure:3528: result: yes
configure:3528: checking for memory.h
configure:3528: /home/default/third_party/llvm-build/Release+Asserts/bin/clang -c -ggdb -O0 -fsanitize=memory -fsanitize-coverage=trace-pc-guard,trace-cmp,trace-div,trace-gep -DHAVE_GETADDRINFO=1  conftest.c >&5
configure:3528: $? = 0
configure:3528: result: yes
configure:3528: checking for strings.h
configure:3528: /home/default/third_party/llvm-build/Release+Asserts/bin/clang -c -ggdb -O0 -fsanitize=memory -fsanitize-coverage=trace-pc-guard,trace-cmp,trace-div,trace-gep -DHAVE_GETADDRINFO=1  conftest.c >&5
configure:3528: $? = 0
configure:3528: result: yes
configure:3528: checking for inttypes.h
configure:3528: /home/default/third_party/llvm-build/Release+Asserts/bin/clang -c -ggdb -O0 -fsanitize=memory -fsanitize-coverage=trace-pc-guard,trace-cmp,trace-div,trace-gep -DHAVE_GETADDRINFO=1  conftest.c >&5
configure:3528: $? = 0
configure:3528: result: yes
configure:3528: checking for stdint.h
configure:3528: /home/default/third_party/llvm-build/Release+Asserts/bin/clang -c -ggdb -O0 -fsanitize=memory -fsanitize-coverage=trace-pc-guard,trace-cmp,trace-div,trace-gep -DHAVE_GETADDRINFO=1  conftest.c >&5
configure:3528: $? = 0
configure:3528: result: yes
configure:3528: checking for unistd.h
configure:3528: /home/default/third_party/llvm-build/Release+Asserts/bin/clang -c -ggdb -O0 -fsanitize=memory -fsanitize-coverage=trace-pc-guard,trace-cmp,trace-div,trace-gep -DHAVE_GETADDRINFO=1  conftest.c >&5
configure:3528: $? = 0
configure:3528: result: yes
configure:3545: checking pcap.h usability
configure:3545: /home/default/third_party/llvm-build/Release+Asserts/bin/clang -c -ggdb -O0 -fsanitize=memory -fsanitize-coverage=trace-pc-guard,trace-cmp,trace-div,trace-gep -DHAVE_GETADDRINFO=1  conftest.c >&5
conftest.c:53:10: fatal error: 'pcap.h' file not found
#include <pcap.h>
         ^~~~~~~~
1 error generated.
configure:3545: $? = 1
configure: failed program was:
| /* confdefs.h */
| #define PACKAGE_NAME ""
| #define PACKAGE_TARNAME ""
| #define PACKAGE_VERSION ""
| #define PACKAGE_STRING ""
| #define PACKAGE_BUGREPORT ""
| #define PACKAGE_URL ""
| #define LINUX 1
| #define STDC_HEADERS 1
| #define HAVE_SYS_TYPES_H 1
| #define HAVE_SYS_STAT_H 1
| #define HAVE_STDLIB_H 1
| #define HAVE_STRING_H 1
| #define HAVE_MEMORY_H 1
| #define HAVE_STRINGS_H 1
| #define HAVE_INTTYPES_H 1
| #define HAVE_STDINT_H 1
| #define HAVE_UNISTD_H 1
| /* end confdefs.h.  */
| #include <stdio.h>
| #ifdef HAVE_SYS_TYPES_H
| # include <sys/types.h>
| #endif
| #ifdef HAVE_SYS_STAT_H
| # include <sys/stat.h>
| #endif
| #ifdef STDC_HEADERS
| # include <stdlib.h>
| # include <stddef.h>
| #else
| # ifdef HAVE_STDLIB_H
| #  include <stdlib.h>
| # endif
| #endif
| #ifdef HAVE_STRING_H
| # if !defined STDC_HEADERS && defined HAVE_MEMORY_H
| #  include <memory.h>
| # endif
| # include <string.h>
| #endif
| #ifdef HAVE_STRINGS_H
| # include <strings.h>
| #endif
| #ifdef HAVE_INTTYPES_H
| # include <inttypes.h>
| #endif
| #ifdef HAVE_STDINT_H
| # include <stdint.h>
| #endif
| #ifdef HAVE_UNISTD_H
| # include <unistd.h>
| #endif
| #include <pcap.h>
configure:3545: result: no
configure:3545: checking pcap.h presence
configure:3545: /home/default/third_party/llvm-build/Release+Asserts/bin/clang -E  conftest.c
conftest.c:20:10: fatal error: 'pcap.h' file not found
#include <pcap.h>
         ^~~~~~~~
1 error generated.
configure:3545: $? = 1
configure: failed program was:
| /* confdefs.h */
| #define PACKAGE_NAME ""
| #define PACKAGE_TARNAME ""
| #define PACKAGE_VERSION ""
| #define PACKAGE_STRING ""
| #define PACKAGE_BUGREPORT ""
| #define PACKAGE_URL ""
| #define LINUX 1
| #define STDC_HEADERS 1
| #define HAVE_SYS_TYPES_H 1
| #define HAVE_SYS_STAT_H 1
| #define HAVE_STDLIB_H 1
| #define HAVE_STRING_H 1
| #define HAVE_MEMORY_H 1
| #define HAVE_STRINGS_H 1
| #define HAVE_INTTYPES_H 1
| #define HAVE_STDINT_H 1
| #define HAVE_UNISTD_H 1
| /* end confdefs.h.  */
| #include <pcap.h>
configure:3545: result: no
configure:3545: checking for pcap.h
configure:3545: result: no
configure:3641: checking if PCAP_NETMASK_UNKNOWN is defined/handled by libpcap
configure:3661: /home/default/third_party/llvm-build/Release+Asserts/bin/clang -c -ggdb -O0 -fsanitize=memory -fsanitize-coverage=trace-pc-guard,trace-cmp,trace-div,trace-gep -DHAVE_GETADDRINFO=1 -I/home/default/nmap/libpcap  conftest.c >&5
configure:3661: $? = 0
configure:3674: result: yes
configure:3679: checking linux/version.h usability
configure:3679: /home/default/third_party/llvm-build/Release+Asserts/bin/clang -c -ggdb -O0 -fsanitize=memory -fsanitize-coverage=trace-pc-guard,trace-cmp,trace-div,trace-gep -DHAVE_GETADDRINFO=1 -I/home/default/nmap/libpcap  conftest.c >&5
configure:3679: $? = 0
configure:3679: result: yes
configure:3679: checking linux/version.h presence
configure:3679: /home/default/third_party/llvm-build/Release+Asserts/bin/clang -E -I/home/default/nmap/libpcap  conftest.c
configure:3679: $? = 0
configure:3679: result: yes
configure:3679: checking for linux/version.h
configure:3679: result: yes
configure:3685: checking for Linux epoll(7) interface
configure:3711: /home/default/third_party/llvm-build/Release+Asserts/bin/clang -o conftest -ggdb -O0 -fsanitize=memory -fsanitize-coverage=trace-pc-guard,trace-cmp,trace-div,trace-gep -DHAVE_GETADDRINFO=1 -I/home/default/nmap/libpcap  -DHAVE_LINUX_VERSION_H -L/home/default/nmap/libpcap -fsanitize=memory conftest.c  >&5
configure:3711: $? = 0
configure:3722: result: yes
configure:3732: checking for poll(2)
configure:3748: /home/default/third_party/llvm-build/Release+Asserts/bin/clang -o conftest -ggdb -O0 -fsanitize=memory -fsanitize-coverage=trace-pc-guard,trace-cmp,trace-div,trace-gep -DHAVE_GETADDRINFO=1 -I/home/default/nmap/libpcap  -L/home/default/nmap/libpcap -fsanitize=memory conftest.c  >&5
configure:3748: $? = 0
configure:3758: result: yes
configure:3771: checking for kqueue
configure:3771: /home/default/third_party/llvm-build/Release+Asserts/bin/clang -o conftest -ggdb -O0 -fsanitize=memory -fsanitize-coverage=trace-pc-guard,trace-cmp,trace-div,trace-gep -DHAVE_GETADDRINFO=1 -I/home/default/nmap/libpcap  -L/home/default/nmap/libpcap -fsanitize=memory conftest.c  >&5
/tmp/conftest-6205d4.o: In function `main':
/home/default/nmap/nsock/src/conftest.c:57: undefined reference to `kqueue'
clang: error: linker command failed with exit code 1 (use -v to see invocation)
configure:3771: $? = 1
configure: failed program was:
| /* confdefs.h */
| #define PACKAGE_NAME ""
| #define PACKAGE_TARNAME ""
| #define PACKAGE_VERSION ""
| #define PACKAGE_STRING ""
| #define PACKAGE_BUGREPORT ""
| #define PACKAGE_URL ""
| #define LINUX 1
| #define STDC_HEADERS 1
| #define HAVE_SYS_TYPES_H 1
| #define HAVE_SYS_STAT_H 1
| #define HAVE_STDLIB_H 1
| #define HAVE_STRING_H 1
| #define HAVE_MEMORY_H 1
| #define HAVE_STRINGS_H 1
| #define HAVE_INTTYPES_H 1
| #define HAVE_STDINT_H 1
| #define HAVE_UNISTD_H 1
| #define HAVE_PCAP 1
| #define HAVE_EPOLL 1
| #define HAVE_POLL 1
| /* end confdefs.h.  */
| /* Define kqueue to an innocuous variant, in case <limits.h> declares kqueue.
|    For example, HP-UX 11i <limits.h> declares gettimeofday.  */
| #define kqueue innocuous_kqueue
| 
| /* System header to define __stub macros and hopefully few prototypes,
|     which can conflict with char kqueue (); below.
|     Prefer <limits.h> to <assert.h> if __STDC__ is defined, since
|     <limits.h> exists even on freestanding compilers.  */
| 
| #ifdef __STDC__
| # include <limits.h>
| #else
| # include <assert.h>
| #endif
| 
| #undef kqueue
| 
| /* Override any GCC internal prototype to avoid an error.
|    Use char because int might match the return type of a GCC
|    builtin and then its argument prototype would still apply.  */
| #ifdef __cplusplus
| extern "C"
| #endif
| char kqueue ();
| /* The GNU C library defines this for functions which it implements
|     to always fail with ENOSYS.  Some functions are actually named
|     something starting with __ and the normal name is an alias.  */
| #if defined __stub_kqueue || defined __stub___kqueue
| choke me
| #endif
| 
| int
| main ()
| {
| return kqueue ();
|   ;
|   return 0;
| }
configure:3771: result: no
configure:3771: checking for kevent
configure:3771: /home/default/third_party/llvm-build/Release+Asserts/bin/clang -o conftest -ggdb -O0 -fsanitize=memory -fsanitize-coverage=trace-pc-guard,trace-cmp,trace-div,trace-gep -DHAVE_GETADDRINFO=1 -I/home/default/nmap/libpcap  -L/home/default/nmap/libpcap -fsanitize=memory conftest.c  >&5
/tmp/conftest-a77dda.o: In function `main':
/home/default/nmap/nsock/src/conftest.c:57: undefined reference to `kevent'
clang: error: linker command failed with exit code 1 (use -v to see invocation)
configure:3771: $? = 1
configure: failed program was:
| /* confdefs.h */
| #define PACKAGE_NAME ""
| #define PACKAGE_TARNAME ""
| #define PACKAGE_VERSION ""
| #define PACKAGE_STRING ""
| #define PACKAGE_BUGREPORT ""
| #define PACKAGE_URL ""
| #define LINUX 1
| #define STDC_HEADERS 1
| #define HAVE_SYS_TYPES_H 1
| #define HAVE_SYS_STAT_H 1
| #define HAVE_STDLIB_H 1
| #define HAVE_STRING_H 1
| #define HAVE_MEMORY_H 1
| #define HAVE_STRINGS_H 1
| #define HAVE_INTTYPES_H 1
| #define HAVE_STDINT_H 1
| #define HAVE_UNISTD_H 1
| #define HAVE_PCAP 1
| #define HAVE_EPOLL 1
| #define HAVE_POLL 1
| /* end confdefs.h.  */
| /* Define kevent to an innocuous variant, in case <limits.h> declares kevent.
|    For example, HP-UX 11i <limits.h> declares gettimeofday.  */
| #define kevent innocuous_kevent
| 
| /* System header to define __stub macros and hopefully few prototypes,
|     which can conflict with char kevent (); below.
|     Prefer <limits.h> to <assert.h> if __STDC__ is defined, since
|     <limits.h> exists even on freestanding compilers.  */
| 
| #ifdef __STDC__
| # include <limits.h>
| #else
| # include <assert.h>
| #endif
| 
| #undef kevent
| 
| /* Override any GCC internal prototype to avoid an error.
|    Use char because int might match the return type of a GCC
|    builtin and then its argument prototype would still apply.  */
| #ifdef __cplusplus
| extern "C"
| #endif
| char kevent ();
| /* The GNU C library defines this for functions which it implements
|     to always fail with ENOSYS.  Some functions are actually named
|     something starting with __ and the normal name is an alias.  */
| #if defined __stub_kevent || defined __stub___kevent
| choke me
| #endif
| 
| int
| main ()
| {
| return kevent ();
|   ;
|   return 0;
| }
configure:3771: result: no
configure:3830: checking for gcc
configure:3857: result: /home/default/third_party/llvm-build/Release+Asserts/bin/clang
configure:4086: checking for C compiler version
configure:4095: /home/default/third_party/llvm-build/Release+Asserts/bin/clang --version >&5
clang version 6.0.0 (trunk 310694)
Target: x86_64-unknown-linux-gnu
Thread model: posix
InstalledDir: /home/default/third_party/llvm-build/Release+Asserts/bin
configure:4106: $? = 0
configure:4095: /home/default/third_party/llvm-build/Release+Asserts/bin/clang -v >&5
clang version 6.0.0 (trunk 310694)
Target: x86_64-unknown-linux-gnu
Thread model: posix
InstalledDir: /home/default/third_party/llvm-build/Release+Asserts/bin
Found candidate GCC installation: /usr/lib/gcc/i686-linux-gnu/4.9
Found candidate GCC installation: /usr/lib/gcc/i686-linux-gnu/4.9.3
Found candidate GCC installation: /usr/lib/gcc/x86_64-linux-gnu/4.8
Found candidate GCC installation: /usr/lib/gcc/x86_64-linux-gnu/4.8.4
Found candidate GCC installation: /usr/lib/gcc/x86_64-linux-gnu/4.9
Found candidate GCC installation: /usr/lib/gcc/x86_64-linux-gnu/4.9.3
... rest of stderr output deleted ...
configure:4106: $? = 0
configure:4095: /home/default/third_party/llvm-build/Release+Asserts/bin/clang -V >&5
clang: error: argument to '-V' is missing (expected 1 value)
clang: error: no input files
configure:4106: $? = 1
configure:4095: /home/default/third_party/llvm-build/Release+Asserts/bin/clang -qversion >&5
clang: error: unknown argument: '-qversion'
clang: error: no input files
configure:4106: $? = 1
configure:4110: checking whether we are using the GNU C compiler
configure:4138: result: yes
configure:4147: checking whether /home/default/third_party/llvm-build/Release+Asserts/bin/clang accepts -g
configure:4208: result: yes
configure:4225: checking for /home/default/third_party/llvm-build/Release+Asserts/bin/clang option to accept ISO C89
configure:4301: result: none needed
configure:4367: checking for ranlib
configure:4383: found /usr/bin/ranlib
configure:4394: result: ranlib
configure:4418: checking for gethostent
configure:4418: /home/default/third_party/llvm-build/Release+Asserts/bin/clang -o conftest -ggdb -O0 -fsanitize=memory -fsanitize-coverage=trace-pc-guard,trace-cmp,trace-div,trace-gep -DHAVE_GETADDRINFO=1 -Wall  -I/home/default/nmap/libpcap  -L/home/default/nmap/libpcap -fsanitize=memory conftest.c  >&5
configure:4418: $? = 0
configure:4418: result: yes
configure:4469: checking for setsockopt
configure:4469: /home/default/third_party/llvm-build/Release+Asserts/bin/clang -o conftest -ggdb -O0 -fsanitize=memory -fsanitize-coverage=trace-pc-guard,trace-cmp,trace-div,trace-gep -DHAVE_GETADDRINFO=1 -Wall  -I/home/default/nmap/libpcap  -L/home/default/nmap/libpcap -fsanitize=memory conftest.c  >&5
configure:4469: $? = 0
configure:4469: result: yes
configure:4521: checking for nanosleep
configure:4521: /home/default/third_party/llvm-build/Release+Asserts/bin/clang -o conftest -ggdb -O0 -fsanitize=memory -fsanitize-coverage=trace-pc-guard,trace-cmp,trace-div,trace-gep -DHAVE_GETADDRINFO=1 -Wall  -I/home/default/nmap/libpcap  -L/home/default/nmap/libpcap -fsanitize=memory conftest.c  >&5
configure:4521: $? = 0
configure:4521: result: yes
configure:4573: checking for ANSI C header files
configure:4677: result: yes
configure:4688: checking net/bpf.h usability
configure:4688: /home/default/third_party/llvm-build/Release+Asserts/bin/clang -c -ggdb -O0 -fsanitize=memory -fsanitize-coverage=trace-pc-guard,trace-cmp,trace-div,trace-gep -DHAVE_GETADDRINFO=1 -Wall  -I/home/default/nmap/libpcap  conftest.c >&5
conftest.c:57:10: fatal error: 'net/bpf.h' file not found
#include <net/bpf.h>
         ^~~~~~~~~~~
1 error generated.
configure:4688: $? = 1
configure: failed program was:
| /* confdefs.h */
| #define PACKAGE_NAME ""
| #define PACKAGE_TARNAME ""
| #define PACKAGE_VERSION ""
| #define PACKAGE_STRING ""
| #define PACKAGE_BUGREPORT ""
| #define PACKAGE_URL ""
| #define LINUX 1
| #define STDC_HEADERS 1
| #define HAVE_SYS_TYPES_H 1
| #define HAVE_SYS_STAT_H 1
| #define HAVE_STDLIB_H 1
| #define HAVE_STRING_H 1
| #define HAVE_MEMORY_H 1
| #define HAVE_STRINGS_H 1
| #define HAVE_INTTYPES_H 1
| #define HAVE_STDINT_H 1
| #define HAVE_UNISTD_H 1
| #define HAVE_PCAP 1
| #define HAVE_EPOLL 1
| #define HAVE_POLL 1
| #define STDC_HEADERS 1
| /* end confdefs.h.  */
| #include <stdio.h>
| #ifdef HAVE_SYS_TYPES_H
| # include <sys/types.h>
| #endif
| #ifdef HAVE_SYS_STAT_H
| # include <sys/stat.h>
| #endif
| #ifdef STDC_HEADERS
| # include <stdlib.h>
| # include <stddef.h>
| #else
| # ifdef HAVE_STDLIB_H
| #  include <stdlib.h>
| # endif
| #endif
| #ifdef HAVE_STRING_H
| # if !defined STDC_HEADERS && defined HAVE_MEMORY_H
| #  include <memory.h>
| # endif
| # include <string.h>
| #endif
| #ifdef HAVE_STRINGS_H
| # include <strings.h>
| #endif
| #ifdef HAVE_INTTYPES_H
| # include <inttypes.h>
| #endif
| #ifdef HAVE_STDINT_H
| # include <stdint.h>
| #endif
| #ifdef HAVE_UNISTD_H
| # include <unistd.h>
| #endif
| #include <net/bpf.h>
configure:4688: result: no
configure:4688: checking net/bpf.h presence
configure:4688: /home/default/third_party/llvm-build/Release+Asserts/bin/clang -E -I/home/default/nmap/libpcap  conftest.c
conftest.c:24:10: fatal error: 'net/bpf.h' file not found
#include <net/bpf.h>
         ^~~~~~~~~~~
1 error generated.
configure:4688: $? = 1
configure: failed program was:
| /* confdefs.h */
| #define PACKAGE_NAME ""
| #define PACKAGE_TARNAME ""
| #define PACKAGE_VERSION ""
| #define PACKAGE_STRING ""
| #define PACKAGE_BUGREPORT ""
| #define PACKAGE_URL ""
| #define LINUX 1
| #define STDC_HEADERS 1
| #define HAVE_SYS_TYPES_H 1
| #define HAVE_SYS_STAT_H 1
| #define HAVE_STDLIB_H 1
| #define HAVE_STRING_H 1
| #define HAVE_MEMORY_H 1
| #define HAVE_STRINGS_H 1
| #define HAVE_INTTYPES_H 1
| #define HAVE_STDINT_H 1
| #define HAVE_UNISTD_H 1
| #define HAVE_PCAP 1
| #define HAVE_EPOLL 1
| #define HAVE_POLL 1
| #define STDC_HEADERS 1
| /* end confdefs.h.  */
| #include <net/bpf.h>
configure:4688: result: no
configure:4688: checking for net/bpf.h
configure:4688: result: no
configure:4688: checking sys/ioctl.h usability
configure:4688: /home/default/third_party/llvm-build/Release+Asserts/bin/clang -c -ggdb -O0 -fsanitize=memory -fsanitize-coverage=trace-pc-guard,trace-cmp,trace-div,trace-gep -DHAVE_GETADDRINFO=1 -Wall  -I/home/default/nmap/libpcap  conftest.c >&5
configure:4688: $? = 0
configure:4688: result: yes
configure:4688: checking sys/ioctl.h presence
configure:4688: /home/default/third_party/llvm-build/Release+Asserts/bin/clang -E -I/home/default/nmap/libpcap  conftest.c
configure:4688: $? = 0
configure:4688: result: yes
configure:4688: checking for sys/ioctl.h
configure:4688: result: yes
configure:4688: checking sys/un.h usability
configure:4688: /home/default/third_party/llvm-build/Release+Asserts/bin/clang -c -ggdb -O0 -fsanitize=memory -fsanitize-coverage=trace-pc-guard,trace-cmp,trace-div,trace-gep -DHAVE_GETADDRINFO=1 -Wall  -I/home/default/nmap/libpcap  conftest.c >&5
configure:4688: $? = 0
configure:4688: result: yes
configure:4688: checking sys/un.h presence
configure:4688: /home/default/third_party/llvm-build/Release+Asserts/bin/clang -E -I/home/default/nmap/libpcap  conftest.c
configure:4688: $? = 0
configure:4688: result: yes
configure:4688: checking for sys/un.h
configure:4688: result: yes
configure:4688: checking netdb.h usability
configure:4688: /home/default/third_party/llvm-build/Release+Asserts/bin/clang -c -ggdb -O0 -fsanitize=memory -fsanitize-coverage=trace-pc-guard,trace-cmp,trace-div,trace-gep -DHAVE_GETADDRINFO=1 -Wall  -I/home/default/nmap/libpcap  conftest.c >&5
configure:4688: $? = 0
configure:4688: result: yes
configure:4688: checking netdb.h presence
configure:4688: /home/default/third_party/llvm-build/Release+Asserts/bin/clang -E -I/home/default/nmap/libpcap  conftest.c
configure:4688: $? = 0
configure:4688: result: yes
configure:4688: checking for netdb.h
configure:4688: result: yes
configure:4723: checking openssl/ssl.h usability
configure:4723: /home/default/third_party/llvm-build/Release+Asserts/bin/clang -c -ggdb -O0 -fsanitize=memory -fsanitize-coverage=trace-pc-guard,trace-cmp,trace-div,trace-gep -DHAVE_GETADDRINFO=1 -Wall  -I/home/default/nmap/libpcap  conftest.c >&5
configure:4723: $? = 0
configure:4723: result: yes
configure:4723: checking openssl/ssl.h presence
configure:4723: /home/default/third_party/llvm-build/Release+Asserts/bin/clang -E -I/home/default/nmap/libpcap  conftest.c
configure:4723: $? = 0
configure:4723: result: yes
configure:4723: checking for openssl/ssl.h
configure:4723: result: yes
configure:4740: checking for BIO_int_ctrl in -lcrypto
configure:4765: /home/default/third_party/llvm-build/Release+Asserts/bin/clang -o conftest -ggdb -O0 -fsanitize=memory -fsanitize-coverage=trace-pc-guard,trace-cmp,trace-div,trace-gep -DHAVE_GETADDRINFO=1 -Wall  -I/home/default/nmap/libpcap  -L/home/default/nmap/libpcap -fsanitize=memory conftest.c -lcrypto   >&5
configure:4765: $? = 0
configure:4774: result: yes
configure:4791: checking for SSL_new in -lssl
configure:4816: /home/default/third_party/llvm-build/Release+Asserts/bin/clang -o conftest -ggdb -O0 -fsanitize=memory -fsanitize-coverage=trace-pc-guard,trace-cmp,trace-div,trace-gep -DHAVE_GETADDRINFO=1 -Wall  -I/home/default/nmap/libpcap  -L/home/default/nmap/libpcap -fsanitize=memory conftest.c -lssl  -lcrypto   >&5
configure:4816: $? = 0
configure:4825: result: yes
configure:4842: checking for library containing dlopen
configure:4873: /home/default/third_party/llvm-build/Release+Asserts/bin/clang -o conftest -ggdb -O0 -fsanitize=memory -fsanitize-coverage=trace-pc-guard,trace-cmp,trace-div,trace-gep -DHAVE_GETADDRINFO=1 -Wall  -I/home/default/nmap/libpcap  -L/home/default/nmap/libpcap -fsanitize=memory conftest.c  >&5
configure:4873: $? = 0
configure:4890: result: none required
configure:4906: checking for SSL_set_tlsext_host_name
configure:4919: /home/default/third_party/llvm-build/Release+Asserts/bin/clang -o conftest -ggdb -O0 -fsanitize=memory -fsanitize-coverage=trace-pc-guard,trace-cmp,trace-div,trace-gep -DHAVE_GETADDRINFO=1 -Wall  -I/home/default/nmap/libpcap  -L/home/default/nmap/libpcap -fsanitize=memory conftest.c -lssl -lcrypto  >&5
configure:4919: $? = 0
configure:4920: result: yes
configure:4929: checking for DTLS_client_method
configure:4942: /home/default/third_party/llvm-build/Release+Asserts/bin/clang -o conftest -ggdb -O0 -fsanitize=memory -fsanitize-coverage=trace-pc-guard,trace-cmp,trace-div,trace-gep -DHAVE_GETADDRINFO=1 -Wall  -I/home/default/nmap/libpcap  -L/home/default/nmap/libpcap -fsanitize=memory conftest.c -lssl -lcrypto  >&5
conftest.c:33:1: warning: implicit declaration of function 'DTLS_client_method' is invalid in C99 [-Wimplicit-function-declaration]
DTLS_client_method()
^
1 warning generated.
/tmp/conftest-603e11.o: In function `main':
/home/default/nmap/nsock/src/conftest.c:33: undefined reference to `DTLS_client_method'
clang: error: linker command failed with exit code 1 (use -v to see invocation)
configure:4942: $? = 1
configure: failed program was:
| /* confdefs.h */
| #define PACKAGE_NAME ""
| #define PACKAGE_TARNAME ""
| #define PACKAGE_VERSION ""
| #define PACKAGE_STRING ""
| #define PACKAGE_BUGREPORT ""
| #define PACKAGE_URL ""
| #define LINUX 1
| #define STDC_HEADERS 1
| #define HAVE_SYS_TYPES_H 1
| #define HAVE_SYS_STAT_H 1
| #define HAVE_STDLIB_H 1
| #define HAVE_STRING_H 1
| #define HAVE_MEMORY_H 1
| #define HAVE_STRINGS_H 1
| #define HAVE_INTTYPES_H 1
| #define HAVE_STDINT_H 1
| #define HAVE_UNISTD_H 1
| #define HAVE_PCAP 1
| #define HAVE_EPOLL 1
| #define HAVE_POLL 1
| #define STDC_HEADERS 1
| #define HAVE_SYS_IOCTL_H 1
| #define HAVE_SYS_UN_H 1
| #define HAVE_NETDB_H 1
| #define HAVE_OPENSSL 1
| #define HAVE_SSL_SET_TLSEXT_HOST_NAME 1
| /* end confdefs.h.  */
| #include <openssl/ssl.h>
| int
| main ()
| {
| DTLS_client_method()
|   ;
|   return 0;
| }
configure:4947: result: no
configure:4952: checking for SSL_set_alpn_protos
configure:4965: /home/default/third_party/llvm-build/Release+Asserts/bin/clang -o conftest -ggdb -O0 -fsanitize=memory -fsanitize-coverage=trace-pc-guard,trace-cmp,trace-div,trace-gep -DHAVE_GETADDRINFO=1 -Wall  -I/home/default/nmap/libpcap  -L/home/default/nmap/libpcap -fsanitize=memory conftest.c -lssl -lcrypto  >&5
conftest.c:33:1: warning: implicit declaration of function 'SSL_set_alpn_protos' is invalid in C99 [-Wimplicit-function-declaration]
SSL_set_alpn_protos(NULL, NULL, 0)
^
1 warning generated.
/tmp/conftest-263891.o: In function `main':
/home/default/nmap/nsock/src/conftest.c:33: undefined reference to `SSL_set_alpn_protos'
clang: error: linker command failed with exit code 1 (use -v to see invocation)
configure:4965: $? = 1
configure: failed program was:
| /* confdefs.h */
| #define PACKAGE_NAME ""
| #define PACKAGE_TARNAME ""
| #define PACKAGE_VERSION ""
| #define PACKAGE_STRING ""
| #define PACKAGE_BUGREPORT ""
| #define PACKAGE_URL ""
| #define LINUX 1
| #define STDC_HEADERS 1
| #define HAVE_SYS_TYPES_H 1
| #define HAVE_SYS_STAT_H 1
| #define HAVE_STDLIB_H 1
| #define HAVE_STRING_H 1
| #define HAVE_MEMORY_H 1
| #define HAVE_STRINGS_H 1
| #define HAVE_INTTYPES_H 1
| #define HAVE_STDINT_H 1
| #define HAVE_UNISTD_H 1
| #define HAVE_PCAP 1
| #define HAVE_EPOLL 1
| #define HAVE_POLL 1
| #define STDC_HEADERS 1
| #define HAVE_SYS_IOCTL_H 1
| #define HAVE_SYS_UN_H 1
| #define HAVE_NETDB_H 1
| #define HAVE_OPENSSL 1
| #define HAVE_SSL_SET_TLSEXT_HOST_NAME 1
| /* end confdefs.h.  */
| #include <openssl/ssl.h>
| int
| main ()
| {
| SSL_set_alpn_protos(NULL, NULL, 0)
|   ;
|   return 0;
| }
configure:4970: result: no
configure:5124: creating ./config.status

## ---------------------- ##
## Running config.status. ##
## ---------------------- ##

This file was extended by config.status, which was
generated by GNU Autoconf 2.69.  Invocation command line was

  CONFIG_FILES    = 
  CONFIG_HEADERS  = 
  CONFIG_LINKS    = 
  CONFIG_COMMANDS = 
  $ ./config.status 

on default-virtual-machine

config.status:823: creating Makefile
config.status:823: creating ../tests/Makefile
config.status:823: creating ../include/nsock_config.h
config.status:993: ../include/nsock_config.h is unchanged

## ---------------- ##
## Cache variables. ##
## ---------------- ##

ac_cv_build=x86_64-unknown-linux-gnu
ac_cv_c_compiler_gnu=yes
ac_cv_env_CC_set=set
ac_cv_env_CC_value=/home/default/third_party/llvm-build/Release+Asserts/bin/clang
ac_cv_env_CFLAGS_set=set
ac_cv_env_CFLAGS_value='-ggdb -O0 -fsanitize=memory -fsanitize-coverage=trace-pc-guard,trace-cmp,trace-div,trace-gep -DHAVE_GETADDRINFO=1'
ac_cv_env_CPPFLAGS_set=
ac_cv_env_CPPFLAGS_value=
ac_cv_env_CPP_set=
ac_cv_env_CPP_value=
ac_cv_env_LDFLAGS_set=set
ac_cv_env_LDFLAGS_value=-fsanitize=memory
ac_cv_env_LIBS_set=
ac_cv_env_LIBS_value=
ac_cv_env_build_alias_set=
ac_cv_env_build_alias_value=
ac_cv_env_host_alias_set=
ac_cv_env_host_alias_value=
ac_cv_env_target_alias_set=
ac_cv_env_target_alias_value=
ac_cv_func_gethostent=yes
ac_cv_func_kevent=no
ac_cv_func_kqueue=no
ac_cv_func_nanosleep=yes
ac_cv_func_setsockopt=yes
ac_cv_have_pcap_netmask_unknown=yes
ac_cv_header_inttypes_h=yes
ac_cv_header_linux_version_h=yes
ac_cv_header_memory_h=yes
ac_cv_header_net_bpf_h=no
ac_cv_header_netdb_h=yes
ac_cv_header_openssl_ssl_h=yes
ac_cv_header_pcap_h=no
ac_cv_header_stdc=yes
ac_cv_header_stdint_h=yes
ac_cv_header_stdlib_h=yes
ac_cv_header_string_h=yes
ac_cv_header_strings_h=yes
ac_cv_header_sys_ioctl_h=yes
ac_cv_header_sys_stat_h=yes
ac_cv_header_sys_types_h=yes
ac_cv_header_sys_un_h=yes
ac_cv_header_unistd_h=yes
ac_cv_host=x86_64-unknown-linux-gnu
ac_cv_lib_crypto_BIO_int_ctrl=yes
ac_cv_lib_ssl_SSL_new=yes
ac_cv_objext=o
ac_cv_path_EGREP='/bin/grep -E'
ac_cv_path_GREP=/bin/grep
ac_cv_prog_CPP='/home/default/third_party/llvm-build/Release+Asserts/bin/clang -E'
ac_cv_prog_ac_ct_CC=/home/default/third_party/llvm-build/Release+Asserts/bin/clang
ac_cv_prog_ac_ct_RANLIB=ranlib
ac_cv_prog_cc_c89=
ac_cv_prog_cc_g=yes
ac_cv_search_dlopen='none required'
ax_cv_have_epoll=yes
ax_cv_have_poll=yes

## ----------------- ##
## Output variables. ##
## ----------------- ##

CC='/home/default/third_party/llvm-build/Release+Asserts/bin/clang'
CFLAGS='-ggdb -O0 -fsanitize=memory -fsanitize-coverage=trace-pc-guard,trace-cmp,trace-div,trace-gep -DHAVE_GETADDRINFO=1 -Wall '
CPP='/home/default/third_party/llvm-build/Release+Asserts/bin/clang -E'
CPPFLAGS='-I/home/default/nmap/libpcap  -I/home/default/nmap/nbase'
DEFS='-DHAVE_CONFIG_H'
ECHO_C=''
ECHO_N='-n'
ECHO_T=''
EGREP='/bin/grep -E'
EXEEXT=''
GREP='/bin/grep'
LDFLAGS='-L/home/default/nmap/libpcap -fsanitize=memory -L/home/default/nmap/nbase'
LIBNBASE_LIBS=' -lnbase'
LIBOBJS=''
LIBPCAP_LIBS='/home/default/nmap/libpcap/libpcap.a'
LIBS=''
LTLIBOBJS=''
NBASEDIR='/home/default/nmap/nbase'
NSOCKTESTDIR='../tests'
OBJEXT='o'
OPENSSL_LIBS='-lssl -lcrypto'
PACKAGE_BUGREPORT=''
PACKAGE_NAME=''
PACKAGE_STRING=''
PACKAGE_TARNAME=''
PACKAGE_URL=''
PACKAGE_VERSION=''
PATH_SEPARATOR=':'
RANLIB='ranlib'
SHELL='/bin/bash'
ac_ct_CC='/home/default/third_party/llvm-build/Release+Asserts/bin/clang'
bindir='${exec_prefix}/bin'
build='x86_64-unknown-linux-gnu'
build_alias=''
build_cpu='x86_64'
build_os='linux-gnu'
build_vendor='unknown'
datadir='${datarootdir}'
datarootdir='${prefix}/share'
docdir='${datarootdir}/doc/${PACKAGE}'
dvidir='${docdir}'
exec_prefix='${prefix}'
host='x86_64-unknown-linux-gnu'
host_alias=''
host_cpu='x86_64'
host_os='linux-gnu'
host_vendor='unknown'
htmldir='${docdir}'
includedir='${prefix}/include'
infodir='${datarootdir}/info'
libdir='${exec_prefix}/lib'
libexecdir='${exec_prefix}/libexec'
localedir='${datarootdir}/locale'
localstatedir='${prefix}/var'
mandir='${datarootdir}/man'
oldincludedir='/usr/include'
pdfdir='${docdir}'
prefix='/usr/local'
program_transform_name='s,x,x,'
psdir='${docdir}'
runstatedir='${localstatedir}/run'
sbindir='${exec_prefix}/sbin'
sharedstatedir='${prefix}/com'
sysconfdir='${prefix}/etc'
target_alias=''

## ----------- ##
## confdefs.h. ##
## ----------- ##

/* confdefs.h */
#define PACKAGE_NAME ""
#define PACKAGE_TARNAME ""
#define PACKAGE_VERSION ""
#define PACKAGE_STRING ""
#define PACKAGE_BUGREPORT ""
#define PACKAGE_URL ""
#define LINUX 1
#define STDC_HEADERS 1
#define HAVE_SYS_TYPES_H 1
#define HAVE_SYS_STAT_H 1
#define HAVE_STDLIB_H 1
#define HAVE_STRING_H 1
#define HAVE_MEMORY_H 1
#define HAVE_STRINGS_H 1
#define HAVE_INTTYPES_H 1
#define HAVE_STDINT_H 1
#define HAVE_UNISTD_H 1
#define HAVE_PCAP 1
#define HAVE_EPOLL 1
#define HAVE_POLL 1
#define STDC_HEADERS 1
#define HAVE_SYS_IOCTL_H 1
#define HAVE_SYS_UN_H 1
#define HAVE_NETDB_H 1
#define HAVE_OPENSSL 1
#define HAVE_SSL_SET_TLSEXT_HOST_NAME 1

configure: exit 0
