This file contains any messages produced by compilers while
running configure, to aid debugging if configure makes a mistake.

It was created by configure, which was
generated by GNU Autoconf 2.69.  Invocation command line was

  $ ./configure 

## --------- ##
## Platform. ##
## --------- ##

hostname = default-virtual-machine
uname -m = x86_64
uname -r = 4.4.0-31-generic
uname -s = Linux
uname -v = #50~14.04.1-Ubuntu SMP Wed Jul 13 01:07:32 UTC 2016

/usr/bin/uname -p = unknown
/bin/uname -X     = unknown

/bin/arch              = unknown
/usr/bin/arch -k       = unknown
/usr/convex/getsysinfo = unknown
/usr/bin/hostinfo      = unknown
/bin/machine           = unknown
/usr/bin/oslevel       = unknown
/bin/universe          = unknown

PATH: /usr/local/sbin
PATH: /usr/local/bin
PATH: /usr/sbin
PATH: /usr/bin
PATH: /sbin
PATH: /bin


## ----------- ##
## Core tests. ##
## ----------- ##

configure:2413: checking whether NLS is requested
configure:2422: result: yes
configure:2512: checking build system type
configure:2526: result: x86_64-unknown-linux-gnu
configure:2546: checking host system type
configure:2559: result: x86_64-unknown-linux-gnu
configure:2627: checking for gcc
configure:2654: result: /home/default/third_party/llvm-build/Release+Asserts/bin/clang
configure:2883: checking for C compiler version
configure:2892: /home/default/third_party/llvm-build/Release+Asserts/bin/clang --version >&5
clang version 6.0.0 (trunk 310694)
Target: x86_64-unknown-linux-gnu
Thread model: posix
InstalledDir: /home/default/third_party/llvm-build/Release+Asserts/bin
configure:2903: $? = 0
configure:2892: /home/default/third_party/llvm-build/Release+Asserts/bin/clang -v >&5
clang version 6.0.0 (trunk 310694)
Target: x86_64-unknown-linux-gnu
Thread model: posix
InstalledDir: /home/default/third_party/llvm-build/Release+Asserts/bin
Found candidate GCC installation: /usr/lib/gcc/i686-linux-gnu/4.9
Found candidate GCC installation: /usr/lib/gcc/i686-linux-gnu/4.9.3
Found candidate GCC installation: /usr/lib/gcc/x86_64-linux-gnu/4.8
Found candidate GCC installation: /usr/lib/gcc/x86_64-linux-gnu/4.8.4
Found candidate GCC installation: /usr/lib/gcc/x86_64-linux-gnu/4.9
Found candidate GCC installation: /usr/lib/gcc/x86_64-linux-gnu/4.9.3
... rest of stderr output deleted ...
configure:2903: $? = 0
configure:2892: /home/default/third_party/llvm-build/Release+Asserts/bin/clang -V >&5
clang: error: argument to '-V' is missing (expected 1 value)
clang: error: no input files
configure:2903: $? = 1
configure:2892: /home/default/third_party/llvm-build/Release+Asserts/bin/clang -qversion >&5
clang: error: unknown argument: '-qversion'
clang: error: no input files
configure:2903: $? = 1
configure:2923: checking whether the C compiler works
configure:2945: /home/default/third_party/llvm-build/Release+Asserts/bin/clang -ggdb -O0 -fsanitize=memory -fsanitize-coverage=trace-pc-guard,trace-cmp,trace-div,trace-gep -DHAVE_GETADDRINFO=1  -fsanitize=memory conftest.c  >&5
configure:2949: $? = 0
configure:2997: result: yes
configure:3000: checking for C compiler default output file name
configure:3002: result: a.out
configure:3008: checking for suffix of executables
configure:3015: /home/default/third_party/llvm-build/Release+Asserts/bin/clang -o conftest -ggdb -O0 -fsanitize=memory -fsanitize-coverage=trace-pc-guard,trace-cmp,trace-div,trace-gep -DHAVE_GETADDRINFO=1  -fsanitize=memory conftest.c  >&5
configure:3019: $? = 0
configure:3041: result: 
configure:3063: checking whether we are cross compiling
configure:3071: /home/default/third_party/llvm-build/Release+Asserts/bin/clang -o conftest -ggdb -O0 -fsanitize=memory -fsanitize-coverage=trace-pc-guard,trace-cmp,trace-div,trace-gep -DHAVE_GETADDRINFO=1  -fsanitize=memory conftest.c  >&5
configure:3075: $? = 0
configure:3082: ./conftest
configure:3086: $? = 0
configure:3101: result: no
configure:3106: checking for suffix of object files
configure:3128: /home/default/third_party/llvm-build/Release+Asserts/bin/clang -c -ggdb -O0 -fsanitize=memory -fsanitize-coverage=trace-pc-guard,trace-cmp,trace-div,trace-gep -DHAVE_GETADDRINFO=1  conftest.c >&5
configure:3132: $? = 0
configure:3153: result: o
configure:3157: checking whether we are using the GNU C compiler
configure:3176: /home/default/third_party/llvm-build/Release+Asserts/bin/clang -c -ggdb -O0 -fsanitize=memory -fsanitize-coverage=trace-pc-guard,trace-cmp,trace-div,trace-gep -DHAVE_GETADDRINFO=1  conftest.c >&5
configure:3176: $? = 0
configure:3185: result: yes
configure:3194: checking whether /home/default/third_party/llvm-build/Release+Asserts/bin/clang accepts -g
configure:3214: /home/default/third_party/llvm-build/Release+Asserts/bin/clang -c -g  conftest.c >&5
configure:3214: $? = 0
configure:3255: result: yes
configure:3272: checking for /home/default/third_party/llvm-build/Release+Asserts/bin/clang option to accept ISO C89
configure:3335: /home/default/third_party/llvm-build/Release+Asserts/bin/clang  -c -ggdb -O0 -fsanitize=memory -fsanitize-coverage=trace-pc-guard,trace-cmp,trace-div,trace-gep -DHAVE_GETADDRINFO=1  conftest.c >&5
configure:3335: $? = 0
configure:3348: result: none needed
configure:3369: checking for inline
configure:3385: /home/default/third_party/llvm-build/Release+Asserts/bin/clang -c -ggdb -O0 -fsanitize=memory -fsanitize-coverage=trace-pc-guard,trace-cmp,trace-div,trace-gep -DHAVE_GETADDRINFO=1  conftest.c >&5
configure:3385: $? = 0
configure:3393: result: inline
configure:3460: checking for gcc
configure:3487: result: /home/default/third_party/llvm-build/Release+Asserts/bin/clang
configure:3716: checking for C compiler version
configure:3725: /home/default/third_party/llvm-build/Release+Asserts/bin/clang --version >&5
clang version 6.0.0 (trunk 310694)
Target: x86_64-unknown-linux-gnu
Thread model: posix
InstalledDir: /home/default/third_party/llvm-build/Release+Asserts/bin
configure:3736: $? = 0
configure:3725: /home/default/third_party/llvm-build/Release+Asserts/bin/clang -v >&5
clang version 6.0.0 (trunk 310694)
Target: x86_64-unknown-linux-gnu
Thread model: posix
InstalledDir: /home/default/third_party/llvm-build/Release+Asserts/bin
Found candidate GCC installation: /usr/lib/gcc/i686-linux-gnu/4.9
Found candidate GCC installation: /usr/lib/gcc/i686-linux-gnu/4.9.3
Found candidate GCC installation: /usr/lib/gcc/x86_64-linux-gnu/4.8
Found candidate GCC installation: /usr/lib/gcc/x86_64-linux-gnu/4.8.4
Found candidate GCC installation: /usr/lib/gcc/x86_64-linux-gnu/4.9
Found candidate GCC installation: /usr/lib/gcc/x86_64-linux-gnu/4.9.3
... rest of stderr output deleted ...
configure:3736: $? = 0
configure:3725: /home/default/third_party/llvm-build/Release+Asserts/bin/clang -V >&5
clang: error: argument to '-V' is missing (expected 1 value)
clang: error: no input files
configure:3736: $? = 1
configure:3725: /home/default/third_party/llvm-build/Release+Asserts/bin/clang -qversion >&5
clang: error: unknown argument: '-qversion'
clang: error: no input files
configure:3736: $? = 1
configure:3740: checking whether we are using the GNU C compiler
configure:3768: result: yes
configure:3777: checking whether /home/default/third_party/llvm-build/Release+Asserts/bin/clang accepts -g
configure:3838: result: yes
configure:3855: checking for /home/default/third_party/llvm-build/Release+Asserts/bin/clang option to accept ISO C89
configure:3931: result: none needed
configure:4063: checking for C++ compiler version
configure:4072: /home/default/third_party/llvm-build/Release+Asserts/bin/clang++ --version >&5
clang version 6.0.0 (trunk 310694)
Target: x86_64-unknown-linux-gnu
Thread model: posix
InstalledDir: /home/default/third_party/llvm-build/Release+Asserts/bin
configure:4083: $? = 0
configure:4072: /home/default/third_party/llvm-build/Release+Asserts/bin/clang++ -v >&5
clang version 6.0.0 (trunk 310694)
Target: x86_64-unknown-linux-gnu
Thread model: posix
InstalledDir: /home/default/third_party/llvm-build/Release+Asserts/bin
Found candidate GCC installation: /usr/lib/gcc/i686-linux-gnu/4.9
Found candidate GCC installation: /usr/lib/gcc/i686-linux-gnu/4.9.3
Found candidate GCC installation: /usr/lib/gcc/x86_64-linux-gnu/4.8
Found candidate GCC installation: /usr/lib/gcc/x86_64-linux-gnu/4.8.4
Found candidate GCC installation: /usr/lib/gcc/x86_64-linux-gnu/4.9
Found candidate GCC installation: /usr/lib/gcc/x86_64-linux-gnu/4.9.3
... rest of stderr output deleted ...
configure:4083: $? = 0
configure:4072: /home/default/third_party/llvm-build/Release+Asserts/bin/clang++ -V >&5
clang: error: argument to '-V' is missing (expected 1 value)
clang: error: no input files
configure:4083: $? = 1
configure:4072: /home/default/third_party/llvm-build/Release+Asserts/bin/clang++ -qversion >&5
clang: error: unknown argument: '-qversion'
clang: error: no input files
configure:4083: $? = 1
configure:4087: checking whether we are using the GNU C++ compiler
configure:4106: /home/default/third_party/llvm-build/Release+Asserts/bin/clang++ -c -ggdb -O0 -fsanitize=memory -fsanitize-coverage=trace-pc-guard,trace-cmp,trace-div,trace-gep -DHAVE_GETADDRINFO=1  conftest.cpp >&5
configure:4106: $? = 0
configure:4115: result: yes
configure:4124: checking whether /home/default/third_party/llvm-build/Release+Asserts/bin/clang++ accepts -g
configure:4144: /home/default/third_party/llvm-build/Release+Asserts/bin/clang++ -c -g  conftest.cpp >&5
configure:4144: $? = 0
configure:4185: result: yes
configure:4251: checking for ranlib
configure:4267: found /usr/bin/ranlib
configure:4278: result: ranlib
configure:4314: checking for a BSD-compatible install
configure:4382: result: /usr/bin/install -c
configure:4397: checking for gawk
configure:4427: result: no
configure:4397: checking for mawk
configure:4413: found /usr/bin/mawk
configure:4424: result: mawk
configure:4446: checking for __func__
configure:4462: /home/default/third_party/llvm-build/Release+Asserts/bin/clang -c -ggdb -O0 -fsanitize=memory -fsanitize-coverage=trace-pc-guard,trace-cmp,trace-div,trace-gep -DHAVE_GETADDRINFO=1 -Wall  conftest.c >&5
configure:4462: $? = 0
configure:4469: result: yes
configure:4554: checking for strip
configure:4572: found /usr/bin/strip
configure:4584: result: /usr/bin/strip
configure:4958: checking how to run the C preprocessor
configure:4989: /home/default/third_party/llvm-build/Release+Asserts/bin/clang -E  conftest.c
configure:4989: $? = 0
configure:5003: /home/default/third_party/llvm-build/Release+Asserts/bin/clang -E  conftest.c
conftest.c:10:10: fatal error: 'ac_nonexistent.h' file not found
#include <ac_nonexistent.h>
         ^~~~~~~~~~~~~~~~~~
1 error generated.
configure:5003: $? = 1
configure: failed program was:
| /* confdefs.h */
| #define PACKAGE_NAME ""
| #define PACKAGE_TARNAME ""
| #define PACKAGE_VERSION ""
| #define PACKAGE_STRING ""
| #define PACKAGE_BUGREPORT ""
| #define PACKAGE_URL ""
| #define LINUX 1
| /* end confdefs.h.  */
| #include <ac_nonexistent.h>
configure:5028: result: /home/default/third_party/llvm-build/Release+Asserts/bin/clang -E
configure:5048: /home/default/third_party/llvm-build/Release+Asserts/bin/clang -E  conftest.c
configure:5048: $? = 0
configure:5062: /home/default/third_party/llvm-build/Release+Asserts/bin/clang -E  conftest.c
conftest.c:10:10: fatal error: 'ac_nonexistent.h' file not found
#include <ac_nonexistent.h>
         ^~~~~~~~~~~~~~~~~~
1 error generated.
configure:5062: $? = 1
configure: failed program was:
| /* confdefs.h */
| #define PACKAGE_NAME ""
| #define PACKAGE_TARNAME ""
| #define PACKAGE_VERSION ""
| #define PACKAGE_STRING ""
| #define PACKAGE_BUGREPORT ""
| #define PACKAGE_URL ""
| #define LINUX 1
| /* end confdefs.h.  */
| #include <ac_nonexistent.h>
configure:5091: checking for grep that handles long lines and -e
configure:5149: result: /bin/grep
configure:5154: checking for egrep
configure:5216: result: /bin/grep -E
configure:5221: checking for ANSI C header files
configure:5241: /home/default/third_party/llvm-build/Release+Asserts/bin/clang -c -ggdb -O0 -fsanitize=memory -fsanitize-coverage=trace-pc-guard,trace-cmp,trace-div,trace-gep -DHAVE_GETADDRINFO=1 -Wall  conftest.c >&5
configure:5241: $? = 0
configure:5314: /home/default/third_party/llvm-build/Release+Asserts/bin/clang -o conftest -ggdb -O0 -fsanitize=memory -fsanitize-coverage=trace-pc-guard,trace-cmp,trace-div,trace-gep -DHAVE_GETADDRINFO=1 -Wall  -Wl,-E -fsanitize=memory conftest.c  >&5
configure:5314: $? = 0
configure:5314: ./conftest
configure:5314: $? = 0
configure:5325: result: yes
configure:5338: checking for sys/types.h
configure:5338: /home/default/third_party/llvm-build/Release+Asserts/bin/clang -c -ggdb -O0 -fsanitize=memory -fsanitize-coverage=trace-pc-guard,trace-cmp,trace-div,trace-gep -DHAVE_GETADDRINFO=1 -Wall  conftest.c >&5
configure:5338: $? = 0
configure:5338: result: yes
configure:5338: checking for sys/stat.h
configure:5338: /home/default/third_party/llvm-build/Release+Asserts/bin/clang -c -ggdb -O0 -fsanitize=memory -fsanitize-coverage=trace-pc-guard,trace-cmp,trace-div,trace-gep -DHAVE_GETADDRINFO=1 -Wall  conftest.c >&5
configure:5338: $? = 0
configure:5338: result: yes
configure:5338: checking for stdlib.h
configure:5338: /home/default/third_party/llvm-build/Release+Asserts/bin/clang -c -ggdb -O0 -fsanitize=memory -fsanitize-coverage=trace-pc-guard,trace-cmp,trace-div,trace-gep -DHAVE_GETADDRINFO=1 -Wall  conftest.c >&5
configure:5338: $? = 0
configure:5338: result: yes
configure:5338: checking for string.h
configure:5338: /home/default/third_party/llvm-build/Release+Asserts/bin/clang -c -ggdb -O0 -fsanitize=memory -fsanitize-coverage=trace-pc-guard,trace-cmp,trace-div,trace-gep -DHAVE_GETADDRINFO=1 -Wall  conftest.c >&5
configure:5338: $? = 0
configure:5338: result: yes
configure:5338: checking for memory.h
configure:5338: /home/default/third_party/llvm-build/Release+Asserts/bin/clang -c -ggdb -O0 -fsanitize=memory -fsanitize-coverage=trace-pc-guard,trace-cmp,trace-div,trace-gep -DHAVE_GETADDRINFO=1 -Wall  conftest.c >&5
configure:5338: $? = 0
configure:5338: result: yes
configure:5338: checking for strings.h
configure:5338: /home/default/third_party/llvm-build/Release+Asserts/bin/clang -c -ggdb -O0 -fsanitize=memory -fsanitize-coverage=trace-pc-guard,trace-cmp,trace-div,trace-gep -DHAVE_GETADDRINFO=1 -Wall  conftest.c >&5
configure:5338: $? = 0
configure:5338: result: yes
configure:5338: checking for inttypes.h
configure:5338: /home/default/third_party/llvm-build/Release+Asserts/bin/clang -c -ggdb -O0 -fsanitize=memory -fsanitize-coverage=trace-pc-guard,trace-cmp,trace-div,trace-gep -DHAVE_GETADDRINFO=1 -Wall  conftest.c >&5
configure:5338: $? = 0
configure:5338: result: yes
configure:5338: checking for stdint.h
configure:5338: /home/default/third_party/llvm-build/Release+Asserts/bin/clang -c -ggdb -O0 -fsanitize=memory -fsanitize-coverage=trace-pc-guard,trace-cmp,trace-div,trace-gep -DHAVE_GETADDRINFO=1 -Wall  conftest.c >&5
configure:5338: $? = 0
configure:5338: result: yes
configure:5338: checking for unistd.h
configure:5338: /home/default/third_party/llvm-build/Release+Asserts/bin/clang -c -ggdb -O0 -fsanitize=memory -fsanitize-coverage=trace-pc-guard,trace-cmp,trace-div,trace-gep -DHAVE_GETADDRINFO=1 -Wall  conftest.c >&5
configure:5338: $? = 0
configure:5338: result: yes
configure:5353: checking pwd.h usability
configure:5353: /home/default/third_party/llvm-build/Release+Asserts/bin/clang -c -ggdb -O0 -fsanitize=memory -fsanitize-coverage=trace-pc-guard,trace-cmp,trace-div,trace-gep -DHAVE_GETADDRINFO=1 -Wall  conftest.c >&5
configure:5353: $? = 0
configure:5353: result: yes
configure:5353: checking pwd.h presence
configure:5353: /home/default/third_party/llvm-build/Release+Asserts/bin/clang -E  conftest.c
configure:5353: $? = 0
configure:5353: result: yes
configure:5353: checking for pwd.h
configure:5353: result: yes
configure:5353: checking termios.h usability
configure:5353: /home/default/third_party/llvm-build/Release+Asserts/bin/clang -c -ggdb -O0 -fsanitize=memory -fsanitize-coverage=trace-pc-guard,trace-cmp,trace-div,trace-gep -DHAVE_GETADDRINFO=1 -Wall  conftest.c >&5
configure:5353: $? = 0
configure:5353: result: yes
configure:5353: checking termios.h presence
configure:5353: /home/default/third_party/llvm-build/Release+Asserts/bin/clang -E  conftest.c
configure:5353: $? = 0
configure:5353: result: yes
configure:5353: checking for termios.h
configure:5353: result: yes
configure:5353: checking sys/sockio.h usability
configure:5353: /home/default/third_party/llvm-build/Release+Asserts/bin/clang -c -ggdb -O0 -fsanitize=memory -fsanitize-coverage=trace-pc-guard,trace-cmp,trace-div,trace-gep -DHAVE_GETADDRINFO=1 -Wall  conftest.c >&5
conftest.c:55:10: fatal error: 'sys/sockio.h' file not found
#include <sys/sockio.h>
         ^~~~~~~~~~~~~~
1 error generated.
configure:5353: $? = 1
configure: failed program was:
| /* confdefs.h */
| #define PACKAGE_NAME ""
| #define PACKAGE_TARNAME ""
| #define PACKAGE_VERSION ""
| #define PACKAGE_STRING ""
| #define PACKAGE_BUGREPORT ""
| #define PACKAGE_URL ""
| #define LINUX 1
| #define STDC_HEADERS 1
| #define HAVE_SYS_TYPES_H 1
| #define HAVE_SYS_STAT_H 1
| #define HAVE_STDLIB_H 1
| #define HAVE_STRING_H 1
| #define HAVE_MEMORY_H 1
| #define HAVE_STRINGS_H 1
| #define HAVE_INTTYPES_H 1
| #define HAVE_STDINT_H 1
| #define HAVE_UNISTD_H 1
| #define HAVE_PWD_H 1
| #define HAVE_TERMIOS_H 1
| /* end confdefs.h.  */
| #include <stdio.h>
| #ifdef HAVE_SYS_TYPES_H
| # include <sys/types.h>
| #endif
| #ifdef HAVE_SYS_STAT_H
| # include <sys/stat.h>
| #endif
| #ifdef STDC_HEADERS
| # include <stdlib.h>
| # include <stddef.h>
| #else
| # ifdef HAVE_STDLIB_H
| #  include <stdlib.h>
| # endif
| #endif
| #ifdef HAVE_STRING_H
| # if !defined STDC_HEADERS && defined HAVE_MEMORY_H
| #  include <memory.h>
| # endif
| # include <string.h>
| #endif
| #ifdef HAVE_STRINGS_H
| # include <strings.h>
| #endif
| #ifdef HAVE_INTTYPES_H
| # include <inttypes.h>
| #endif
| #ifdef HAVE_STDINT_H
| # include <stdint.h>
| #endif
| #ifdef HAVE_UNISTD_H
| # include <unistd.h>
| #endif
| #include <sys/sockio.h>
configure:5353: result: no
configure:5353: checking sys/sockio.h presence
configure:5353: /home/default/third_party/llvm-build/Release+Asserts/bin/clang -E  conftest.c
conftest.c:22:10: fatal error: 'sys/sockio.h' file not found
#include <sys/sockio.h>
         ^~~~~~~~~~~~~~
1 error generated.
configure:5353: $? = 1
configure: failed program was:
| /* confdefs.h */
| #define PACKAGE_NAME ""
| #define PACKAGE_TARNAME ""
| #define PACKAGE_VERSION ""
| #define PACKAGE_STRING ""
| #define PACKAGE_BUGREPORT ""
| #define PACKAGE_URL ""
| #define LINUX 1
| #define STDC_HEADERS 1
| #define HAVE_SYS_TYPES_H 1
| #define HAVE_SYS_STAT_H 1
| #define HAVE_STDLIB_H 1
| #define HAVE_STRING_H 1
| #define HAVE_MEMORY_H 1
| #define HAVE_STRINGS_H 1
| #define HAVE_INTTYPES_H 1
| #define HAVE_STDINT_H 1
| #define HAVE_UNISTD_H 1
| #define HAVE_PWD_H 1
| #define HAVE_TERMIOS_H 1
| /* end confdefs.h.  */
| #include <sys/sockio.h>
configure:5353: result: no
configure:5353: checking for sys/sockio.h
configure:5353: result: no
configure:5353: checking for stdint.h
configure:5353: result: yes
configure:5365: checking for linux/rtnetlink.h
configure:5365: /home/default/third_party/llvm-build/Release+Asserts/bin/clang -c -ggdb -O0 -fsanitize=memory -fsanitize-coverage=trace-pc-guard,trace-cmp,trace-div,trace-gep -DHAVE_GETADDRINFO=1 -Wall  conftest.c >&5
configure:5365: $? = 0
configure:5365: result: yes
configure:5378: checking sys/socket.h usability
configure:5378: /home/default/third_party/llvm-build/Release+Asserts/bin/clang -c -ggdb -O0 -fsanitize=memory -fsanitize-coverage=trace-pc-guard,trace-cmp,trace-div,trace-gep -DHAVE_GETADDRINFO=1 -Wall  conftest.c >&5
configure:5378: $? = 0
configure:5378: result: yes
configure:5378: checking sys/socket.h presence
configure:5378: /home/default/third_party/llvm-build/Release+Asserts/bin/clang -E  conftest.c
configure:5378: $? = 0
configure:5378: result: yes
configure:5378: checking for sys/socket.h
configure:5378: result: yes
configure:5390: checking for net/if.h
configure:5390: /home/default/third_party/llvm-build/Release+Asserts/bin/clang -c -ggdb -O0 -fsanitize=memory -fsanitize-coverage=trace-pc-guard,trace-cmp,trace-div,trace-gep -DHAVE_GETADDRINFO=1 -Wall  conftest.c >&5
configure:5390: $? = 0
configure:5390: result: yes
configure:5414: checking for library containing setsockopt
configure:5445: /home/default/third_party/llvm-build/Release+Asserts/bin/clang -o conftest -ggdb -O0 -fsanitize=memory -fsanitize-coverage=trace-pc-guard,trace-cmp,trace-div,trace-gep -DHAVE_GETADDRINFO=1 -Wall  -Wl,-E -fsanitize=memory conftest.c  >&5
configure:5445: $? = 0
configure:5462: result: none required
configure:5470: checking for library containing gethostbyname
configure:5501: /home/default/third_party/llvm-build/Release+Asserts/bin/clang -o conftest -ggdb -O0 -fsanitize=memory -fsanitize-coverage=trace-pc-guard,trace-cmp,trace-div,trace-gep -DHAVE_GETADDRINFO=1 -Wall  -Wl,-E -fsanitize=memory conftest.c  >&5
configure:5501: $? = 0
configure:5518: result: none required
configure:5528: checking if AF_INET6 IPPROTO_RAW sockets include the packet header
configure:5536: result: yes
configure:5580: checking for a Python interpreter with version >= 2.4
configure:5597: python2 -c import sys # split strings by '.' and convert to numeric. Append some zeros # because we need at least 4 digits for the hex conversion. # map returns an iterator in Python 3.0 and a list in 2.x minver = list(map(int, '2.4'.split('.'))) + [0, 0, 0] minverhex = 0 # xrange is not present in Python 3.0 and range returns an iterator for i in list(range(0, 4)): minverhex = (minverhex << 8) + minver[i] sys.exit(sys.hexversion < minverhex)
configure:5600: $? = 0
configure:5606: result: python2
configure:5614: checking for python2
configure:5632: found /usr/bin/python2
configure:5644: result: /usr/bin/python2
configure:5662: checking for python2 version
configure:5669: result: 2.7
configure:5681: checking for python2 platform
configure:5688: result: linux2
configure:5695: checking for python2 script directory
configure:5723: result: ${prefix}/lib/python2.7/dist-packages
configure:5732: checking for python2 extension module directory
configure:5760: result: ${exec_prefix}/lib/python2.7/dist-packages
configure:5940: checking openssl/ssl.h usability
configure:5940: /home/default/third_party/llvm-build/Release+Asserts/bin/clang -c -ggdb -O0 -fsanitize=memory -fsanitize-coverage=trace-pc-guard,trace-cmp,trace-div,trace-gep -DHAVE_GETADDRINFO=1 -Wall  conftest.c >&5
configure:5940: $? = 0
configure:5940: result: yes
configure:5940: checking openssl/ssl.h presence
configure:5940: /home/default/third_party/llvm-build/Release+Asserts/bin/clang -E  conftest.c
configure:5940: $? = 0
configure:5940: result: yes
configure:5940: checking for openssl/ssl.h
configure:5940: result: yes
configure:5957: checking for BIO_int_ctrl in -lcrypto
configure:5982: /home/default/third_party/llvm-build/Release+Asserts/bin/clang -o conftest -ggdb -O0 -fsanitize=memory -fsanitize-coverage=trace-pc-guard,trace-cmp,trace-div,trace-gep -DHAVE_GETADDRINFO=1 -Wall  -Wl,-E -fsanitize=memory conftest.c -lcrypto   >&5
configure:5982: $? = 0
configure:5991: result: yes
configure:6008: checking for SSL_new in -lssl
configure:6033: /home/default/third_party/llvm-build/Release+Asserts/bin/clang -o conftest -ggdb -O0 -fsanitize=memory -fsanitize-coverage=trace-pc-guard,trace-cmp,trace-div,trace-gep -DHAVE_GETADDRINFO=1 -Wall  -Wl,-E -fsanitize=memory conftest.c -lssl  -lcrypto   >&5
configure:6033: $? = 0
configure:6042: result: yes
configure:6058: checking for EVP_PKEY_get1_EC_KEY in -lcrypto
configure:6083: /home/default/third_party/llvm-build/Release+Asserts/bin/clang -o conftest -ggdb -O0 -fsanitize=memory -fsanitize-coverage=trace-pc-guard,trace-cmp,trace-div,trace-gep -DHAVE_GETADDRINFO=1 -Wall  -Wl,-E -fsanitize=memory conftest.c -lcrypto   >&5
configure:6083: $? = 0
configure:6092: result: yes
configure:6129: checking pcap.h usability
configure:6129: /home/default/third_party/llvm-build/Release+Asserts/bin/clang -c -ggdb -O0 -fsanitize=memory -fsanitize-coverage=trace-pc-guard,trace-cmp,trace-div,trace-gep -DHAVE_GETADDRINFO=1 -Wall  conftest.c >&5
conftest.c:62:10: fatal error: 'pcap.h' file not found
#include <pcap.h>
         ^~~~~~~~
1 error generated.
configure:6129: $? = 1
configure: failed program was:
| /* confdefs.h */
| #define PACKAGE_NAME ""
| #define PACKAGE_TARNAME ""
| #define PACKAGE_VERSION ""
| #define PACKAGE_STRING ""
| #define PACKAGE_BUGREPORT ""
| #define PACKAGE_URL ""
| #define LINUX 1
| #define STDC_HEADERS 1
| #define HAVE_SYS_TYPES_H 1
| #define HAVE_SYS_STAT_H 1
| #define HAVE_STDLIB_H 1
| #define HAVE_STRING_H 1
| #define HAVE_MEMORY_H 1
| #define HAVE_STRINGS_H 1
| #define HAVE_INTTYPES_H 1
| #define HAVE_STDINT_H 1
| #define HAVE_UNISTD_H 1
| #define HAVE_PWD_H 1
| #define HAVE_TERMIOS_H 1
| #define HAVE_STDINT_H 1
| #define HAVE_LINUX_RTNETLINK_H 1
| #define HAVE_SYS_SOCKET_H 1
| #define HAVE_NET_IF_H 1
| #define HAVE_IPV6_IPPROTO_RAW 1
| #define HAVE_OPENSSL_EC 1
| #define HAVE_OPENSSL 1
| /* end confdefs.h.  */
| #include <stdio.h>
| #ifdef HAVE_SYS_TYPES_H
| # include <sys/types.h>
| #endif
| #ifdef HAVE_SYS_STAT_H
| # include <sys/stat.h>
| #endif
| #ifdef STDC_HEADERS
| # include <stdlib.h>
| # include <stddef.h>
| #else
| # ifdef HAVE_STDLIB_H
| #  include <stdlib.h>
| # endif
| #endif
| #ifdef HAVE_STRING_H
| # if !defined STDC_HEADERS && defined HAVE_MEMORY_H
| #  include <memory.h>
| # endif
| # include <string.h>
| #endif
| #ifdef HAVE_STRINGS_H
| # include <strings.h>
| #endif
| #ifdef HAVE_INTTYPES_H
| # include <inttypes.h>
| #endif
| #ifdef HAVE_STDINT_H
| # include <stdint.h>
| #endif
| #ifdef HAVE_UNISTD_H
| # include <unistd.h>
| #endif
| #include <pcap.h>
configure:6129: result: no
configure:6129: checking pcap.h presence
configure:6129: /home/default/third_party/llvm-build/Release+Asserts/bin/clang -E  conftest.c
conftest.c:29:10: fatal error: 'pcap.h' file not found
#include <pcap.h>
         ^~~~~~~~
1 error generated.
configure:6129: $? = 1
configure: failed program was:
| /* confdefs.h */
| #define PACKAGE_NAME ""
| #define PACKAGE_TARNAME ""
| #define PACKAGE_VERSION ""
| #define PACKAGE_STRING ""
| #define PACKAGE_BUGREPORT ""
| #define PACKAGE_URL ""
| #define LINUX 1
| #define STDC_HEADERS 1
| #define HAVE_SYS_TYPES_H 1
| #define HAVE_SYS_STAT_H 1
| #define HAVE_STDLIB_H 1
| #define HAVE_STRING_H 1
| #define HAVE_MEMORY_H 1
| #define HAVE_STRINGS_H 1
| #define HAVE_INTTYPES_H 1
| #define HAVE_STDINT_H 1
| #define HAVE_UNISTD_H 1
| #define HAVE_PWD_H 1
| #define HAVE_TERMIOS_H 1
| #define HAVE_STDINT_H 1
| #define HAVE_LINUX_RTNETLINK_H 1
| #define HAVE_SYS_SOCKET_H 1
| #define HAVE_NET_IF_H 1
| #define HAVE_IPV6_IPPROTO_RAW 1
| #define HAVE_OPENSSL_EC 1
| #define HAVE_OPENSSL 1
| /* end confdefs.h.  */
| #include <pcap.h>
configure:6129: result: no
configure:6129: checking for pcap.h
configure:6129: result: no
configure:6461: checking pcre.h usability
configure:6461: /home/default/third_party/llvm-build/Release+Asserts/bin/clang -c -ggdb -O0 -fsanitize=memory -fsanitize-coverage=trace-pc-guard,trace-cmp,trace-div,trace-gep -DHAVE_GETADDRINFO=1 -Wall  -I$(top_srcdir)/libpcap conftest.c >&5
configure:6461: $? = 0
configure:6461: result: yes
configure:6461: checking pcre.h presence
configure:6461: /home/default/third_party/llvm-build/Release+Asserts/bin/clang -E  -I$(top_srcdir)/libpcap conftest.c
configure:6461: $? = 0
configure:6461: result: yes
configure:6461: checking for pcre.h
configure:6461: result: yes
configure:6463: checking for pcre_version in -lpcre
configure:6488: /home/default/third_party/llvm-build/Release+Asserts/bin/clang -o conftest -ggdb -O0 -fsanitize=memory -fsanitize-coverage=trace-pc-guard,trace-cmp,trace-div,trace-gep -DHAVE_GETADDRINFO=1 -Wall  -I$(top_srcdir)/libpcap -Wl,-E -fsanitize=memory conftest.c -lpcre   >&5
configure:6488: $? = 0
configure:6497: result: yes
configure:6572: checking pcre/pcre.h usability
configure:6572: /home/default/third_party/llvm-build/Release+Asserts/bin/clang -c -ggdb -O0 -fsanitize=memory -fsanitize-coverage=trace-pc-guard,trace-cmp,trace-div,trace-gep -DHAVE_GETADDRINFO=1 -Wall  -I$(top_srcdir)/libpcap conftest.c >&5
conftest.c:63:10: fatal error: 'pcre/pcre.h' file not found
#include <pcre/pcre.h>
         ^~~~~~~~~~~~~
1 error generated.
configure:6572: $? = 1
configure: failed program was:
| /* confdefs.h */
| #define PACKAGE_NAME ""
| #define PACKAGE_TARNAME ""
| #define PACKAGE_VERSION ""
| #define PACKAGE_STRING ""
| #define PACKAGE_BUGREPORT ""
| #define PACKAGE_URL ""
| #define LINUX 1
| #define STDC_HEADERS 1
| #define HAVE_SYS_TYPES_H 1
| #define HAVE_SYS_STAT_H 1
| #define HAVE_STDLIB_H 1
| #define HAVE_STRING_H 1
| #define HAVE_MEMORY_H 1
| #define HAVE_STRINGS_H 1
| #define HAVE_INTTYPES_H 1
| #define HAVE_STDINT_H 1
| #define HAVE_UNISTD_H 1
| #define HAVE_PWD_H 1
| #define HAVE_TERMIOS_H 1
| #define HAVE_STDINT_H 1
| #define HAVE_LINUX_RTNETLINK_H 1
| #define HAVE_SYS_SOCKET_H 1
| #define HAVE_NET_IF_H 1
| #define HAVE_IPV6_IPPROTO_RAW 1
| #define HAVE_OPENSSL_EC 1
| #define HAVE_OPENSSL 1
| #define PCAP_INCLUDED 1
| /* end confdefs.h.  */
| #include <stdio.h>
| #ifdef HAVE_SYS_TYPES_H
| # include <sys/types.h>
| #endif
| #ifdef HAVE_SYS_STAT_H
| # include <sys/stat.h>
| #endif
| #ifdef STDC_HEADERS
| # include <stdlib.h>
| # include <stddef.h>
| #else
| # ifdef HAVE_STDLIB_H
| #  include <stdlib.h>
| # endif
| #endif
| #ifdef HAVE_STRING_H
| # if !defined STDC_HEADERS && defined HAVE_MEMORY_H
| #  include <memory.h>
| # endif
| # include <string.h>
| #endif
| #ifdef HAVE_STRINGS_H
| # include <strings.h>
| #endif
| #ifdef HAVE_INTTYPES_H
| # include <inttypes.h>
| #endif
| #ifdef HAVE_STDINT_H
| # include <stdint.h>
| #endif
| #ifdef HAVE_UNISTD_H
| # include <unistd.h>
| #endif
| #include <pcre/pcre.h>
configure:6572: result: no
configure:6572: checking pcre/pcre.h presence
configure:6572: /home/default/third_party/llvm-build/Release+Asserts/bin/clang -E  -I$(top_srcdir)/libpcap conftest.c
conftest.c:30:10: fatal error: 'pcre/pcre.h' file not found
#include <pcre/pcre.h>
         ^~~~~~~~~~~~~
1 error generated.
configure:6572: $? = 1
configure: failed program was:
| /* confdefs.h */
| #define PACKAGE_NAME ""
| #define PACKAGE_TARNAME ""
| #define PACKAGE_VERSION ""
| #define PACKAGE_STRING ""
| #define PACKAGE_BUGREPORT ""
| #define PACKAGE_URL ""
| #define LINUX 1
| #define STDC_HEADERS 1
| #define HAVE_SYS_TYPES_H 1
| #define HAVE_SYS_STAT_H 1
| #define HAVE_STDLIB_H 1
| #define HAVE_STRING_H 1
| #define HAVE_MEMORY_H 1
| #define HAVE_STRINGS_H 1
| #define HAVE_INTTYPES_H 1
| #define HAVE_STDINT_H 1
| #define HAVE_UNISTD_H 1
| #define HAVE_PWD_H 1
| #define HAVE_TERMIOS_H 1
| #define HAVE_STDINT_H 1
| #define HAVE_LINUX_RTNETLINK_H 1
| #define HAVE_SYS_SOCKET_H 1
| #define HAVE_NET_IF_H 1
| #define HAVE_IPV6_IPPROTO_RAW 1
| #define HAVE_OPENSSL_EC 1
| #define HAVE_OPENSSL 1
| #define PCAP_INCLUDED 1
| /* end confdefs.h.  */
| #include <pcre/pcre.h>
configure:6572: result: no
configure:6572: checking for pcre/pcre.h
configure:6572: result: no
configure:6692: checking zlib.h usability
configure:6692: /home/default/third_party/llvm-build/Release+Asserts/bin/clang -c -ggdb -O0 -fsanitize=memory -fsanitize-coverage=trace-pc-guard,trace-cmp,trace-div,trace-gep -DHAVE_GETADDRINFO=1 -Wall  -I$(top_srcdir)/libpcap conftest.c >&5
configure:6692: $? = 0
configure:6692: result: yes
configure:6692: checking zlib.h presence
configure:6692: /home/default/third_party/llvm-build/Release+Asserts/bin/clang -E  -I$(top_srcdir)/libpcap conftest.c
configure:6692: $? = 0
configure:6692: result: yes
configure:6692: checking for zlib.h
configure:6692: result: yes
configure:6695: checking for gzread in -lz
configure:6720: /home/default/third_party/llvm-build/Release+Asserts/bin/clang -o conftest -ggdb -O0 -fsanitize=memory -fsanitize-coverage=trace-pc-guard,trace-cmp,trace-div,trace-gep -DHAVE_GETADDRINFO=1 -Wall  -I$(top_srcdir)/libpcap -Wl,-E -fsanitize=memory conftest.c -lz -lm  >&5
configure:6720: $? = 0
configure:6729: result: yes
configure:6868: checking libssh2.h usability
configure:6868: /home/default/third_party/llvm-build/Release+Asserts/bin/clang -c -ggdb -O0 -fsanitize=memory -fsanitize-coverage=trace-pc-guard,trace-cmp,trace-div,trace-gep -DHAVE_GETADDRINFO=1 -Wall  -I$(top_srcdir)/libpcap conftest.c >&5
conftest.c:64:10: fatal error: 'libssh2.h' file not found
#include <libssh2.h>
         ^~~~~~~~~~~
1 error generated.
configure:6868: $? = 1
configure: failed program was:
| /* confdefs.h */
| #define PACKAGE_NAME ""
| #define PACKAGE_TARNAME ""
| #define PACKAGE_VERSION ""
| #define PACKAGE_STRING ""
| #define PACKAGE_BUGREPORT ""
| #define PACKAGE_URL ""
| #define LINUX 1
| #define STDC_HEADERS 1
| #define HAVE_SYS_TYPES_H 1
| #define HAVE_SYS_STAT_H 1
| #define HAVE_STDLIB_H 1
| #define HAVE_STRING_H 1
| #define HAVE_MEMORY_H 1
| #define HAVE_STRINGS_H 1
| #define HAVE_INTTYPES_H 1
| #define HAVE_STDINT_H 1
| #define HAVE_UNISTD_H 1
| #define HAVE_PWD_H 1
| #define HAVE_TERMIOS_H 1
| #define HAVE_STDINT_H 1
| #define HAVE_LINUX_RTNETLINK_H 1
| #define HAVE_SYS_SOCKET_H 1
| #define HAVE_NET_IF_H 1
| #define HAVE_IPV6_IPPROTO_RAW 1
| #define HAVE_OPENSSL_EC 1
| #define HAVE_OPENSSL 1
| #define PCAP_INCLUDED 1
| #define HAVE_LIBZ 1
| /* end confdefs.h.  */
| #include <stdio.h>
| #ifdef HAVE_SYS_TYPES_H
| # include <sys/types.h>
| #endif
| #ifdef HAVE_SYS_STAT_H
| # include <sys/stat.h>
| #endif
| #ifdef STDC_HEADERS
| # include <stdlib.h>
| # include <stddef.h>
| #else
| # ifdef HAVE_STDLIB_H
| #  include <stdlib.h>
| # endif
| #endif
| #ifdef HAVE_STRING_H
| # if !defined STDC_HEADERS && defined HAVE_MEMORY_H
| #  include <memory.h>
| # endif
| # include <string.h>
| #endif
| #ifdef HAVE_STRINGS_H
| # include <strings.h>
| #endif
| #ifdef HAVE_INTTYPES_H
| # include <inttypes.h>
| #endif
| #ifdef HAVE_STDINT_H
| # include <stdint.h>
| #endif
| #ifdef HAVE_UNISTD_H
| # include <unistd.h>
| #endif
| #include <libssh2.h>
configure:6868: result: no
configure:6868: checking libssh2.h presence
configure:6868: /home/default/third_party/llvm-build/Release+Asserts/bin/clang -E  -I$(top_srcdir)/libpcap conftest.c
conftest.c:31:10: fatal error: 'libssh2.h' file not found
#include <libssh2.h>
         ^~~~~~~~~~~
1 error generated.
configure:6868: $? = 1
configure: failed program was:
| /* confdefs.h */
| #define PACKAGE_NAME ""
| #define PACKAGE_TARNAME ""
| #define PACKAGE_VERSION ""
| #define PACKAGE_STRING ""
| #define PACKAGE_BUGREPORT ""
| #define PACKAGE_URL ""
| #define LINUX 1
| #define STDC_HEADERS 1
| #define HAVE_SYS_TYPES_H 1
| #define HAVE_SYS_STAT_H 1
| #define HAVE_STDLIB_H 1
| #define HAVE_STRING_H 1
| #define HAVE_MEMORY_H 1
| #define HAVE_STRINGS_H 1
| #define HAVE_INTTYPES_H 1
| #define HAVE_STDINT_H 1
| #define HAVE_UNISTD_H 1
| #define HAVE_PWD_H 1
| #define HAVE_TERMIOS_H 1
| #define HAVE_STDINT_H 1
| #define HAVE_LINUX_RTNETLINK_H 1
| #define HAVE_SYS_SOCKET_H 1
| #define HAVE_NET_IF_H 1
| #define HAVE_IPV6_IPPROTO_RAW 1
| #define HAVE_OPENSSL_EC 1
| #define HAVE_OPENSSL 1
| #define PCAP_INCLUDED 1
| #define HAVE_LIBZ 1
| /* end confdefs.h.  */
| #include <libssh2.h>
configure:6868: result: no
configure:6868: checking for libssh2.h
configure:6868: result: no
configure:7042: checking for library containing dlopen
configure:7073: /home/default/third_party/llvm-build/Release+Asserts/bin/clang -o conftest -ggdb -O0 -fsanitize=memory -fsanitize-coverage=trace-pc-guard,trace-cmp,trace-div,trace-gep -DHAVE_GETADDRINFO=1 -Wall -I$(top_srcdir)/libdnet-stripped/include -I$(top_srcdir)/libssh2/include  -I$(top_srcdir)/libpcap -Wl,-E -fsanitize=memory conftest.c  >&5
configure:7073: $? = 0
configure:7090: result: none required
configure:7117: checking lua5.3/lua.h usability
configure:7117: /home/default/third_party/llvm-build/Release+Asserts/bin/clang -c -ggdb -O0 -fsanitize=memory -fsanitize-coverage=trace-pc-guard,trace-cmp,trace-div,trace-gep -DHAVE_GETADDRINFO=1 -Wall -I$(top_srcdir)/libdnet-stripped/include -I$(top_srcdir)/libssh2/include  -I$(top_srcdir)/libpcap conftest.c >&5
conftest.c:67:10: fatal error: 'lua5.3/lua.h' file not found
#include <lua5.3/lua.h>
         ^~~~~~~~~~~~~~
1 error generated.
configure:7117: $? = 1
configure: failed program was:
| /* confdefs.h */
| #define PACKAGE_NAME ""
| #define PACKAGE_TARNAME ""
| #define PACKAGE_VERSION ""
| #define PACKAGE_STRING ""
| #define PACKAGE_BUGREPORT ""
| #define PACKAGE_URL ""
| #define LINUX 1
| #define STDC_HEADERS 1
| #define HAVE_SYS_TYPES_H 1
| #define HAVE_SYS_STAT_H 1
| #define HAVE_STDLIB_H 1
| #define HAVE_STRING_H 1
| #define HAVE_MEMORY_H 1
| #define HAVE_STRINGS_H 1
| #define HAVE_INTTYPES_H 1
| #define HAVE_STDINT_H 1
| #define HAVE_UNISTD_H 1
| #define HAVE_PWD_H 1
| #define HAVE_TERMIOS_H 1
| #define HAVE_STDINT_H 1
| #define HAVE_LINUX_RTNETLINK_H 1
| #define HAVE_SYS_SOCKET_H 1
| #define HAVE_NET_IF_H 1
| #define HAVE_IPV6_IPPROTO_RAW 1
| #define HAVE_OPENSSL_EC 1
| #define HAVE_OPENSSL 1
| #define PCAP_INCLUDED 1
| #define HAVE_LIBZ 1
| #define LIBSSH2_INCLUDED 1
| #define HAVE_LIBSSH2 1
| #define DNET_INCLUDED 1
| /* end confdefs.h.  */
| #include <stdio.h>
| #ifdef HAVE_SYS_TYPES_H
| # include <sys/types.h>
| #endif
| #ifdef HAVE_SYS_STAT_H
| # include <sys/stat.h>
| #endif
| #ifdef STDC_HEADERS
| # include <stdlib.h>
| # include <stddef.h>
| #else
| # ifdef HAVE_STDLIB_H
| #  include <stdlib.h>
| # endif
| #endif
| #ifdef HAVE_STRING_H
| # if !defined STDC_HEADERS && defined HAVE_MEMORY_H
| #  include <memory.h>
| # endif
| # include <string.h>
| #endif
| #ifdef HAVE_STRINGS_H
| # include <strings.h>
| #endif
| #ifdef HAVE_INTTYPES_H
| # include <inttypes.h>
| #endif
| #ifdef HAVE_STDINT_H
| # include <stdint.h>
| #endif
| #ifdef HAVE_UNISTD_H
| # include <unistd.h>
| #endif
| #include <lua5.3/lua.h>
configure:7117: result: no
configure:7117: checking lua5.3/lua.h presence
configure:7117: /home/default/third_party/llvm-build/Release+Asserts/bin/clang -E -I$(top_srcdir)/libdnet-stripped/include -I$(top_srcdir)/libssh2/include  -I$(top_srcdir)/libpcap conftest.c
conftest.c:34:10: fatal error: 'lua5.3/lua.h' file not found
#include <lua5.3/lua.h>
         ^~~~~~~~~~~~~~
1 error generated.
configure:7117: $? = 1
configure: failed program was:
| /* confdefs.h */
| #define PACKAGE_NAME ""
| #define PACKAGE_TARNAME ""
| #define PACKAGE_VERSION ""
| #define PACKAGE_STRING ""
| #define PACKAGE_BUGREPORT ""
| #define PACKAGE_URL ""
| #define LINUX 1
| #define STDC_HEADERS 1
| #define HAVE_SYS_TYPES_H 1
| #define HAVE_SYS_STAT_H 1
| #define HAVE_STDLIB_H 1
| #define HAVE_STRING_H 1
| #define HAVE_MEMORY_H 1
| #define HAVE_STRINGS_H 1
| #define HAVE_INTTYPES_H 1
| #define HAVE_STDINT_H 1
| #define HAVE_UNISTD_H 1
| #define HAVE_PWD_H 1
| #define HAVE_TERMIOS_H 1
| #define HAVE_STDINT_H 1
| #define HAVE_LINUX_RTNETLINK_H 1
| #define HAVE_SYS_SOCKET_H 1
| #define HAVE_NET_IF_H 1
| #define HAVE_IPV6_IPPROTO_RAW 1
| #define HAVE_OPENSSL_EC 1
| #define HAVE_OPENSSL 1
| #define PCAP_INCLUDED 1
| #define HAVE_LIBZ 1
| #define LIBSSH2_INCLUDED 1
| #define HAVE_LIBSSH2 1
| #define DNET_INCLUDED 1
| /* end confdefs.h.  */
| #include <lua5.3/lua.h>
configure:7117: result: no
configure:7117: checking for lua5.3/lua.h
configure:7117: result: no
configure:7117: checking lua/5.3/lua.h usability
configure:7117: /home/default/third_party/llvm-build/Release+Asserts/bin/clang -c -ggdb -O0 -fsanitize=memory -fsanitize-coverage=trace-pc-guard,trace-cmp,trace-div,trace-gep -DHAVE_GETADDRINFO=1 -Wall -I$(top_srcdir)/libdnet-stripped/include -I$(top_srcdir)/libssh2/include  -I$(top_srcdir)/libpcap conftest.c >&5
conftest.c:67:10: fatal error: 'lua/5.3/lua.h' file not found
#include <lua/5.3/lua.h>
         ^~~~~~~~~~~~~~~
1 error generated.
configure:7117: $? = 1
configure: failed program was:
| /* confdefs.h */
| #define PACKAGE_NAME ""
| #define PACKAGE_TARNAME ""
| #define PACKAGE_VERSION ""
| #define PACKAGE_STRING ""
| #define PACKAGE_BUGREPORT ""
| #define PACKAGE_URL ""
| #define LINUX 1
| #define STDC_HEADERS 1
| #define HAVE_SYS_TYPES_H 1
| #define HAVE_SYS_STAT_H 1
| #define HAVE_STDLIB_H 1
| #define HAVE_STRING_H 1
| #define HAVE_MEMORY_H 1
| #define HAVE_STRINGS_H 1
| #define HAVE_INTTYPES_H 1
| #define HAVE_STDINT_H 1
| #define HAVE_UNISTD_H 1
| #define HAVE_PWD_H 1
| #define HAVE_TERMIOS_H 1
| #define HAVE_STDINT_H 1
| #define HAVE_LINUX_RTNETLINK_H 1
| #define HAVE_SYS_SOCKET_H 1
| #define HAVE_NET_IF_H 1
| #define HAVE_IPV6_IPPROTO_RAW 1
| #define HAVE_OPENSSL_EC 1
| #define HAVE_OPENSSL 1
| #define PCAP_INCLUDED 1
| #define HAVE_LIBZ 1
| #define LIBSSH2_INCLUDED 1
| #define HAVE_LIBSSH2 1
| #define DNET_INCLUDED 1
| /* end confdefs.h.  */
| #include <stdio.h>
| #ifdef HAVE_SYS_TYPES_H
| # include <sys/types.h>
| #endif
| #ifdef HAVE_SYS_STAT_H
| # include <sys/stat.h>
| #endif
| #ifdef STDC_HEADERS
| # include <stdlib.h>
| # include <stddef.h>
| #else
| # ifdef HAVE_STDLIB_H
| #  include <stdlib.h>
| # endif
| #endif
| #ifdef HAVE_STRING_H
| # if !defined STDC_HEADERS && defined HAVE_MEMORY_H
| #  include <memory.h>
| # endif
| # include <string.h>
| #endif
| #ifdef HAVE_STRINGS_H
| # include <strings.h>
| #endif
| #ifdef HAVE_INTTYPES_H
| # include <inttypes.h>
| #endif
| #ifdef HAVE_STDINT_H
| # include <stdint.h>
| #endif
| #ifdef HAVE_UNISTD_H
| # include <unistd.h>
| #endif
| #include <lua/5.3/lua.h>
configure:7117: result: no
configure:7117: checking lua/5.3/lua.h presence
configure:7117: /home/default/third_party/llvm-build/Release+Asserts/bin/clang -E -I$(top_srcdir)/libdnet-stripped/include -I$(top_srcdir)/libssh2/include  -I$(top_srcdir)/libpcap conftest.c
conftest.c:34:10: fatal error: 'lua/5.3/lua.h' file not found
#include <lua/5.3/lua.h>
         ^~~~~~~~~~~~~~~
1 error generated.
configure:7117: $? = 1
configure: failed program was:
| /* confdefs.h */
| #define PACKAGE_NAME ""
| #define PACKAGE_TARNAME ""
| #define PACKAGE_VERSION ""
| #define PACKAGE_STRING ""
| #define PACKAGE_BUGREPORT ""
| #define PACKAGE_URL ""
| #define LINUX 1
| #define STDC_HEADERS 1
| #define HAVE_SYS_TYPES_H 1
| #define HAVE_SYS_STAT_H 1
| #define HAVE_STDLIB_H 1
| #define HAVE_STRING_H 1
| #define HAVE_MEMORY_H 1
| #define HAVE_STRINGS_H 1
| #define HAVE_INTTYPES_H 1
| #define HAVE_STDINT_H 1
| #define HAVE_UNISTD_H 1
| #define HAVE_PWD_H 1
| #define HAVE_TERMIOS_H 1
| #define HAVE_STDINT_H 1
| #define HAVE_LINUX_RTNETLINK_H 1
| #define HAVE_SYS_SOCKET_H 1
| #define HAVE_NET_IF_H 1
| #define HAVE_IPV6_IPPROTO_RAW 1
| #define HAVE_OPENSSL_EC 1
| #define HAVE_OPENSSL 1
| #define PCAP_INCLUDED 1
| #define HAVE_LIBZ 1
| #define LIBSSH2_INCLUDED 1
| #define HAVE_LIBSSH2 1
| #define DNET_INCLUDED 1
| /* end confdefs.h.  */
| #include <lua/5.3/lua.h>
configure:7117: result: no
configure:7117: checking for lua/5.3/lua.h
configure:7117: result: no
configure:7117: checking lua.h usability
configure:7117: /home/default/third_party/llvm-build/Release+Asserts/bin/clang -c -ggdb -O0 -fsanitize=memory -fsanitize-coverage=trace-pc-guard,trace-cmp,trace-div,trace-gep -DHAVE_GETADDRINFO=1 -Wall -I$(top_srcdir)/libdnet-stripped/include -I$(top_srcdir)/libssh2/include  -I$(top_srcdir)/libpcap conftest.c >&5
conftest.c:67:10: fatal error: 'lua.h' file not found
#include <lua.h>
         ^~~~~~~
1 error generated.
configure:7117: $? = 1
configure: failed program was:
| /* confdefs.h */
| #define PACKAGE_NAME ""
| #define PACKAGE_TARNAME ""
| #define PACKAGE_VERSION ""
| #define PACKAGE_STRING ""
| #define PACKAGE_BUGREPORT ""
| #define PACKAGE_URL ""
| #define LINUX 1
| #define STDC_HEADERS 1
| #define HAVE_SYS_TYPES_H 1
| #define HAVE_SYS_STAT_H 1
| #define HAVE_STDLIB_H 1
| #define HAVE_STRING_H 1
| #define HAVE_MEMORY_H 1
| #define HAVE_STRINGS_H 1
| #define HAVE_INTTYPES_H 1
| #define HAVE_STDINT_H 1
| #define HAVE_UNISTD_H 1
| #define HAVE_PWD_H 1
| #define HAVE_TERMIOS_H 1
| #define HAVE_STDINT_H 1
| #define HAVE_LINUX_RTNETLINK_H 1
| #define HAVE_SYS_SOCKET_H 1
| #define HAVE_NET_IF_H 1
| #define HAVE_IPV6_IPPROTO_RAW 1
| #define HAVE_OPENSSL_EC 1
| #define HAVE_OPENSSL 1
| #define PCAP_INCLUDED 1
| #define HAVE_LIBZ 1
| #define LIBSSH2_INCLUDED 1
| #define HAVE_LIBSSH2 1
| #define DNET_INCLUDED 1
| /* end confdefs.h.  */
| #include <stdio.h>
| #ifdef HAVE_SYS_TYPES_H
| # include <sys/types.h>
| #endif
| #ifdef HAVE_SYS_STAT_H
| # include <sys/stat.h>
| #endif
| #ifdef STDC_HEADERS
| # include <stdlib.h>
| # include <stddef.h>
| #else
| # ifdef HAVE_STDLIB_H
| #  include <stdlib.h>
| # endif
| #endif
| #ifdef HAVE_STRING_H
| # if !defined STDC_HEADERS && defined HAVE_MEMORY_H
| #  include <memory.h>
| # endif
| # include <string.h>
| #endif
| #ifdef HAVE_STRINGS_H
| # include <strings.h>
| #endif
| #ifdef HAVE_INTTYPES_H
| # include <inttypes.h>
| #endif
| #ifdef HAVE_STDINT_H
| # include <stdint.h>
| #endif
| #ifdef HAVE_UNISTD_H
| # include <unistd.h>
| #endif
| #include <lua.h>
configure:7117: result: no
configure:7117: checking lua.h presence
configure:7117: /home/default/third_party/llvm-build/Release+Asserts/bin/clang -E -I$(top_srcdir)/libdnet-stripped/include -I$(top_srcdir)/libssh2/include  -I$(top_srcdir)/libpcap conftest.c
conftest.c:34:10: fatal error: 'lua.h' file not found
#include <lua.h>
         ^~~~~~~
1 error generated.
configure:7117: $? = 1
configure: failed program was:
| /* confdefs.h */
| #define PACKAGE_NAME ""
| #define PACKAGE_TARNAME ""
| #define PACKAGE_VERSION ""
| #define PACKAGE_STRING ""
| #define PACKAGE_BUGREPORT ""
| #define PACKAGE_URL ""
| #define LINUX 1
| #define STDC_HEADERS 1
| #define HAVE_SYS_TYPES_H 1
| #define HAVE_SYS_STAT_H 1
| #define HAVE_STDLIB_H 1
| #define HAVE_STRING_H 1
| #define HAVE_MEMORY_H 1
| #define HAVE_STRINGS_H 1
| #define HAVE_INTTYPES_H 1
| #define HAVE_STDINT_H 1
| #define HAVE_UNISTD_H 1
| #define HAVE_PWD_H 1
| #define HAVE_TERMIOS_H 1
| #define HAVE_STDINT_H 1
| #define HAVE_LINUX_RTNETLINK_H 1
| #define HAVE_SYS_SOCKET_H 1
| #define HAVE_NET_IF_H 1
| #define HAVE_IPV6_IPPROTO_RAW 1
| #define HAVE_OPENSSL_EC 1
| #define HAVE_OPENSSL 1
| #define PCAP_INCLUDED 1
| #define HAVE_LIBZ 1
| #define LIBSSH2_INCLUDED 1
| #define HAVE_LIBSSH2 1
| #define DNET_INCLUDED 1
| /* end confdefs.h.  */
| #include <lua.h>
configure:7117: result: no
configure:7117: checking for lua.h
configure:7117: result: no
configure:7117: checking lua/lua.h usability
configure:7117: /home/default/third_party/llvm-build/Release+Asserts/bin/clang -c -ggdb -O0 -fsanitize=memory -fsanitize-coverage=trace-pc-guard,trace-cmp,trace-div,trace-gep -DHAVE_GETADDRINFO=1 -Wall -I$(top_srcdir)/libdnet-stripped/include -I$(top_srcdir)/libssh2/include  -I$(top_srcdir)/libpcap conftest.c >&5
conftest.c:67:10: fatal error: 'lua/lua.h' file not found
#include <lua/lua.h>
         ^~~~~~~~~~~
1 error generated.
configure:7117: $? = 1
configure: failed program was:
| /* confdefs.h */
| #define PACKAGE_NAME ""
| #define PACKAGE_TARNAME ""
| #define PACKAGE_VERSION ""
| #define PACKAGE_STRING ""
| #define PACKAGE_BUGREPORT ""
| #define PACKAGE_URL ""
| #define LINUX 1
| #define STDC_HEADERS 1
| #define HAVE_SYS_TYPES_H 1
| #define HAVE_SYS_STAT_H 1
| #define HAVE_STDLIB_H 1
| #define HAVE_STRING_H 1
| #define HAVE_MEMORY_H 1
| #define HAVE_STRINGS_H 1
| #define HAVE_INTTYPES_H 1
| #define HAVE_STDINT_H 1
| #define HAVE_UNISTD_H 1
| #define HAVE_PWD_H 1
| #define HAVE_TERMIOS_H 1
| #define HAVE_STDINT_H 1
| #define HAVE_LINUX_RTNETLINK_H 1
| #define HAVE_SYS_SOCKET_H 1
| #define HAVE_NET_IF_H 1
| #define HAVE_IPV6_IPPROTO_RAW 1
| #define HAVE_OPENSSL_EC 1
| #define HAVE_OPENSSL 1
| #define PCAP_INCLUDED 1
| #define HAVE_LIBZ 1
| #define LIBSSH2_INCLUDED 1
| #define HAVE_LIBSSH2 1
| #define DNET_INCLUDED 1
| /* end confdefs.h.  */
| #include <stdio.h>
| #ifdef HAVE_SYS_TYPES_H
| # include <sys/types.h>
| #endif
| #ifdef HAVE_SYS_STAT_H
| # include <sys/stat.h>
| #endif
| #ifdef STDC_HEADERS
| # include <stdlib.h>
| # include <stddef.h>
| #else
| # ifdef HAVE_STDLIB_H
| #  include <stdlib.h>
| # endif
| #endif
| #ifdef HAVE_STRING_H
| # if !defined STDC_HEADERS && defined HAVE_MEMORY_H
| #  include <memory.h>
| # endif
| # include <string.h>
| #endif
| #ifdef HAVE_STRINGS_H
| # include <strings.h>
| #endif
| #ifdef HAVE_INTTYPES_H
| # include <inttypes.h>
| #endif
| #ifdef HAVE_STDINT_H
| # include <stdint.h>
| #endif
| #ifdef HAVE_UNISTD_H
| # include <unistd.h>
| #endif
| #include <lua/lua.h>
configure:7117: result: no
configure:7117: checking lua/lua.h presence
configure:7117: /home/default/third_party/llvm-build/Release+Asserts/bin/clang -E -I$(top_srcdir)/libdnet-stripped/include -I$(top_srcdir)/libssh2/include  -I$(top_srcdir)/libpcap conftest.c
conftest.c:34:10: fatal error: 'lua/lua.h' file not found
#include <lua/lua.h>
         ^~~~~~~~~~~
1 error generated.
configure:7117: $? = 1
configure: failed program was:
| /* confdefs.h */
| #define PACKAGE_NAME ""
| #define PACKAGE_TARNAME ""
| #define PACKAGE_VERSION ""
| #define PACKAGE_STRING ""
| #define PACKAGE_BUGREPORT ""
| #define PACKAGE_URL ""
| #define LINUX 1
| #define STDC_HEADERS 1
| #define HAVE_SYS_TYPES_H 1
| #define HAVE_SYS_STAT_H 1
| #define HAVE_STDLIB_H 1
| #define HAVE_STRING_H 1
| #define HAVE_MEMORY_H 1
| #define HAVE_STRINGS_H 1
| #define HAVE_INTTYPES_H 1
| #define HAVE_STDINT_H 1
| #define HAVE_UNISTD_H 1
| #define HAVE_PWD_H 1
| #define HAVE_TERMIOS_H 1
| #define HAVE_STDINT_H 1
| #define HAVE_LINUX_RTNETLINK_H 1
| #define HAVE_SYS_SOCKET_H 1
| #define HAVE_NET_IF_H 1
| #define HAVE_IPV6_IPPROTO_RAW 1
| #define HAVE_OPENSSL_EC 1
| #define HAVE_OPENSSL 1
| #define PCAP_INCLUDED 1
| #define HAVE_LIBZ 1
| #define LIBSSH2_INCLUDED 1
| #define HAVE_LIBSSH2 1
| #define DNET_INCLUDED 1
| /* end confdefs.h.  */
| #include <lua/lua.h>
configure:7117: result: no
configure:7117: checking for lua/lua.h
configure:7117: result: no
configure:7255: checking for lua version == 503
configure:7273: /home/default/third_party/llvm-build/Release+Asserts/bin/clang++ -o conftest -ggdb -O0 -fsanitize=memory -fsanitize-coverage=trace-pc-guard,trace-cmp,trace-div,trace-gep -DHAVE_GETADDRINFO=1 -Wall -fno-strict-aliasing -I$(top_srcdir)/libdnet-stripped/include -I$(top_srcdir)/libssh2/include  -I$(top_srcdir)/libpcap -Wl,-E -fsanitize=memory conftest.cpp  >&5
conftest.cpp:34:11: fatal error: 'lua.h' file not found
 #include <lua.h>
          ^~~~~~~
1 error generated.
configure:7273: $? = 1
configure: program exited with status 1
configure: failed program was:
| /* confdefs.h */
| #define PACKAGE_NAME ""
| #define PACKAGE_TARNAME ""
| #define PACKAGE_VERSION ""
| #define PACKAGE_STRING ""
| #define PACKAGE_BUGREPORT ""
| #define PACKAGE_URL ""
| #define LINUX 1
| #define STDC_HEADERS 1
| #define HAVE_SYS_TYPES_H 1
| #define HAVE_SYS_STAT_H 1
| #define HAVE_STDLIB_H 1
| #define HAVE_STRING_H 1
| #define HAVE_MEMORY_H 1
| #define HAVE_STRINGS_H 1
| #define HAVE_INTTYPES_H 1
| #define HAVE_STDINT_H 1
| #define HAVE_UNISTD_H 1
| #define HAVE_PWD_H 1
| #define HAVE_TERMIOS_H 1
| #define HAVE_STDINT_H 1
| #define HAVE_LINUX_RTNETLINK_H 1
| #define HAVE_SYS_SOCKET_H 1
| #define HAVE_NET_IF_H 1
| #define HAVE_IPV6_IPPROTO_RAW 1
| #define HAVE_OPENSSL_EC 1
| #define HAVE_OPENSSL 1
| #define PCAP_INCLUDED 1
| #define HAVE_LIBZ 1
| #define LIBSSH2_INCLUDED 1
| #define HAVE_LIBSSH2 1
| #define DNET_INCLUDED 1
| /* end confdefs.h.  */
|  #include <lua.h>
| int
| main ()
| {
| if(LUA_VERSION_NUM != 503) return 1;
|   ;
|   return 0;
| }
configure:7296: result: no
configure:7358: checking linear.h usability
configure:7358: /home/default/third_party/llvm-build/Release+Asserts/bin/clang -c -ggdb -O0 -fsanitize=memory -fsanitize-coverage=trace-pc-guard,trace-cmp,trace-div,trace-gep -DHAVE_GETADDRINFO=1 -Wall -I$(top_srcdir)/liblua -I$(top_srcdir)/libdnet-stripped/include -I$(top_srcdir)/libssh2/include  -I$(top_srcdir)/libpcap conftest.c >&5
conftest.c:68:10: fatal error: 'linear.h' file not found
#include <linear.h>
         ^~~~~~~~~~
1 error generated.
configure:7358: $? = 1
configure: failed program was:
| /* confdefs.h */
| #define PACKAGE_NAME ""
| #define PACKAGE_TARNAME ""
| #define PACKAGE_VERSION ""
| #define PACKAGE_STRING ""
| #define PACKAGE_BUGREPORT ""
| #define PACKAGE_URL ""
| #define LINUX 1
| #define STDC_HEADERS 1
| #define HAVE_SYS_TYPES_H 1
| #define HAVE_SYS_STAT_H 1
| #define HAVE_STDLIB_H 1
| #define HAVE_STRING_H 1
| #define HAVE_MEMORY_H 1
| #define HAVE_STRINGS_H 1
| #define HAVE_INTTYPES_H 1
| #define HAVE_STDINT_H 1
| #define HAVE_UNISTD_H 1
| #define HAVE_PWD_H 1
| #define HAVE_TERMIOS_H 1
| #define HAVE_STDINT_H 1
| #define HAVE_LINUX_RTNETLINK_H 1
| #define HAVE_SYS_SOCKET_H 1
| #define HAVE_NET_IF_H 1
| #define HAVE_IPV6_IPPROTO_RAW 1
| #define HAVE_OPENSSL_EC 1
| #define HAVE_OPENSSL 1
| #define PCAP_INCLUDED 1
| #define HAVE_LIBZ 1
| #define LIBSSH2_INCLUDED 1
| #define HAVE_LIBSSH2 1
| #define DNET_INCLUDED 1
| #define LUA_INCLUDED 1
| /* end confdefs.h.  */
| #include <stdio.h>
| #ifdef HAVE_SYS_TYPES_H
| # include <sys/types.h>
| #endif
| #ifdef HAVE_SYS_STAT_H
| # include <sys/stat.h>
| #endif
| #ifdef STDC_HEADERS
| # include <stdlib.h>
| # include <stddef.h>
| #else
| # ifdef HAVE_STDLIB_H
| #  include <stdlib.h>
| # endif
| #endif
| #ifdef HAVE_STRING_H
| # if !defined STDC_HEADERS && defined HAVE_MEMORY_H
| #  include <memory.h>
| # endif
| # include <string.h>
| #endif
| #ifdef HAVE_STRINGS_H
| # include <strings.h>
| #endif
| #ifdef HAVE_INTTYPES_H
| # include <inttypes.h>
| #endif
| #ifdef HAVE_STDINT_H
| # include <stdint.h>
| #endif
| #ifdef HAVE_UNISTD_H
| # include <unistd.h>
| #endif
| #include <linear.h>
configure:7358: result: no
configure:7358: checking linear.h presence
configure:7358: /home/default/third_party/llvm-build/Release+Asserts/bin/clang -E -I$(top_srcdir)/liblua -I$(top_srcdir)/libdnet-stripped/include -I$(top_srcdir)/libssh2/include  -I$(top_srcdir)/libpcap conftest.c
conftest.c:35:10: fatal error: 'linear.h' file not found
#include <linear.h>
         ^~~~~~~~~~
1 error generated.
configure:7358: $? = 1
configure: failed program was:
| /* confdefs.h */
| #define PACKAGE_NAME ""
| #define PACKAGE_TARNAME ""
| #define PACKAGE_VERSION ""
| #define PACKAGE_STRING ""
| #define PACKAGE_BUGREPORT ""
| #define PACKAGE_URL ""
| #define LINUX 1
| #define STDC_HEADERS 1
| #define HAVE_SYS_TYPES_H 1
| #define HAVE_SYS_STAT_H 1
| #define HAVE_STDLIB_H 1
| #define HAVE_STRING_H 1
| #define HAVE_MEMORY_H 1
| #define HAVE_STRINGS_H 1
| #define HAVE_INTTYPES_H 1
| #define HAVE_STDINT_H 1
| #define HAVE_UNISTD_H 1
| #define HAVE_PWD_H 1
| #define HAVE_TERMIOS_H 1
| #define HAVE_STDINT_H 1
| #define HAVE_LINUX_RTNETLINK_H 1
| #define HAVE_SYS_SOCKET_H 1
| #define HAVE_NET_IF_H 1
| #define HAVE_IPV6_IPPROTO_RAW 1
| #define HAVE_OPENSSL_EC 1
| #define HAVE_OPENSSL 1
| #define PCAP_INCLUDED 1
| #define HAVE_LIBZ 1
| #define LIBSSH2_INCLUDED 1
| #define HAVE_LIBSSH2 1
| #define DNET_INCLUDED 1
| #define LUA_INCLUDED 1
| /* end confdefs.h.  */
| #include <linear.h>
configure:7358: result: no
configure:7358: checking for linear.h
configure:7358: result: no
configure:7416: result: no
configure:7439: checking whether byte ordering is bigendian
configure:7454: /home/default/third_party/llvm-build/Release+Asserts/bin/clang -c -ggdb -O0 -fsanitize=memory -fsanitize-coverage=trace-pc-guard,trace-cmp,trace-div,trace-gep -DHAVE_GETADDRINFO=1 -Wall -I$(top_srcdir)/liblinear -I$(top_srcdir)/liblua -I$(top_srcdir)/libdnet-stripped/include -I$(top_srcdir)/libssh2/include  -I$(top_srcdir)/libpcap conftest.c >&5
conftest.c:37:9: error: unknown type name 'not'
               not a universal capable compiler
               ^
conftest.c:37:14: error: expected ';' after top level declarator
               not a universal capable compiler
                    ^
                    ;
2 errors generated.
configure:7454: $? = 1
configure: failed program was:
| /* confdefs.h */
| #define PACKAGE_NAME ""
| #define PACKAGE_TARNAME ""
| #define PACKAGE_VERSION ""
| #define PACKAGE_STRING ""
| #define PACKAGE_BUGREPORT ""
| #define PACKAGE_URL ""
| #define LINUX 1
| #define STDC_HEADERS 1
| #define HAVE_SYS_TYPES_H 1
| #define HAVE_SYS_STAT_H 1
| #define HAVE_STDLIB_H 1
| #define HAVE_STRING_H 1
| #define HAVE_MEMORY_H 1
| #define HAVE_STRINGS_H 1
| #define HAVE_INTTYPES_H 1
| #define HAVE_STDINT_H 1
| #define HAVE_UNISTD_H 1
| #define HAVE_PWD_H 1
| #define HAVE_TERMIOS_H 1
| #define HAVE_STDINT_H 1
| #define HAVE_LINUX_RTNETLINK_H 1
| #define HAVE_SYS_SOCKET_H 1
| #define HAVE_NET_IF_H 1
| #define HAVE_IPV6_IPPROTO_RAW 1
| #define HAVE_OPENSSL_EC 1
| #define HAVE_OPENSSL 1
| #define PCAP_INCLUDED 1
| #define HAVE_LIBZ 1
| #define LIBSSH2_INCLUDED 1
| #define HAVE_LIBSSH2 1
| #define DNET_INCLUDED 1
| #define LUA_INCLUDED 1
| #define LIBLINEAR_INCLUDED 1
| /* end confdefs.h.  */
| #ifndef __APPLE_CC__
| 	       not a universal capable compiler
| 	     #endif
| 	     typedef int dummy;
| 
configure:7499: /home/default/third_party/llvm-build/Release+Asserts/bin/clang -c -ggdb -O0 -fsanitize=memory -fsanitize-coverage=trace-pc-guard,trace-cmp,trace-div,trace-gep -DHAVE_GETADDRINFO=1 -Wall -I$(top_srcdir)/liblinear -I$(top_srcdir)/liblua -I$(top_srcdir)/libdnet-stripped/include -I$(top_srcdir)/libssh2/include  -I$(top_srcdir)/libpcap conftest.c >&5
configure:7499: $? = 0
configure:7517: /home/default/third_party/llvm-build/Release+Asserts/bin/clang -c -ggdb -O0 -fsanitize=memory -fsanitize-coverage=trace-pc-guard,trace-cmp,trace-div,trace-gep -DHAVE_GETADDRINFO=1 -Wall -I$(top_srcdir)/liblinear -I$(top_srcdir)/liblua -I$(top_srcdir)/libdnet-stripped/include -I$(top_srcdir)/libssh2/include  -I$(top_srcdir)/libpcap conftest.c >&5
conftest.c:43:4: error: use of undeclared identifier 'not'
                 not big endian
                 ^
1 error generated.
configure:7517: $? = 1
configure: failed program was:
| /* confdefs.h */
| #define PACKAGE_NAME ""
| #define PACKAGE_TARNAME ""
| #define PACKAGE_VERSION ""
| #define PACKAGE_STRING ""
| #define PACKAGE_BUGREPORT ""
| #define PACKAGE_URL ""
| #define LINUX 1
| #define STDC_HEADERS 1
| #define HAVE_SYS_TYPES_H 1
| #define HAVE_SYS_STAT_H 1
| #define HAVE_STDLIB_H 1
| #define HAVE_STRING_H 1
| #define HAVE_MEMORY_H 1
| #define HAVE_STRINGS_H 1
| #define HAVE_INTTYPES_H 1
| #define HAVE_STDINT_H 1
| #define HAVE_UNISTD_H 1
| #define HAVE_PWD_H 1
| #define HAVE_TERMIOS_H 1
| #define HAVE_STDINT_H 1
| #define HAVE_LINUX_RTNETLINK_H 1
| #define HAVE_SYS_SOCKET_H 1
| #define HAVE_NET_IF_H 1
| #define HAVE_IPV6_IPPROTO_RAW 1
| #define HAVE_OPENSSL_EC 1
| #define HAVE_OPENSSL 1
| #define PCAP_INCLUDED 1
| #define HAVE_LIBZ 1
| #define LIBSSH2_INCLUDED 1
| #define HAVE_LIBSSH2 1
| #define DNET_INCLUDED 1
| #define LUA_INCLUDED 1
| #define LIBLINEAR_INCLUDED 1
| /* end confdefs.h.  */
| #include <sys/types.h>
| 		#include <sys/param.h>
| 
| int
| main ()
| {
| #if BYTE_ORDER != BIG_ENDIAN
| 		 not big endian
| 		#endif
| 
|   ;
|   return 0;
| }
configure:7645: result: no
configure:7664: checking if struct in_addr is a wacky huge structure (some Sun boxes)
configure:7679: /home/default/third_party/llvm-build/Release+Asserts/bin/clang -c -ggdb -O0 -fsanitize=memory -fsanitize-coverage=trace-pc-guard,trace-cmp,trace-div,trace-gep -DHAVE_GETADDRINFO=1 -Wall -I$(top_srcdir)/liblinear -I$(top_srcdir)/liblua -I$(top_srcdir)/libdnet-stripped/include -I$(top_srcdir)/libssh2/include  -I$(top_srcdir)/libpcap conftest.c >&5
conftest.c:40:21: error: no member named '_S_un' in 'struct in_addr'
struct in_addr i; i._S_un._S_addr;
                  ~ ^
1 error generated.
configure:7679: $? = 1
configure: failed program was:
| /* confdefs.h */
| #define PACKAGE_NAME ""
| #define PACKAGE_TARNAME ""
| #define PACKAGE_VERSION ""
| #define PACKAGE_STRING ""
| #define PACKAGE_BUGREPORT ""
| #define PACKAGE_URL ""
| #define LINUX 1
| #define STDC_HEADERS 1
| #define HAVE_SYS_TYPES_H 1
| #define HAVE_SYS_STAT_H 1
| #define HAVE_STDLIB_H 1
| #define HAVE_STRING_H 1
| #define HAVE_MEMORY_H 1
| #define HAVE_STRINGS_H 1
| #define HAVE_INTTYPES_H 1
| #define HAVE_STDINT_H 1
| #define HAVE_UNISTD_H 1
| #define HAVE_PWD_H 1
| #define HAVE_TERMIOS_H 1
| #define HAVE_STDINT_H 1
| #define HAVE_LINUX_RTNETLINK_H 1
| #define HAVE_SYS_SOCKET_H 1
| #define HAVE_NET_IF_H 1
| #define HAVE_IPV6_IPPROTO_RAW 1
| #define HAVE_OPENSSL_EC 1
| #define HAVE_OPENSSL 1
| #define PCAP_INCLUDED 1
| #define HAVE_LIBZ 1
| #define LIBSSH2_INCLUDED 1
| #define HAVE_LIBSSH2 1
| #define DNET_INCLUDED 1
| #define LUA_INCLUDED 1
| #define LIBLINEAR_INCLUDED 1
| /* end confdefs.h.  */
| #include <netinet/in.h>
| int
| main ()
| {
| struct in_addr i; i._S_un._S_addr;
|   ;
|   return 0;
| }
configure:7699: /home/default/third_party/llvm-build/Release+Asserts/bin/clang -c -ggdb -O0 -fsanitize=memory -fsanitize-coverage=trace-pc-guard,trace-cmp,trace-div,trace-gep -DHAVE_GETADDRINFO=1 -Wall -I$(top_srcdir)/liblinear -I$(top_srcdir)/liblua -I$(top_srcdir)/libdnet-stripped/include -I$(top_srcdir)/libssh2/include  -I$(top_srcdir)/libpcap conftest.c >&5
conftest.c:41:21: error: no member named 'S_un' in 'struct in_addr'
struct in_addr i; i.S_un.S_addr;
                  ~ ^
1 error generated.
configure:7699: $? = 1
configure: failed program was:
| /* confdefs.h */
| #define PACKAGE_NAME ""
| #define PACKAGE_TARNAME ""
| #define PACKAGE_VERSION ""
| #define PACKAGE_STRING ""
| #define PACKAGE_BUGREPORT ""
| #define PACKAGE_URL ""
| #define LINUX 1
| #define STDC_HEADERS 1
| #define HAVE_SYS_TYPES_H 1
| #define HAVE_SYS_STAT_H 1
| #define HAVE_STDLIB_H 1
| #define HAVE_STRING_H 1
| #define HAVE_MEMORY_H 1
| #define HAVE_STRINGS_H 1
| #define HAVE_INTTYPES_H 1
| #define HAVE_STDINT_H 1
| #define HAVE_UNISTD_H 1
| #define HAVE_PWD_H 1
| #define HAVE_TERMIOS_H 1
| #define HAVE_STDINT_H 1
| #define HAVE_LINUX_RTNETLINK_H 1
| #define HAVE_SYS_SOCKET_H 1
| #define HAVE_NET_IF_H 1
| #define HAVE_IPV6_IPPROTO_RAW 1
| #define HAVE_OPENSSL_EC 1
| #define HAVE_OPENSSL 1
| #define PCAP_INCLUDED 1
| #define HAVE_LIBZ 1
| #define LIBSSH2_INCLUDED 1
| #define HAVE_LIBSSH2 1
| #define DNET_INCLUDED 1
| #define LUA_INCLUDED 1
| #define LIBLINEAR_INCLUDED 1
| /* end confdefs.h.  */
| #include <sys/types.h>
| #include <netinet/in.h>
| int
| main ()
| {
| struct in_addr i; i.S_un.S_addr;
|   ;
|   return 0;
| }
configure:7707: result: no
configure:7714: checking if struct icmp exists
configure:7739: /home/default/third_party/llvm-build/Release+Asserts/bin/clang -c -ggdb -O0 -fsanitize=memory -fsanitize-coverage=trace-pc-guard,trace-cmp,trace-div,trace-gep -DHAVE_GETADDRINFO=1 -Wall -I$(top_srcdir)/liblinear -I$(top_srcdir)/liblua -I$(top_srcdir)/libdnet-stripped/include -I$(top_srcdir)/libssh2/include  -I$(top_srcdir)/libpcap conftest.c >&5
conftest.c:41:24: warning: '__USE_BSD' macro redefined [-Wmacro-redefined]
               #define __USE_BSD
                       ^
/usr/include/features.h:320:10: note: previous definition is here
# define __USE_BSD      1
         ^
conftest.c:43:24: warning: '_BSD_SOURCE' macro redefined [-Wmacro-redefined]
               #define _BSD_SOURCE
                       ^
/usr/include/features.h:188:10: note: previous definition is here
# define _BSD_SOURCE    1
         ^
conftest.c:49:14: warning: unused variable 'i' [-Wunused-variable]
unsigned int i = sizeof(struct icmp)
             ^
3 warnings generated.
configure:7739: $? = 0
configure:7746: result: yes
configure:7754: checking if struct ip exists
configure:7778: /home/default/third_party/llvm-build/Release+Asserts/bin/clang -c -ggdb -O0 -fsanitize=memory -fsanitize-coverage=trace-pc-guard,trace-cmp,trace-div,trace-gep -DHAVE_GETADDRINFO=1 -Wall -I$(top_srcdir)/liblinear -I$(top_srcdir)/liblua -I$(top_srcdir)/libdnet-stripped/include -I$(top_srcdir)/libssh2/include  -I$(top_srcdir)/libpcap conftest.c >&5
conftest.c:42:24: warning: '__USE_BSD' macro redefined [-Wmacro-redefined]
               #define __USE_BSD
                       ^
/usr/include/features.h:320:10: note: previous definition is here
# define __USE_BSD      1
         ^
conftest.c:44:24: warning: '_BSD_SOURCE' macro redefined [-Wmacro-redefined]
               #define _BSD_SOURCE
                       ^
/usr/include/features.h:188:10: note: previous definition is here
# define _BSD_SOURCE    1
         ^
conftest.c:49:14: warning: unused variable 'i' [-Wunused-variable]
unsigned int i = sizeof(struct ip)
             ^
3 warnings generated.
configure:7778: $? = 0
configure:7785: result: yes
configure:7793: checking if struct ip has ip_sum member
configure:7818: /home/default/third_party/llvm-build/Release+Asserts/bin/clang -c -ggdb -O0 -fsanitize=memory -fsanitize-coverage=trace-pc-guard,trace-cmp,trace-div,trace-gep -DHAVE_GETADDRINFO=1 -Wall -I$(top_srcdir)/liblinear -I$(top_srcdir)/liblua -I$(top_srcdir)/libdnet-stripped/include -I$(top_srcdir)/libssh2/include  -I$(top_srcdir)/libpcap conftest.c >&5
conftest.c:43:24: warning: '__USE_BSD' macro redefined [-Wmacro-redefined]
               #define __USE_BSD
                       ^
/usr/include/features.h:320:10: note: previous definition is here
# define __USE_BSD      1
         ^
conftest.c:45:24: warning: '_BSD_SOURCE' macro redefined [-Wmacro-redefined]
               #define _BSD_SOURCE
                       ^
/usr/include/features.h:188:10: note: previous definition is here
# define _BSD_SOURCE    1
         ^
conftest.c:51:14: warning: unused variable 'i' [-Wunused-variable]
unsigned int i = sizeof(((struct ip *)0)->ip_sum)
             ^
3 warnings generated.
configure:7818: $? = 0
configure:7825: result: yes
configure:7835: checking for strerror
configure:7835: /home/default/third_party/llvm-build/Release+Asserts/bin/clang -o conftest -ggdb -O0 -fsanitize=memory -fsanitize-coverage=trace-pc-guard,trace-cmp,trace-div,trace-gep -DHAVE_GETADDRINFO=1 -Wall -I$(top_srcdir)/liblinear -I$(top_srcdir)/liblua -I$(top_srcdir)/libdnet-stripped/include -I$(top_srcdir)/libssh2/include  -I$(top_srcdir)/libpcap -Wl,-E -fsanitize=memory conftest.c  >&5
conftest.c:62:6: warning: incompatible redeclaration of library function 'strerror' [-Wincompatible-library-redeclaration]
char strerror ();
     ^
conftest.c:62:6: note: 'strerror' is a builtin with type 'char *(int)'
1 warning generated.
configure:7835: $? = 0
configure:7835: result: yes
configure:7851: checking for type of 6th argument to recvfrom()
configure:7872: /home/default/third_party/llvm-build/Release+Asserts/bin/clang++ -c -ggdb -O0 -fsanitize=memory -fsanitize-coverage=trace-pc-guard,trace-cmp,trace-div,trace-gep -DHAVE_GETADDRINFO=1 -Wall -fno-strict-aliasing -I$(top_srcdir)/liblinear -I$(top_srcdir)/liblua -I$(top_srcdir)/libdnet-stripped/include -I$(top_srcdir)/libssh2/include  -I$(top_srcdir)/libpcap conftest.cpp >&5
configure:7872: $? = 0
configure:7886: result: socklen_t
configure:8035: checking for APR
configure:8114: result: no
configure:8364: creating ./config.status

## ---------------------- ##
## Running config.status. ##
## ---------------------- ##

This file was extended by config.status, which was
generated by GNU Autoconf 2.69.  Invocation command line was

  CONFIG_FILES    = 
  CONFIG_HEADERS  = 
  CONFIG_LINKS    = 
  CONFIG_COMMANDS = 
  $ ./config.status 

on default-virtual-machine

config.status:931: creating Makefile
config.status:931: creating libnetutil/Makefile
config.status:931: creating nmap_config.h
config.status:1106: nmap_config.h is unchanged
configure:9596: === configuring in nping (/home/default/nmap/nping)
configure:9659: running /bin/bash ./configure --disable-option-checking '--prefix=/usr/local'  'CC=/home/default/third_party/llvm-build/Release+Asserts/bin/clang' 'CFLAGS=-ggdb -O0 -fsanitize=memory -fsanitize-coverage=trace-pc-guard,trace-cmp,trace-div,trace-gep -DHAVE_GETADDRINFO=1' 'LDFLAGS=-fsanitize=memory' 'CXX=/home/default/third_party/llvm-build/Release+Asserts/bin/clang++' 'CXXFLAGS=-ggdb -O0 -fsanitize=memory -fsanitize-coverage=trace-pc-guard,trace-cmp,trace-div,trace-gep -DHAVE_GETADDRINFO=1' --cache-file=/dev/null --srcdir=.
configure:9596: === configuring in libpcap (/home/default/nmap/libpcap)
configure:9659: running /bin/bash ./configure --disable-option-checking '--prefix=/usr/local'  'CC=/home/default/third_party/llvm-build/Release+Asserts/bin/clang' 'CFLAGS=-ggdb -O0 -fsanitize=memory -fsanitize-coverage=trace-pc-guard,trace-cmp,trace-div,trace-gep -DHAVE_GETADDRINFO=1' 'LDFLAGS=-fsanitize=memory' 'CXX=/home/default/third_party/llvm-build/Release+Asserts/bin/clang++' 'CXXFLAGS=-ggdb -O0 -fsanitize=memory -fsanitize-coverage=trace-pc-guard,trace-cmp,trace-div,trace-gep -DHAVE_GETADDRINFO=1' --cache-file=/dev/null --srcdir=.
configure:9596: === configuring in libssh2 (/home/default/nmap/libssh2)
configure:9659: running /bin/bash ./configure --disable-option-checking '--prefix=/usr/local'  'CC=/home/default/third_party/llvm-build/Release+Asserts/bin/clang' 'CFLAGS=-ggdb -O0 -fsanitize=memory -fsanitize-coverage=trace-pc-guard,trace-cmp,trace-div,trace-gep -DHAVE_GETADDRINFO=1' 'LDFLAGS=-fsanitize=memory' 'CXX=/home/default/third_party/llvm-build/Release+Asserts/bin/clang++' 'CXXFLAGS=-ggdb -O0 -fsanitize=memory -fsanitize-coverage=trace-pc-guard,trace-cmp,trace-div,trace-gep -DHAVE_GETADDRINFO=1' --cache-file=/dev/null --srcdir=.
configure:9596: === configuring in libdnet-stripped (/home/default/nmap/libdnet-stripped)
configure:9659: running /bin/bash ./configure --disable-option-checking '--prefix=/usr/local'  'CC=/home/default/third_party/llvm-build/Release+Asserts/bin/clang' 'CFLAGS=-ggdb -O0 -fsanitize=memory -fsanitize-coverage=trace-pc-guard,trace-cmp,trace-div,trace-gep -DHAVE_GETADDRINFO=1' 'LDFLAGS=-fsanitize=memory' 'CXX=/home/default/third_party/llvm-build/Release+Asserts/bin/clang++' 'CXXFLAGS=-ggdb -O0 -fsanitize=memory -fsanitize-coverage=trace-pc-guard,trace-cmp,trace-div,trace-gep -DHAVE_GETADDRINFO=1' --cache-file=/dev/null --srcdir=.
configure:9596: === configuring in nbase (/home/default/nmap/nbase)
configure:9659: running /bin/bash ./configure --disable-option-checking '--prefix=/usr/local'  'CC=/home/default/third_party/llvm-build/Release+Asserts/bin/clang' 'CFLAGS=-ggdb -O0 -fsanitize=memory -fsanitize-coverage=trace-pc-guard,trace-cmp,trace-div,trace-gep -DHAVE_GETADDRINFO=1' 'LDFLAGS=-fsanitize=memory' 'CXX=/home/default/third_party/llvm-build/Release+Asserts/bin/clang++' 'CXXFLAGS=-ggdb -O0 -fsanitize=memory -fsanitize-coverage=trace-pc-guard,trace-cmp,trace-div,trace-gep -DHAVE_GETADDRINFO=1' --cache-file=/dev/null --srcdir=.
configure:9596: === configuring in nsock/src (/home/default/nmap/nsock/src)
configure:9659: running /bin/bash ./configure --disable-option-checking '--prefix=/usr/local'  'CC=/home/default/third_party/llvm-build/Release+Asserts/bin/clang' 'CFLAGS=-ggdb -O0 -fsanitize=memory -fsanitize-coverage=trace-pc-guard,trace-cmp,trace-div,trace-gep -DHAVE_GETADDRINFO=1' 'LDFLAGS=-fsanitize=memory' 'CXX=/home/default/third_party/llvm-build/Release+Asserts/bin/clang++' 'CXXFLAGS=-ggdb -O0 -fsanitize=memory -fsanitize-coverage=trace-pc-guard,trace-cmp,trace-div,trace-gep -DHAVE_GETADDRINFO=1' --cache-file=/dev/null --srcdir=.
configure:9596: === configuring in ncat (/home/default/nmap/ncat)
configure:9659: running /bin/bash ./configure --disable-option-checking '--prefix=/usr/local'  'CC=/home/default/third_party/llvm-build/Release+Asserts/bin/clang' 'CFLAGS=-ggdb -O0 -fsanitize=memory -fsanitize-coverage=trace-pc-guard,trace-cmp,trace-div,trace-gep -DHAVE_GETADDRINFO=1' 'LDFLAGS=-fsanitize=memory' 'CXX=/home/default/third_party/llvm-build/Release+Asserts/bin/clang++' 'CXXFLAGS=-ggdb -O0 -fsanitize=memory -fsanitize-coverage=trace-pc-guard,trace-cmp,trace-div,trace-gep -DHAVE_GETADDRINFO=1' --cache-file=/dev/null --srcdir=.

## ---------------- ##
## Cache variables. ##
## ---------------- ##

ac_cv_build=x86_64-unknown-linux-gnu
ac_cv_c_bigendian=no
ac_cv_c_compiler_gnu=yes
ac_cv_c_inline=inline
ac_cv_cxx_compiler_gnu=yes
ac_cv_env_CCC_set=
ac_cv_env_CCC_value=
ac_cv_env_CC_set=set
ac_cv_env_CC_value=/home/default/third_party/llvm-build/Release+Asserts/bin/clang
ac_cv_env_CFLAGS_set=set
ac_cv_env_CFLAGS_value='-ggdb -O0 -fsanitize=memory -fsanitize-coverage=trace-pc-guard,trace-cmp,trace-div,trace-gep -DHAVE_GETADDRINFO=1'
ac_cv_env_CPPFLAGS_set=
ac_cv_env_CPPFLAGS_value=
ac_cv_env_CPP_set=
ac_cv_env_CPP_value=
ac_cv_env_CXXFLAGS_set=set
ac_cv_env_CXXFLAGS_value='-ggdb -O0 -fsanitize=memory -fsanitize-coverage=trace-pc-guard,trace-cmp,trace-div,trace-gep -DHAVE_GETADDRINFO=1'
ac_cv_env_CXX_set=set
ac_cv_env_CXX_value=/home/default/third_party/llvm-build/Release+Asserts/bin/clang++
ac_cv_env_LDFLAGS_set=set
ac_cv_env_LDFLAGS_value=-fsanitize=memory
ac_cv_env_LIBS_set=
ac_cv_env_LIBS_value=
ac_cv_env_PYTHON_set=
ac_cv_env_PYTHON_value=
ac_cv_env_build_alias_set=
ac_cv_env_build_alias_value=
ac_cv_env_host_alias_set=
ac_cv_env_host_alias_value=
ac_cv_env_target_alias_set=
ac_cv_env_target_alias_value=
ac_cv_func_strerror=yes
ac_cv_header_inttypes_h=yes
ac_cv_header_libssh2_h=no
ac_cv_header_linear_h=no
ac_cv_header_linux_rtnetlink_h=yes
ac_cv_header_lua5_3_lua_h=no
ac_cv_header_lua_5_3_lua_h=no
ac_cv_header_lua_h=no
ac_cv_header_lua_lua_h=no
ac_cv_header_memory_h=yes
ac_cv_header_net_if_h=yes
ac_cv_header_openssl_ssl_h=yes
ac_cv_header_pcap_h=no
ac_cv_header_pcre_h=yes
ac_cv_header_pcre_pcre_h=no
ac_cv_header_pwd_h=yes
ac_cv_header_stdc=yes
ac_cv_header_stdint_h=yes
ac_cv_header_stdlib_h=yes
ac_cv_header_string_h=yes
ac_cv_header_strings_h=yes
ac_cv_header_sys_socket_h=yes
ac_cv_header_sys_sockio_h=no
ac_cv_header_sys_stat_h=yes
ac_cv_header_sys_types_h=yes
ac_cv_header_termios_h=yes
ac_cv_header_unistd_h=yes
ac_cv_header_zlib_h=yes
ac_cv_host=x86_64-unknown-linux-gnu
ac_cv_ip_has_ip_sum=yes
ac_cv_lib_crypto_BIO_int_ctrl=yes
ac_cv_lib_crypto_EVP_PKEY_get1_EC_KEY=yes
ac_cv_lib_pcre_pcre_version=yes
ac_cv_lib_ssl_SSL_new=yes
ac_cv_lib_z_gzread=yes
ac_cv_objext=o
ac_cv_path_EGREP='/bin/grep -E'
ac_cv_path_GREP=/bin/grep
ac_cv_path_PYTHON=/usr/bin/python2
ac_cv_path_ac_pt_STRIP=/usr/bin/strip
ac_cv_path_install='/usr/bin/install -c'
ac_cv_prog_AWK=mawk
ac_cv_prog_CPP='/home/default/third_party/llvm-build/Release+Asserts/bin/clang -E'
ac_cv_prog_ac_ct_CC=/home/default/third_party/llvm-build/Release+Asserts/bin/clang
ac_cv_prog_ac_ct_RANLIB=ranlib
ac_cv_prog_cc_c89=
ac_cv_prog_cc_g=yes
ac_cv_prog_cxx_g=yes
ac_cv_search_dlopen='none required'
ac_cv_search_gethostbyname='none required'
ac_cv_search_setsockopt='none required'
ac_cv_struct_icmp_exists=yes
ac_cv_struct_ip_exists=yes
am_cv_pathless_PYTHON=python2
am_cv_python_platform=linux2
am_cv_python_pyexecdir='${exec_prefix}/lib/python2.7/dist-packages'
am_cv_python_pythondir='${prefix}/lib/python2.7/dist-packages'
am_cv_python_version=2.7

## ----------------- ##
## Output variables. ##
## ----------------- ##

AWK='mawk'
BUILDNDIFF='build-ndiff'
BUILDNPING='build-nping'
BUILDZENMAP='build-zenmap'
CC='/home/default/third_party/llvm-build/Release+Asserts/bin/clang'
CFLAGS='-ggdb -O0 -fsanitize=memory -fsanitize-coverage=trace-pc-guard,trace-cmp,trace-div,trace-gep -DHAVE_GETADDRINFO=1 -Wall'
CPP='/home/default/third_party/llvm-build/Release+Asserts/bin/clang -E'
CPPFLAGS='-I$(top_srcdir)/liblinear -I$(top_srcdir)/liblua -I$(top_srcdir)/libdnet-stripped/include -I$(top_srcdir)/libssh2/include  -I$(top_srcdir)/libpcap -I$(top_srcdir)/nbase -I$(top_srcdir)/nsock/include'
CXX='/home/default/third_party/llvm-build/Release+Asserts/bin/clang++'
CXXFLAGS='-ggdb -O0 -fsanitize=memory -fsanitize-coverage=trace-pc-guard,trace-cmp,trace-div,trace-gep -DHAVE_GETADDRINFO=1 -Wall -fno-strict-aliasing'
DEFS='-DHAVE_CONFIG_H'
DNET_BUILD='build-dnet'
DNET_CLEAN='clean-dnet'
DNET_DIST_CLEAN='distclean-dnet'
ECHO_C=''
ECHO_N='-n'
ECHO_T=''
EGREP='/bin/grep -E'
EXEEXT=''
GREP='/bin/grep'
INSTALLNDIFF='install-ndiff'
INSTALLNPING='install-nping'
INSTALLNSE='install-nse'
INSTALLZENMAP='install-zenmap'
INSTALL_DATA='${INSTALL} -m 644'
INSTALL_PROGRAM='${INSTALL}'
INSTALL_SCRIPT='${INSTALL}'
LDFLAGS='-Wl,-E -fsanitize=memory -Lnbase -Lnsock/src/'
LIBDNETDIR='libdnet-stripped'
LIBDNET_LIBS='$(top_srcdir)/libdnet-stripped/src/.libs/libdnet.a'
LIBLINEARDIR='liblinear'
LIBLINEAR_BUILD='build-liblinear'
LIBLINEAR_CLEAN='clean-liblinear'
LIBLINEAR_DIST_CLEAN='distclean-liblinear'
LIBLINEAR_LIBS='$(top_srcdir)/liblinear/liblinear.a'
LIBLUADIR='liblua'
LIBLUA_LIBS='$(top_srcdir)/liblua/liblua.a'
LIBNBASE_LIBS='-lnbase'
LIBNSOCK_LIBS='-lnsock'
LIBOBJS=''
LIBPCAP_LIBS='$(LIBPCAPDIR)/libpcap.a'
LIBPCREDIR='libpcre'
LIBPCRE_LIBS='-lpcre'
LIBS=''
LIBSSH2DIR='libssh2'
LIBSSH2_BUILD='build-libssh2'
LIBSSH2_CLEAN='clean-libssh2'
LIBSSH2_DIST_CLEAN='distclean-libssh2'
LIBSSH2_LIBS='libssh2/lib/libssh2.a'
LTLIBOBJS=''
LUA_BUILD='build-lua'
LUA_CFLAGS='-DLUA_USE_POSIX -DLUA_USE_DLOPEN'
LUA_CLEAN='clean-lua'
LUA_DIST_CLEAN='distclean-lua'
NBASEDIR='nbase'
NBASE_BUILD='build-nbase'
NCATDIR='ncat'
NCAT_BUILD='build-ncat'
NCAT_CHECK='check-ncat'
NCAT_CLEAN='clean-ncat'
NCAT_DIST_CLEAN='distclean-ncat'
NCAT_INSTALL='install-ncat'
NCAT_UNINSTALL='uninstall-ncat'
NDIFFDIR='ndiff'
NDIFF_CHECK='check-ndiff'
NDIFF_CLEAN='clean-ndiff'
NDIFF_DIST_CLEAN='distclean-ndiff'
NMAP_UPDATE_BUILD=''
NMAP_UPDATE_CLEAN=''
NMAP_UPDATE_DIST_CLEAN=''
NMAP_UPDATE_INSTALL=''
NMAP_UPDATE_UNINSTALL=''
NPINGDIR='nping'
NPING_CLEAN='clean-nping'
NPING_DIST_CLEAN='distclean-nping'
NSE_CHECK='check-nse'
NSOCKDIR='nsock'
NSOCK_BUILD='build-nsock'
NSOCK_CHECK='check-nsock'
OBJEXT='o'
OPENSSL_LIBS='-lssl -lcrypto'
PACKAGE_BUGREPORT=''
PACKAGE_NAME=''
PACKAGE_STRING=''
PACKAGE_TARNAME=''
PACKAGE_URL=''
PACKAGE_VERSION=''
PATH_SEPARATOR=':'
PCAP_BUILD='build-pcap'
PCAP_CLEAN='clean-pcap'
PCAP_DIST_CLEAN='distclean-pcap'
PCRE_BUILD=''
PCRE_CLEAN=''
PCRE_DIST_CLEAN=''
PYTHON='/usr/bin/python2'
PYTHON_EXEC_PREFIX='${exec_prefix}'
PYTHON_PLATFORM='linux2'
PYTHON_PREFIX='${prefix}'
PYTHON_VERSION='2.7'
RANLIB='ranlib'
SHELL='/bin/bash'
STRIP='/usr/bin/strip'
UNINSTALLNDIFF='uninstall-ndiff'
UNINSTALLNPING='uninstall-nping'
UNINSTALLZENMAP='uninstall-zenmap'
USE_NLS='yes'
ZENMAPDIR='zenmap'
ZENMAP_CHECK='check-zenmap'
ZENMAP_CLEAN='clean-zenmap'
ZENMAP_DIST_CLEAN='distclean-zenmap'
ZLIBDIR='libz'
ZLIB_BUILD=''
ZLIB_CLEAN=''
ZLIB_DIST_CLEAN=''
ZLIB_LIBS='-lz'
ac_ct_CC='/home/default/third_party/llvm-build/Release+Asserts/bin/clang'
ac_ct_CXX=''
bindir='${exec_prefix}/bin'
build='x86_64-unknown-linux-gnu'
build_alias=''
build_cpu='x86_64'
build_os='linux-gnu'
build_vendor='unknown'
datadir='${datarootdir}'
datarootdir='${prefix}/share'
docdir='${datarootdir}/doc/${PACKAGE}'
dvidir='${docdir}'
exec_prefix='${prefix}'
host='x86_64-unknown-linux-gnu'
host_alias=''
host_cpu='x86_64'
host_os='linux-gnu'
host_vendor='unknown'
htmldir='${docdir}'
includedir='${prefix}/include'
infodir='${datarootdir}/info'
libdir='${exec_prefix}/lib'
libexecdir='${exec_prefix}/libexec'
libpcapdir='libpcap'
localedir='${datarootdir}/locale'
localstatedir='${prefix}/var'
mandir='${datarootdir}/man'
oldincludedir='/usr/include'
pcredir='libpcre'
pdfdir='${docdir}'
pkgpyexecdir='${pyexecdir}/'
pkgpythondir='${pythondir}/'
prefix='/usr/local'
program_transform_name='s,x,x,'
psdir='${docdir}'
pyexecdir='${exec_prefix}/lib/python2.7/dist-packages'
pythondir='${prefix}/lib/python2.7/dist-packages'
runstatedir='${localstatedir}/run'
sbindir='${exec_prefix}/sbin'
sharedstatedir='${prefix}/com'
subdirs=' nping libpcap libssh2 libdnet-stripped nbase nsock/src ncat'
sysconfdir='${prefix}/etc'
target_alias=''

## ----------- ##
## confdefs.h. ##
## ----------- ##

/* confdefs.h */
#define PACKAGE_NAME ""
#define PACKAGE_TARNAME ""
#define PACKAGE_VERSION ""
#define PACKAGE_STRING ""
#define PACKAGE_BUGREPORT ""
#define PACKAGE_URL ""
#define LINUX 1
#define STDC_HEADERS 1
#define HAVE_SYS_TYPES_H 1
#define HAVE_SYS_STAT_H 1
#define HAVE_STDLIB_H 1
#define HAVE_STRING_H 1
#define HAVE_MEMORY_H 1
#define HAVE_STRINGS_H 1
#define HAVE_INTTYPES_H 1
#define HAVE_STDINT_H 1
#define HAVE_UNISTD_H 1
#define HAVE_PWD_H 1
#define HAVE_TERMIOS_H 1
#define HAVE_STDINT_H 1
#define HAVE_LINUX_RTNETLINK_H 1
#define HAVE_SYS_SOCKET_H 1
#define HAVE_NET_IF_H 1
#define HAVE_IPV6_IPPROTO_RAW 1
#define HAVE_OPENSSL_EC 1
#define HAVE_OPENSSL 1
#define PCAP_INCLUDED 1
#define HAVE_LIBZ 1
#define LIBSSH2_INCLUDED 1
#define HAVE_LIBSSH2 1
#define DNET_INCLUDED 1
#define LUA_INCLUDED 1
#define LIBLINEAR_INCLUDED 1
#define HAVE_STRUCT_ICMP 1
#define HAVE_STRUCT_IP 1
#define HAVE_IP_IP_SUM 1
#define HAVE_STRERROR 1
#define recvfrom6_t socklen_t

configure: exit 0
