This file contains any messages produced by compilers while
running configure, to aid debugging if configure makes a mistake.

It was created by configure, which was
generated by GNU Autoconf 2.69.  Invocation command line was

  $ ./configure --disable-option-checking --prefix=/usr/local CC=/home/default/third_party/llvm-build/Release+Asserts/bin/clang CFLAGS=-ggdb -O0 -fsanitize=memory -fsanitize-coverage=trace-pc-guard,trace-cmp,trace-div,trace-gep -DHAVE_GETADDRINFO=1 LDFLAGS=-fsanitize=memory CXX=/home/default/third_party/llvm-build/Release+Asserts/bin/clang++ CXXFLAGS=-ggdb -O0 -fsanitize=memory -fsanitize-coverage=trace-pc-guard,trace-cmp,trace-div,trace-gep -DHAVE_GETADDRINFO=1 --cache-file=/dev/null --srcdir=.

## --------- ##
## Platform. ##
## --------- ##

hostname = default-virtual-machine
uname -m = x86_64
uname -r = 4.4.0-31-generic
uname -s = Linux
uname -v = #50~14.04.1-Ubuntu SMP Wed Jul 13 01:07:32 UTC 2016

/usr/bin/uname -p = unknown
/bin/uname -X     = unknown

/bin/arch              = unknown
/usr/bin/arch -k       = unknown
/usr/convex/getsysinfo = unknown
/usr/bin/hostinfo      = unknown
/bin/machine           = unknown
/usr/bin/oslevel       = unknown
/bin/universe          = unknown

PATH: /usr/local/sbin
PATH: /usr/local/bin
PATH: /usr/sbin
PATH: /usr/bin
PATH: /sbin
PATH: /bin


## ----------- ##
## Core tests. ##
## ----------- ##

configure:2332: checking build system type
configure:2346: result: x86_64-unknown-linux-gnu
configure:2366: checking host system type
configure:2379: result: x86_64-unknown-linux-gnu
configure:2399: checking target system type
configure:2412: result: x86_64-unknown-linux-gnu
configure:2560: checking for gcc
configure:2587: result: /home/default/third_party/llvm-build/Release+Asserts/bin/clang
configure:2816: checking for C compiler version
configure:2825: /home/default/third_party/llvm-build/Release+Asserts/bin/clang --version >&5
clang version 6.0.0 (trunk 310694)
Target: x86_64-unknown-linux-gnu
Thread model: posix
InstalledDir: /home/default/third_party/llvm-build/Release+Asserts/bin
configure:2836: $? = 0
configure:2825: /home/default/third_party/llvm-build/Release+Asserts/bin/clang -v >&5
clang version 6.0.0 (trunk 310694)
Target: x86_64-unknown-linux-gnu
Thread model: posix
InstalledDir: /home/default/third_party/llvm-build/Release+Asserts/bin
Found candidate GCC installation: /usr/lib/gcc/i686-linux-gnu/4.9
Found candidate GCC installation: /usr/lib/gcc/i686-linux-gnu/4.9.3
Found candidate GCC installation: /usr/lib/gcc/x86_64-linux-gnu/4.8
Found candidate GCC installation: /usr/lib/gcc/x86_64-linux-gnu/4.8.4
Found candidate GCC installation: /usr/lib/gcc/x86_64-linux-gnu/4.9
Found candidate GCC installation: /usr/lib/gcc/x86_64-linux-gnu/4.9.3
... rest of stderr output deleted ...
configure:2836: $? = 0
configure:2825: /home/default/third_party/llvm-build/Release+Asserts/bin/clang -V >&5
clang: error: argument to '-V' is missing (expected 1 value)
clang: error: no input files
configure:2836: $? = 1
configure:2825: /home/default/third_party/llvm-build/Release+Asserts/bin/clang -qversion >&5
clang: error: unknown argument: '-qversion'
clang: error: no input files
configure:2836: $? = 1
configure:2856: checking whether the C compiler works
configure:2878: /home/default/third_party/llvm-build/Release+Asserts/bin/clang -ggdb -O0 -fsanitize=memory -fsanitize-coverage=trace-pc-guard,trace-cmp,trace-div,trace-gep -DHAVE_GETADDRINFO=1  -fsanitize=memory conftest.c  >&5
configure:2882: $? = 0
configure:2930: result: yes
configure:2933: checking for C compiler default output file name
configure:2935: result: a.out
configure:2941: checking for suffix of executables
configure:2948: /home/default/third_party/llvm-build/Release+Asserts/bin/clang -o conftest -ggdb -O0 -fsanitize=memory -fsanitize-coverage=trace-pc-guard,trace-cmp,trace-div,trace-gep -DHAVE_GETADDRINFO=1  -fsanitize=memory conftest.c  >&5
configure:2952: $? = 0
configure:2974: result: 
configure:2996: checking whether we are cross compiling
configure:3004: /home/default/third_party/llvm-build/Release+Asserts/bin/clang -o conftest -ggdb -O0 -fsanitize=memory -fsanitize-coverage=trace-pc-guard,trace-cmp,trace-div,trace-gep -DHAVE_GETADDRINFO=1  -fsanitize=memory conftest.c  >&5
configure:3008: $? = 0
configure:3015: ./conftest
configure:3019: $? = 0
configure:3034: result: no
configure:3039: checking for suffix of object files
configure:3061: /home/default/third_party/llvm-build/Release+Asserts/bin/clang -c -ggdb -O0 -fsanitize=memory -fsanitize-coverage=trace-pc-guard,trace-cmp,trace-div,trace-gep -DHAVE_GETADDRINFO=1  conftest.c >&5
configure:3065: $? = 0
configure:3086: result: o
configure:3090: checking whether we are using the GNU C compiler
configure:3109: /home/default/third_party/llvm-build/Release+Asserts/bin/clang -c -ggdb -O0 -fsanitize=memory -fsanitize-coverage=trace-pc-guard,trace-cmp,trace-div,trace-gep -DHAVE_GETADDRINFO=1  conftest.c >&5
configure:3109: $? = 0
configure:3118: result: yes
configure:3127: checking whether /home/default/third_party/llvm-build/Release+Asserts/bin/clang accepts -g
configure:3147: /home/default/third_party/llvm-build/Release+Asserts/bin/clang -c -g  conftest.c >&5
configure:3147: $? = 0
configure:3188: result: yes
configure:3205: checking for /home/default/third_party/llvm-build/Release+Asserts/bin/clang option to accept ISO C89
configure:3268: /home/default/third_party/llvm-build/Release+Asserts/bin/clang  -c -ggdb -O0 -fsanitize=memory -fsanitize-coverage=trace-pc-guard,trace-cmp,trace-div,trace-gep -DHAVE_GETADDRINFO=1  conftest.c >&5
configure:3268: $? = 0
configure:3281: result: none needed
configure:3584: checking for inline
configure:3620: /home/default/third_party/llvm-build/Release+Asserts/bin/clang -c  -fpic  conftest.c >&5
configure:3620: $? = 0
configure:3635: result: inline
configure:3647: checking for __attribute__
configure:3674: /home/default/third_party/llvm-build/Release+Asserts/bin/clang -c -ggdb -O0 -fsanitize=memory -fsanitize-coverage=trace-pc-guard,trace-cmp,trace-div,trace-gep -DHAVE_GETADDRINFO=1  conftest.c >&5
configure:3674: $? = 0
configure:3693: result: yes
configure:3698: checking whether __attribute__((unused)) can be used without warnings
configure:3721: /home/default/third_party/llvm-build/Release+Asserts/bin/clang -c -ggdb -O0 -fsanitize=memory -fsanitize-coverage=trace-pc-guard,trace-cmp,trace-div,trace-gep -DHAVE_GETADDRINFO=1 -Werror  conftest.c >&5
configure:3721: $? = 0
configure:3735: result: yes
configure:3739: checking whether __attribute__((format)) can be used without warnings
configure:3763: /home/default/third_party/llvm-build/Release+Asserts/bin/clang -c -ggdb -O0 -fsanitize=memory -fsanitize-coverage=trace-pc-guard,trace-cmp,trace-div,trace-gep -DHAVE_GETADDRINFO=1 -Werror  conftest.c >&5
configure:3763: $? = 0
configure:3777: result: yes
configure:3787: checking how to run the C preprocessor
configure:3818: /home/default/third_party/llvm-build/Release+Asserts/bin/clang -E  conftest.c
configure:3818: $? = 0
configure:3832: /home/default/third_party/llvm-build/Release+Asserts/bin/clang -E  conftest.c
conftest.c:12:10: fatal error: 'ac_nonexistent.h' file not found
#include <ac_nonexistent.h>
         ^~~~~~~~~~~~~~~~~~
1 error generated.
configure:3832: $? = 1
configure: failed program was:
| /* confdefs.h */
| #define PACKAGE_NAME ""
| #define PACKAGE_TARNAME ""
| #define PACKAGE_VERSION ""
| #define PACKAGE_STRING ""
| #define PACKAGE_BUGREPORT ""
| #define PACKAGE_URL ""
| #define inline inline
| #define HAVE___ATTRIBUTE__ 1
| #define __ATTRIBUTE___FORMAT_OK 1
| /* end confdefs.h.  */
| #include <ac_nonexistent.h>
configure:3857: result: /home/default/third_party/llvm-build/Release+Asserts/bin/clang -E
configure:3877: /home/default/third_party/llvm-build/Release+Asserts/bin/clang -E  conftest.c
configure:3877: $? = 0
configure:3891: /home/default/third_party/llvm-build/Release+Asserts/bin/clang -E  conftest.c
conftest.c:12:10: fatal error: 'ac_nonexistent.h' file not found
#include <ac_nonexistent.h>
         ^~~~~~~~~~~~~~~~~~
1 error generated.
configure:3891: $? = 1
configure: failed program was:
| /* confdefs.h */
| #define PACKAGE_NAME ""
| #define PACKAGE_TARNAME ""
| #define PACKAGE_VERSION ""
| #define PACKAGE_STRING ""
| #define PACKAGE_BUGREPORT ""
| #define PACKAGE_URL ""
| #define inline inline
| #define HAVE___ATTRIBUTE__ 1
| #define __ATTRIBUTE___FORMAT_OK 1
| /* end confdefs.h.  */
| #include <ac_nonexistent.h>
configure:3920: checking for grep that handles long lines and -e
configure:3978: result: /bin/grep
configure:3983: checking for egrep
configure:4045: result: /bin/grep -E
configure:4050: checking for ANSI C header files
configure:4070: /home/default/third_party/llvm-build/Release+Asserts/bin/clang -c -ggdb -O0 -fsanitize=memory -fsanitize-coverage=trace-pc-guard,trace-cmp,trace-div,trace-gep -DHAVE_GETADDRINFO=1  conftest.c >&5
configure:4070: $? = 0
configure:4143: /home/default/third_party/llvm-build/Release+Asserts/bin/clang -o conftest -ggdb -O0 -fsanitize=memory -fsanitize-coverage=trace-pc-guard,trace-cmp,trace-div,trace-gep -DHAVE_GETADDRINFO=1  -fsanitize=memory conftest.c  >&5
configure:4143: $? = 0
configure:4143: ./conftest
configure:4143: $? = 0
configure:4154: result: yes
configure:4167: checking for sys/types.h
configure:4167: /home/default/third_party/llvm-build/Release+Asserts/bin/clang -c -ggdb -O0 -fsanitize=memory -fsanitize-coverage=trace-pc-guard,trace-cmp,trace-div,trace-gep -DHAVE_GETADDRINFO=1  conftest.c >&5
configure:4167: $? = 0
configure:4167: result: yes
configure:4167: checking for sys/stat.h
configure:4167: /home/default/third_party/llvm-build/Release+Asserts/bin/clang -c -ggdb -O0 -fsanitize=memory -fsanitize-coverage=trace-pc-guard,trace-cmp,trace-div,trace-gep -DHAVE_GETADDRINFO=1  conftest.c >&5
configure:4167: $? = 0
configure:4167: result: yes
configure:4167: checking for stdlib.h
configure:4167: /home/default/third_party/llvm-build/Release+Asserts/bin/clang -c -ggdb -O0 -fsanitize=memory -fsanitize-coverage=trace-pc-guard,trace-cmp,trace-div,trace-gep -DHAVE_GETADDRINFO=1  conftest.c >&5
configure:4167: $? = 0
configure:4167: result: yes
configure:4167: checking for string.h
configure:4167: /home/default/third_party/llvm-build/Release+Asserts/bin/clang -c -ggdb -O0 -fsanitize=memory -fsanitize-coverage=trace-pc-guard,trace-cmp,trace-div,trace-gep -DHAVE_GETADDRINFO=1  conftest.c >&5
configure:4167: $? = 0
configure:4167: result: yes
configure:4167: checking for memory.h
configure:4167: /home/default/third_party/llvm-build/Release+Asserts/bin/clang -c -ggdb -O0 -fsanitize=memory -fsanitize-coverage=trace-pc-guard,trace-cmp,trace-div,trace-gep -DHAVE_GETADDRINFO=1  conftest.c >&5
configure:4167: $? = 0
configure:4167: result: yes
configure:4167: checking for strings.h
configure:4167: /home/default/third_party/llvm-build/Release+Asserts/bin/clang -c -ggdb -O0 -fsanitize=memory -fsanitize-coverage=trace-pc-guard,trace-cmp,trace-div,trace-gep -DHAVE_GETADDRINFO=1  conftest.c >&5
configure:4167: $? = 0
configure:4167: result: yes
configure:4167: checking for inttypes.h
configure:4167: /home/default/third_party/llvm-build/Release+Asserts/bin/clang -c -ggdb -O0 -fsanitize=memory -fsanitize-coverage=trace-pc-guard,trace-cmp,trace-div,trace-gep -DHAVE_GETADDRINFO=1  conftest.c >&5
configure:4167: $? = 0
configure:4167: result: yes
configure:4167: checking for stdint.h
configure:4167: /home/default/third_party/llvm-build/Release+Asserts/bin/clang -c -ggdb -O0 -fsanitize=memory -fsanitize-coverage=trace-pc-guard,trace-cmp,trace-div,trace-gep -DHAVE_GETADDRINFO=1  conftest.c >&5
configure:4167: $? = 0
configure:4167: result: yes
configure:4167: checking for unistd.h
configure:4167: /home/default/third_party/llvm-build/Release+Asserts/bin/clang -c -ggdb -O0 -fsanitize=memory -fsanitize-coverage=trace-pc-guard,trace-cmp,trace-div,trace-gep -DHAVE_GETADDRINFO=1  conftest.c >&5
configure:4167: $? = 0
configure:4167: result: yes
configure:4181: checking sys/bitypes.h usability
configure:4181: /home/default/third_party/llvm-build/Release+Asserts/bin/clang -c -ggdb -O0 -fsanitize=memory -fsanitize-coverage=trace-pc-guard,trace-cmp,trace-div,trace-gep -DHAVE_GETADDRINFO=1  conftest.c >&5
configure:4181: $? = 0
configure:4181: result: yes
configure:4181: checking sys/bitypes.h presence
configure:4181: /home/default/third_party/llvm-build/Release+Asserts/bin/clang -E  conftest.c
configure:4181: $? = 0
configure:4181: result: yes
configure:4181: checking for sys/bitypes.h
configure:4181: result: yes
configure:4192: checking for int8_t
configure:4192: /home/default/third_party/llvm-build/Release+Asserts/bin/clang -c -ggdb -O0 -fsanitize=memory -fsanitize-coverage=trace-pc-guard,trace-cmp,trace-div,trace-gep -DHAVE_GETADDRINFO=1  conftest.c >&5
configure:4192: $? = 0
configure:4192: /home/default/third_party/llvm-build/Release+Asserts/bin/clang -c -ggdb -O0 -fsanitize=memory -fsanitize-coverage=trace-pc-guard,trace-cmp,trace-div,trace-gep -DHAVE_GETADDRINFO=1  conftest.c >&5
conftest.c:63:21: error: expected expression
if (sizeof ((int8_t)))
                    ^
1 error generated.
configure:4192: $? = 1
configure: failed program was:
| /* confdefs.h */
| #define PACKAGE_NAME ""
| #define PACKAGE_TARNAME ""
| #define PACKAGE_VERSION ""
| #define PACKAGE_STRING ""
| #define PACKAGE_BUGREPORT ""
| #define PACKAGE_URL ""
| #define inline inline
| #define HAVE___ATTRIBUTE__ 1
| #define __ATTRIBUTE___FORMAT_OK 1
| #define STDC_HEADERS 1
| #define HAVE_SYS_TYPES_H 1
| #define HAVE_SYS_STAT_H 1
| #define HAVE_STDLIB_H 1
| #define HAVE_STRING_H 1
| #define HAVE_MEMORY_H 1
| #define HAVE_STRINGS_H 1
| #define HAVE_INTTYPES_H 1
| #define HAVE_STDINT_H 1
| #define HAVE_UNISTD_H 1
| #define HAVE_SYS_BITYPES_H 1
| /* end confdefs.h.  */
| #include <stdio.h>
| #ifdef HAVE_SYS_TYPES_H
| # include <sys/types.h>
| #endif
| #ifdef HAVE_SYS_STAT_H
| # include <sys/stat.h>
| #endif
| #ifdef STDC_HEADERS
| # include <stdlib.h>
| # include <stddef.h>
| #else
| # ifdef HAVE_STDLIB_H
| #  include <stdlib.h>
| # endif
| #endif
| #ifdef HAVE_STRING_H
| # if !defined STDC_HEADERS && defined HAVE_MEMORY_H
| #  include <memory.h>
| # endif
| # include <string.h>
| #endif
| #ifdef HAVE_STRINGS_H
| # include <strings.h>
| #endif
| #ifdef HAVE_INTTYPES_H
| # include <inttypes.h>
| #endif
| #ifdef HAVE_STDINT_H
| # include <stdint.h>
| #endif
| #ifdef HAVE_UNISTD_H
| # include <unistd.h>
| #endif
| #ifdef HAVE_SYS_BITYPES_H
| #include <sys/bitypes.h>
| #endif
| 
| int
| main ()
| {
| if (sizeof ((int8_t)))
| 	    return 0;
|   ;
|   return 0;
| }
configure:4192: result: yes
configure:4205: checking for u_int8_t
configure:4205: /home/default/third_party/llvm-build/Release+Asserts/bin/clang -c -ggdb -O0 -fsanitize=memory -fsanitize-coverage=trace-pc-guard,trace-cmp,trace-div,trace-gep -DHAVE_GETADDRINFO=1  conftest.c >&5
configure:4205: $? = 0
configure:4205: /home/default/third_party/llvm-build/Release+Asserts/bin/clang -c -ggdb -O0 -fsanitize=memory -fsanitize-coverage=trace-pc-guard,trace-cmp,trace-div,trace-gep -DHAVE_GETADDRINFO=1  conftest.c >&5
conftest.c:63:23: error: expected expression
if (sizeof ((u_int8_t)))
                      ^
1 error generated.
configure:4205: $? = 1
configure: failed program was:
| /* confdefs.h */
| #define PACKAGE_NAME ""
| #define PACKAGE_TARNAME ""
| #define PACKAGE_VERSION ""
| #define PACKAGE_STRING ""
| #define PACKAGE_BUGREPORT ""
| #define PACKAGE_URL ""
| #define inline inline
| #define HAVE___ATTRIBUTE__ 1
| #define __ATTRIBUTE___FORMAT_OK 1
| #define STDC_HEADERS 1
| #define HAVE_SYS_TYPES_H 1
| #define HAVE_SYS_STAT_H 1
| #define HAVE_STDLIB_H 1
| #define HAVE_STRING_H 1
| #define HAVE_MEMORY_H 1
| #define HAVE_STRINGS_H 1
| #define HAVE_INTTYPES_H 1
| #define HAVE_STDINT_H 1
| #define HAVE_UNISTD_H 1
| #define HAVE_SYS_BITYPES_H 1
| /* end confdefs.h.  */
| #include <stdio.h>
| #ifdef HAVE_SYS_TYPES_H
| # include <sys/types.h>
| #endif
| #ifdef HAVE_SYS_STAT_H
| # include <sys/stat.h>
| #endif
| #ifdef STDC_HEADERS
| # include <stdlib.h>
| # include <stddef.h>
| #else
| # ifdef HAVE_STDLIB_H
| #  include <stdlib.h>
| # endif
| #endif
| #ifdef HAVE_STRING_H
| # if !defined STDC_HEADERS && defined HAVE_MEMORY_H
| #  include <memory.h>
| # endif
| # include <string.h>
| #endif
| #ifdef HAVE_STRINGS_H
| # include <strings.h>
| #endif
| #ifdef HAVE_INTTYPES_H
| # include <inttypes.h>
| #endif
| #ifdef HAVE_STDINT_H
| # include <stdint.h>
| #endif
| #ifdef HAVE_UNISTD_H
| # include <unistd.h>
| #endif
| #ifdef HAVE_SYS_BITYPES_H
| #include <sys/bitypes.h>
| #endif
| 
| int
| main ()
| {
| if (sizeof ((u_int8_t)))
| 	    return 0;
|   ;
|   return 0;
| }
configure:4205: result: yes
configure:4218: checking for int16_t
configure:4218: /home/default/third_party/llvm-build/Release+Asserts/bin/clang -c -ggdb -O0 -fsanitize=memory -fsanitize-coverage=trace-pc-guard,trace-cmp,trace-div,trace-gep -DHAVE_GETADDRINFO=1  conftest.c >&5
configure:4218: $? = 0
configure:4218: /home/default/third_party/llvm-build/Release+Asserts/bin/clang -c -ggdb -O0 -fsanitize=memory -fsanitize-coverage=trace-pc-guard,trace-cmp,trace-div,trace-gep -DHAVE_GETADDRINFO=1  conftest.c >&5
conftest.c:59:22: error: expected expression
if (sizeof ((int16_t)))
                     ^
1 error generated.
configure:4218: $? = 1
configure: failed program was:
| /* confdefs.h */
| #define PACKAGE_NAME ""
| #define PACKAGE_TARNAME ""
| #define PACKAGE_VERSION ""
| #define PACKAGE_STRING ""
| #define PACKAGE_BUGREPORT ""
| #define PACKAGE_URL ""
| #define inline inline
| #define HAVE___ATTRIBUTE__ 1
| #define __ATTRIBUTE___FORMAT_OK 1
| #define STDC_HEADERS 1
| #define HAVE_SYS_TYPES_H 1
| #define HAVE_SYS_STAT_H 1
| #define HAVE_STDLIB_H 1
| #define HAVE_STRING_H 1
| #define HAVE_MEMORY_H 1
| #define HAVE_STRINGS_H 1
| #define HAVE_INTTYPES_H 1
| #define HAVE_STDINT_H 1
| #define HAVE_UNISTD_H 1
| #define HAVE_SYS_BITYPES_H 1
| /* end confdefs.h.  */
| #include <stdio.h>
| #ifdef HAVE_SYS_TYPES_H
| # include <sys/types.h>
| #endif
| #ifdef HAVE_SYS_STAT_H
| # include <sys/stat.h>
| #endif
| #ifdef STDC_HEADERS
| # include <stdlib.h>
| # include <stddef.h>
| #else
| # ifdef HAVE_STDLIB_H
| #  include <stdlib.h>
| # endif
| #endif
| #ifdef HAVE_STRING_H
| # if !defined STDC_HEADERS && defined HAVE_MEMORY_H
| #  include <memory.h>
| # endif
| # include <string.h>
| #endif
| #ifdef HAVE_STRINGS_H
| # include <strings.h>
| #endif
| #ifdef HAVE_INTTYPES_H
| # include <inttypes.h>
| #endif
| #ifdef HAVE_STDINT_H
| # include <stdint.h>
| #endif
| #ifdef HAVE_UNISTD_H
| # include <unistd.h>
| #endif
| int
| main ()
| {
| if (sizeof ((int16_t)))
| 	    return 0;
|   ;
|   return 0;
| }
configure:4218: result: yes
configure:4231: checking for u_int16_t
configure:4231: /home/default/third_party/llvm-build/Release+Asserts/bin/clang -c -ggdb -O0 -fsanitize=memory -fsanitize-coverage=trace-pc-guard,trace-cmp,trace-div,trace-gep -DHAVE_GETADDRINFO=1  conftest.c >&5
configure:4231: $? = 0
configure:4231: /home/default/third_party/llvm-build/Release+Asserts/bin/clang -c -ggdb -O0 -fsanitize=memory -fsanitize-coverage=trace-pc-guard,trace-cmp,trace-div,trace-gep -DHAVE_GETADDRINFO=1  conftest.c >&5
conftest.c:63:24: error: expected expression
if (sizeof ((u_int16_t)))
                       ^
1 error generated.
configure:4231: $? = 1
configure: failed program was:
| /* confdefs.h */
| #define PACKAGE_NAME ""
| #define PACKAGE_TARNAME ""
| #define PACKAGE_VERSION ""
| #define PACKAGE_STRING ""
| #define PACKAGE_BUGREPORT ""
| #define PACKAGE_URL ""
| #define inline inline
| #define HAVE___ATTRIBUTE__ 1
| #define __ATTRIBUTE___FORMAT_OK 1
| #define STDC_HEADERS 1
| #define HAVE_SYS_TYPES_H 1
| #define HAVE_SYS_STAT_H 1
| #define HAVE_STDLIB_H 1
| #define HAVE_STRING_H 1
| #define HAVE_MEMORY_H 1
| #define HAVE_STRINGS_H 1
| #define HAVE_INTTYPES_H 1
| #define HAVE_STDINT_H 1
| #define HAVE_UNISTD_H 1
| #define HAVE_SYS_BITYPES_H 1
| /* end confdefs.h.  */
| #include <stdio.h>
| #ifdef HAVE_SYS_TYPES_H
| # include <sys/types.h>
| #endif
| #ifdef HAVE_SYS_STAT_H
| # include <sys/stat.h>
| #endif
| #ifdef STDC_HEADERS
| # include <stdlib.h>
| # include <stddef.h>
| #else
| # ifdef HAVE_STDLIB_H
| #  include <stdlib.h>
| # endif
| #endif
| #ifdef HAVE_STRING_H
| # if !defined STDC_HEADERS && defined HAVE_MEMORY_H
| #  include <memory.h>
| # endif
| # include <string.h>
| #endif
| #ifdef HAVE_STRINGS_H
| # include <strings.h>
| #endif
| #ifdef HAVE_INTTYPES_H
| # include <inttypes.h>
| #endif
| #ifdef HAVE_STDINT_H
| # include <stdint.h>
| #endif
| #ifdef HAVE_UNISTD_H
| # include <unistd.h>
| #endif
| #ifdef HAVE_SYS_BITYPES_H
| #include <sys/bitypes.h>
| #endif
| 
| int
| main ()
| {
| if (sizeof ((u_int16_t)))
| 	    return 0;
|   ;
|   return 0;
| }
configure:4231: result: yes
configure:4244: checking for int32_t
configure:4244: /home/default/third_party/llvm-build/Release+Asserts/bin/clang -c -ggdb -O0 -fsanitize=memory -fsanitize-coverage=trace-pc-guard,trace-cmp,trace-div,trace-gep -DHAVE_GETADDRINFO=1  conftest.c >&5
configure:4244: $? = 0
configure:4244: /home/default/third_party/llvm-build/Release+Asserts/bin/clang -c -ggdb -O0 -fsanitize=memory -fsanitize-coverage=trace-pc-guard,trace-cmp,trace-div,trace-gep -DHAVE_GETADDRINFO=1  conftest.c >&5
conftest.c:63:22: error: expected expression
if (sizeof ((int32_t)))
                     ^
1 error generated.
configure:4244: $? = 1
configure: failed program was:
| /* confdefs.h */
| #define PACKAGE_NAME ""
| #define PACKAGE_TARNAME ""
| #define PACKAGE_VERSION ""
| #define PACKAGE_STRING ""
| #define PACKAGE_BUGREPORT ""
| #define PACKAGE_URL ""
| #define inline inline
| #define HAVE___ATTRIBUTE__ 1
| #define __ATTRIBUTE___FORMAT_OK 1
| #define STDC_HEADERS 1
| #define HAVE_SYS_TYPES_H 1
| #define HAVE_SYS_STAT_H 1
| #define HAVE_STDLIB_H 1
| #define HAVE_STRING_H 1
| #define HAVE_MEMORY_H 1
| #define HAVE_STRINGS_H 1
| #define HAVE_INTTYPES_H 1
| #define HAVE_STDINT_H 1
| #define HAVE_UNISTD_H 1
| #define HAVE_SYS_BITYPES_H 1
| /* end confdefs.h.  */
| #include <stdio.h>
| #ifdef HAVE_SYS_TYPES_H
| # include <sys/types.h>
| #endif
| #ifdef HAVE_SYS_STAT_H
| # include <sys/stat.h>
| #endif
| #ifdef STDC_HEADERS
| # include <stdlib.h>
| # include <stddef.h>
| #else
| # ifdef HAVE_STDLIB_H
| #  include <stdlib.h>
| # endif
| #endif
| #ifdef HAVE_STRING_H
| # if !defined STDC_HEADERS && defined HAVE_MEMORY_H
| #  include <memory.h>
| # endif
| # include <string.h>
| #endif
| #ifdef HAVE_STRINGS_H
| # include <strings.h>
| #endif
| #ifdef HAVE_INTTYPES_H
| # include <inttypes.h>
| #endif
| #ifdef HAVE_STDINT_H
| # include <stdint.h>
| #endif
| #ifdef HAVE_UNISTD_H
| # include <unistd.h>
| #endif
| #ifdef HAVE_SYS_BITYPES_H
| #include <sys/bitypes.h>
| #endif
| 
| int
| main ()
| {
| if (sizeof ((int32_t)))
| 	    return 0;
|   ;
|   return 0;
| }
configure:4244: result: yes
configure:4257: checking for u_int32_t
configure:4257: /home/default/third_party/llvm-build/Release+Asserts/bin/clang -c -ggdb -O0 -fsanitize=memory -fsanitize-coverage=trace-pc-guard,trace-cmp,trace-div,trace-gep -DHAVE_GETADDRINFO=1  conftest.c >&5
configure:4257: $? = 0
configure:4257: /home/default/third_party/llvm-build/Release+Asserts/bin/clang -c -ggdb -O0 -fsanitize=memory -fsanitize-coverage=trace-pc-guard,trace-cmp,trace-div,trace-gep -DHAVE_GETADDRINFO=1  conftest.c >&5
conftest.c:63:24: error: expected expression
if (sizeof ((u_int32_t)))
                       ^
1 error generated.
configure:4257: $? = 1
configure: failed program was:
| /* confdefs.h */
| #define PACKAGE_NAME ""
| #define PACKAGE_TARNAME ""
| #define PACKAGE_VERSION ""
| #define PACKAGE_STRING ""
| #define PACKAGE_BUGREPORT ""
| #define PACKAGE_URL ""
| #define inline inline
| #define HAVE___ATTRIBUTE__ 1
| #define __ATTRIBUTE___FORMAT_OK 1
| #define STDC_HEADERS 1
| #define HAVE_SYS_TYPES_H 1
| #define HAVE_SYS_STAT_H 1
| #define HAVE_STDLIB_H 1
| #define HAVE_STRING_H 1
| #define HAVE_MEMORY_H 1
| #define HAVE_STRINGS_H 1
| #define HAVE_INTTYPES_H 1
| #define HAVE_STDINT_H 1
| #define HAVE_UNISTD_H 1
| #define HAVE_SYS_BITYPES_H 1
| /* end confdefs.h.  */
| #include <stdio.h>
| #ifdef HAVE_SYS_TYPES_H
| # include <sys/types.h>
| #endif
| #ifdef HAVE_SYS_STAT_H
| # include <sys/stat.h>
| #endif
| #ifdef STDC_HEADERS
| # include <stdlib.h>
| # include <stddef.h>
| #else
| # ifdef HAVE_STDLIB_H
| #  include <stdlib.h>
| # endif
| #endif
| #ifdef HAVE_STRING_H
| # if !defined STDC_HEADERS && defined HAVE_MEMORY_H
| #  include <memory.h>
| # endif
| # include <string.h>
| #endif
| #ifdef HAVE_STRINGS_H
| # include <strings.h>
| #endif
| #ifdef HAVE_INTTYPES_H
| # include <inttypes.h>
| #endif
| #ifdef HAVE_STDINT_H
| # include <stdint.h>
| #endif
| #ifdef HAVE_UNISTD_H
| # include <unistd.h>
| #endif
| #ifdef HAVE_SYS_BITYPES_H
| #include <sys/bitypes.h>
| #endif
| 
| int
| main ()
| {
| if (sizeof ((u_int32_t)))
| 	    return 0;
|   ;
|   return 0;
| }
configure:4257: result: yes
configure:4270: checking for int64_t
configure:4270: /home/default/third_party/llvm-build/Release+Asserts/bin/clang -c -ggdb -O0 -fsanitize=memory -fsanitize-coverage=trace-pc-guard,trace-cmp,trace-div,trace-gep -DHAVE_GETADDRINFO=1  conftest.c >&5
configure:4270: $? = 0
configure:4270: /home/default/third_party/llvm-build/Release+Asserts/bin/clang -c -ggdb -O0 -fsanitize=memory -fsanitize-coverage=trace-pc-guard,trace-cmp,trace-div,trace-gep -DHAVE_GETADDRINFO=1  conftest.c >&5
conftest.c:63:22: error: expected expression
if (sizeof ((int64_t)))
                     ^
1 error generated.
configure:4270: $? = 1
configure: failed program was:
| /* confdefs.h */
| #define PACKAGE_NAME ""
| #define PACKAGE_TARNAME ""
| #define PACKAGE_VERSION ""
| #define PACKAGE_STRING ""
| #define PACKAGE_BUGREPORT ""
| #define PACKAGE_URL ""
| #define inline inline
| #define HAVE___ATTRIBUTE__ 1
| #define __ATTRIBUTE___FORMAT_OK 1
| #define STDC_HEADERS 1
| #define HAVE_SYS_TYPES_H 1
| #define HAVE_SYS_STAT_H 1
| #define HAVE_STDLIB_H 1
| #define HAVE_STRING_H 1
| #define HAVE_MEMORY_H 1
| #define HAVE_STRINGS_H 1
| #define HAVE_INTTYPES_H 1
| #define HAVE_STDINT_H 1
| #define HAVE_UNISTD_H 1
| #define HAVE_SYS_BITYPES_H 1
| /* end confdefs.h.  */
| #include <stdio.h>
| #ifdef HAVE_SYS_TYPES_H
| # include <sys/types.h>
| #endif
| #ifdef HAVE_SYS_STAT_H
| # include <sys/stat.h>
| #endif
| #ifdef STDC_HEADERS
| # include <stdlib.h>
| # include <stddef.h>
| #else
| # ifdef HAVE_STDLIB_H
| #  include <stdlib.h>
| # endif
| #endif
| #ifdef HAVE_STRING_H
| # if !defined STDC_HEADERS && defined HAVE_MEMORY_H
| #  include <memory.h>
| # endif
| # include <string.h>
| #endif
| #ifdef HAVE_STRINGS_H
| # include <strings.h>
| #endif
| #ifdef HAVE_INTTYPES_H
| # include <inttypes.h>
| #endif
| #ifdef HAVE_STDINT_H
| # include <stdint.h>
| #endif
| #ifdef HAVE_UNISTD_H
| # include <unistd.h>
| #endif
| #ifdef HAVE_SYS_BITYPES_H
| #include <sys/bitypes.h>
| #endif
| 
| int
| main ()
| {
| if (sizeof ((int64_t)))
| 	    return 0;
|   ;
|   return 0;
| }
configure:4270: result: yes
configure:4283: checking for u_int64_t
configure:4283: /home/default/third_party/llvm-build/Release+Asserts/bin/clang -c -ggdb -O0 -fsanitize=memory -fsanitize-coverage=trace-pc-guard,trace-cmp,trace-div,trace-gep -DHAVE_GETADDRINFO=1  conftest.c >&5
configure:4283: $? = 0
configure:4283: /home/default/third_party/llvm-build/Release+Asserts/bin/clang -c -ggdb -O0 -fsanitize=memory -fsanitize-coverage=trace-pc-guard,trace-cmp,trace-div,trace-gep -DHAVE_GETADDRINFO=1  conftest.c >&5
conftest.c:63:24: error: expected expression
if (sizeof ((u_int64_t)))
                       ^
1 error generated.
configure:4283: $? = 1
configure: failed program was:
| /* confdefs.h */
| #define PACKAGE_NAME ""
| #define PACKAGE_TARNAME ""
| #define PACKAGE_VERSION ""
| #define PACKAGE_STRING ""
| #define PACKAGE_BUGREPORT ""
| #define PACKAGE_URL ""
| #define inline inline
| #define HAVE___ATTRIBUTE__ 1
| #define __ATTRIBUTE___FORMAT_OK 1
| #define STDC_HEADERS 1
| #define HAVE_SYS_TYPES_H 1
| #define HAVE_SYS_STAT_H 1
| #define HAVE_STDLIB_H 1
| #define HAVE_STRING_H 1
| #define HAVE_MEMORY_H 1
| #define HAVE_STRINGS_H 1
| #define HAVE_INTTYPES_H 1
| #define HAVE_STDINT_H 1
| #define HAVE_UNISTD_H 1
| #define HAVE_SYS_BITYPES_H 1
| /* end confdefs.h.  */
| #include <stdio.h>
| #ifdef HAVE_SYS_TYPES_H
| # include <sys/types.h>
| #endif
| #ifdef HAVE_SYS_STAT_H
| # include <sys/stat.h>
| #endif
| #ifdef STDC_HEADERS
| # include <stdlib.h>
| # include <stddef.h>
| #else
| # ifdef HAVE_STDLIB_H
| #  include <stdlib.h>
| # endif
| #endif
| #ifdef HAVE_STRING_H
| # if !defined STDC_HEADERS && defined HAVE_MEMORY_H
| #  include <memory.h>
| # endif
| # include <string.h>
| #endif
| #ifdef HAVE_STRINGS_H
| # include <strings.h>
| #endif
| #ifdef HAVE_INTTYPES_H
| # include <inttypes.h>
| #endif
| #ifdef HAVE_STDINT_H
| # include <stdint.h>
| #endif
| #ifdef HAVE_UNISTD_H
| # include <unistd.h>
| #endif
| #ifdef HAVE_SYS_BITYPES_H
| #include <sys/bitypes.h>
| #endif
| 
| int
| main ()
| {
| if (sizeof ((u_int64_t)))
| 	    return 0;
|   ;
|   return 0;
| }
configure:4283: result: yes
configure:4307: checking for special C compiler options needed for large files
configure:4352: result: no
configure:4358: checking for _FILE_OFFSET_BITS value needed for large files
configure:4383: /home/default/third_party/llvm-build/Release+Asserts/bin/clang -c -ggdb -O0 -fsanitize=memory -fsanitize-coverage=trace-pc-guard,trace-cmp,trace-div,trace-gep -DHAVE_GETADDRINFO=1  conftest.c >&5
configure:4383: $? = 0
configure:4415: result: no
configure:4500: checking for _LARGEFILE_SOURCE value needed for large files
configure:4519: /home/default/third_party/llvm-build/Release+Asserts/bin/clang -o conftest -ggdb -O0 -fsanitize=memory -fsanitize-coverage=trace-pc-guard,trace-cmp,trace-div,trace-gep -DHAVE_GETADDRINFO=1  -fsanitize=memory conftest.c  >&5
configure:4519: $? = 0
configure:4547: result: no
configure:4572: checking sys/ioccom.h usability
configure:4572: /home/default/third_party/llvm-build/Release+Asserts/bin/clang -c -ggdb -O0 -fsanitize=memory -fsanitize-coverage=trace-pc-guard,trace-cmp,trace-div,trace-gep -DHAVE_GETADDRINFO=1  conftest.c >&5
conftest.c:57:10: fatal error: 'sys/ioccom.h' file not found
#include <sys/ioccom.h>
         ^~~~~~~~~~~~~~
1 error generated.
configure:4572: $? = 1
configure: failed program was:
| /* confdefs.h */
| #define PACKAGE_NAME ""
| #define PACKAGE_TARNAME ""
| #define PACKAGE_VERSION ""
| #define PACKAGE_STRING ""
| #define PACKAGE_BUGREPORT ""
| #define PACKAGE_URL ""
| #define inline inline
| #define HAVE___ATTRIBUTE__ 1
| #define __ATTRIBUTE___FORMAT_OK 1
| #define STDC_HEADERS 1
| #define HAVE_SYS_TYPES_H 1
| #define HAVE_SYS_STAT_H 1
| #define HAVE_STDLIB_H 1
| #define HAVE_STRING_H 1
| #define HAVE_MEMORY_H 1
| #define HAVE_STRINGS_H 1
| #define HAVE_INTTYPES_H 1
| #define HAVE_STDINT_H 1
| #define HAVE_UNISTD_H 1
| #define HAVE_SYS_BITYPES_H 1
| #define HAVE_FSEEKO 1
| /* end confdefs.h.  */
| #include <stdio.h>
| #ifdef HAVE_SYS_TYPES_H
| # include <sys/types.h>
| #endif
| #ifdef HAVE_SYS_STAT_H
| # include <sys/stat.h>
| #endif
| #ifdef STDC_HEADERS
| # include <stdlib.h>
| # include <stddef.h>
| #else
| # ifdef HAVE_STDLIB_H
| #  include <stdlib.h>
| # endif
| #endif
| #ifdef HAVE_STRING_H
| # if !defined STDC_HEADERS && defined HAVE_MEMORY_H
| #  include <memory.h>
| # endif
| # include <string.h>
| #endif
| #ifdef HAVE_STRINGS_H
| # include <strings.h>
| #endif
| #ifdef HAVE_INTTYPES_H
| # include <inttypes.h>
| #endif
| #ifdef HAVE_STDINT_H
| # include <stdint.h>
| #endif
| #ifdef HAVE_UNISTD_H
| # include <unistd.h>
| #endif
| #include <sys/ioccom.h>
configure:4572: result: no
configure:4572: checking sys/ioccom.h presence
configure:4572: /home/default/third_party/llvm-build/Release+Asserts/bin/clang -E  conftest.c
conftest.c:24:10: fatal error: 'sys/ioccom.h' file not found
#include <sys/ioccom.h>
         ^~~~~~~~~~~~~~
1 error generated.
configure:4572: $? = 1
configure: failed program was:
| /* confdefs.h */
| #define PACKAGE_NAME ""
| #define PACKAGE_TARNAME ""
| #define PACKAGE_VERSION ""
| #define PACKAGE_STRING ""
| #define PACKAGE_BUGREPORT ""
| #define PACKAGE_URL ""
| #define inline inline
| #define HAVE___ATTRIBUTE__ 1
| #define __ATTRIBUTE___FORMAT_OK 1
| #define STDC_HEADERS 1
| #define HAVE_SYS_TYPES_H 1
| #define HAVE_SYS_STAT_H 1
| #define HAVE_STDLIB_H 1
| #define HAVE_STRING_H 1
| #define HAVE_MEMORY_H 1
| #define HAVE_STRINGS_H 1
| #define HAVE_INTTYPES_H 1
| #define HAVE_STDINT_H 1
| #define HAVE_UNISTD_H 1
| #define HAVE_SYS_BITYPES_H 1
| #define HAVE_FSEEKO 1
| /* end confdefs.h.  */
| #include <sys/ioccom.h>
configure:4572: result: no
configure:4572: checking for sys/ioccom.h
configure:4572: result: no
configure:4572: checking sys/sockio.h usability
configure:4572: /home/default/third_party/llvm-build/Release+Asserts/bin/clang -c -ggdb -O0 -fsanitize=memory -fsanitize-coverage=trace-pc-guard,trace-cmp,trace-div,trace-gep -DHAVE_GETADDRINFO=1  conftest.c >&5
conftest.c:57:10: fatal error: 'sys/sockio.h' file not found
#include <sys/sockio.h>
         ^~~~~~~~~~~~~~
1 error generated.
configure:4572: $? = 1
configure: failed program was:
| /* confdefs.h */
| #define PACKAGE_NAME ""
| #define PACKAGE_TARNAME ""
| #define PACKAGE_VERSION ""
| #define PACKAGE_STRING ""
| #define PACKAGE_BUGREPORT ""
| #define PACKAGE_URL ""
| #define inline inline
| #define HAVE___ATTRIBUTE__ 1
| #define __ATTRIBUTE___FORMAT_OK 1
| #define STDC_HEADERS 1
| #define HAVE_SYS_TYPES_H 1
| #define HAVE_SYS_STAT_H 1
| #define HAVE_STDLIB_H 1
| #define HAVE_STRING_H 1
| #define HAVE_MEMORY_H 1
| #define HAVE_STRINGS_H 1
| #define HAVE_INTTYPES_H 1
| #define HAVE_STDINT_H 1
| #define HAVE_UNISTD_H 1
| #define HAVE_SYS_BITYPES_H 1
| #define HAVE_FSEEKO 1
| /* end confdefs.h.  */
| #include <stdio.h>
| #ifdef HAVE_SYS_TYPES_H
| # include <sys/types.h>
| #endif
| #ifdef HAVE_SYS_STAT_H
| # include <sys/stat.h>
| #endif
| #ifdef STDC_HEADERS
| # include <stdlib.h>
| # include <stddef.h>
| #else
| # ifdef HAVE_STDLIB_H
| #  include <stdlib.h>
| # endif
| #endif
| #ifdef HAVE_STRING_H
| # if !defined STDC_HEADERS && defined HAVE_MEMORY_H
| #  include <memory.h>
| # endif
| # include <string.h>
| #endif
| #ifdef HAVE_STRINGS_H
| # include <strings.h>
| #endif
| #ifdef HAVE_INTTYPES_H
| # include <inttypes.h>
| #endif
| #ifdef HAVE_STDINT_H
| # include <stdint.h>
| #endif
| #ifdef HAVE_UNISTD_H
| # include <unistd.h>
| #endif
| #include <sys/sockio.h>
configure:4572: result: no
configure:4572: checking sys/sockio.h presence
configure:4572: /home/default/third_party/llvm-build/Release+Asserts/bin/clang -E  conftest.c
conftest.c:24:10: fatal error: 'sys/sockio.h' file not found
#include <sys/sockio.h>
         ^~~~~~~~~~~~~~
1 error generated.
configure:4572: $? = 1
configure: failed program was:
| /* confdefs.h */
| #define PACKAGE_NAME ""
| #define PACKAGE_TARNAME ""
| #define PACKAGE_VERSION ""
| #define PACKAGE_STRING ""
| #define PACKAGE_BUGREPORT ""
| #define PACKAGE_URL ""
| #define inline inline
| #define HAVE___ATTRIBUTE__ 1
| #define __ATTRIBUTE___FORMAT_OK 1
| #define STDC_HEADERS 1
| #define HAVE_SYS_TYPES_H 1
| #define HAVE_SYS_STAT_H 1
| #define HAVE_STDLIB_H 1
| #define HAVE_STRING_H 1
| #define HAVE_MEMORY_H 1
| #define HAVE_STRINGS_H 1
| #define HAVE_INTTYPES_H 1
| #define HAVE_STDINT_H 1
| #define HAVE_UNISTD_H 1
| #define HAVE_SYS_BITYPES_H 1
| #define HAVE_FSEEKO 1
| /* end confdefs.h.  */
| #include <sys/sockio.h>
configure:4572: result: no
configure:4572: checking for sys/sockio.h
configure:4572: result: no
configure:4572: checking limits.h usability
configure:4572: /home/default/third_party/llvm-build/Release+Asserts/bin/clang -c -ggdb -O0 -fsanitize=memory -fsanitize-coverage=trace-pc-guard,trace-cmp,trace-div,trace-gep -DHAVE_GETADDRINFO=1  conftest.c >&5
configure:4572: $? = 0
configure:4572: result: yes
configure:4572: checking limits.h presence
configure:4572: /home/default/third_party/llvm-build/Release+Asserts/bin/clang -E  conftest.c
configure:4572: $? = 0
configure:4572: result: yes
configure:4572: checking for limits.h
configure:4572: result: yes
configure:4572: checking paths.h usability
configure:4572: /home/default/third_party/llvm-build/Release+Asserts/bin/clang -c -ggdb -O0 -fsanitize=memory -fsanitize-coverage=trace-pc-guard,trace-cmp,trace-div,trace-gep -DHAVE_GETADDRINFO=1  conftest.c >&5
configure:4572: $? = 0
configure:4572: result: yes
configure:4572: checking paths.h presence
configure:4572: /home/default/third_party/llvm-build/Release+Asserts/bin/clang -E  conftest.c
configure:4572: $? = 0
configure:4572: result: yes
configure:4572: checking for paths.h
configure:4572: result: yes
configure:4584: checking linux/types.h usability
configure:4584: /home/default/third_party/llvm-build/Release+Asserts/bin/clang -c -ggdb -O0 -fsanitize=memory -fsanitize-coverage=trace-pc-guard,trace-cmp,trace-div,trace-gep -DHAVE_GETADDRINFO=1  conftest.c >&5
configure:4584: $? = 0
configure:4584: result: yes
configure:4584: checking linux/types.h presence
configure:4584: /home/default/third_party/llvm-build/Release+Asserts/bin/clang -E  conftest.c
configure:4584: $? = 0
configure:4584: result: yes
configure:4584: checking for linux/types.h
configure:4584: result: yes
configure:4597: checking linux/if_packet.h usability
configure:4597: /home/default/third_party/llvm-build/Release+Asserts/bin/clang -c -ggdb -O0 -fsanitize=memory -fsanitize-coverage=trace-pc-guard,trace-cmp,trace-div,trace-gep -DHAVE_GETADDRINFO=1  conftest.c >&5
configure:4597: $? = 0
configure:4597: result: yes
configure:4597: checking linux/if_packet.h presence
configure:4597: /home/default/third_party/llvm-build/Release+Asserts/bin/clang -E  conftest.c
configure:4597: $? = 0
configure:4597: result: yes
configure:4597: checking for linux/if_packet.h
configure:4597: result: yes
configure:4597: checking netpacket/packet.h usability
configure:4597: /home/default/third_party/llvm-build/Release+Asserts/bin/clang -c -ggdb -O0 -fsanitize=memory -fsanitize-coverage=trace-pc-guard,trace-cmp,trace-div,trace-gep -DHAVE_GETADDRINFO=1  conftest.c >&5
configure:4597: $? = 0
configure:4597: result: yes
configure:4597: checking netpacket/packet.h presence
configure:4597: /home/default/third_party/llvm-build/Release+Asserts/bin/clang -E  conftest.c
configure:4597: $? = 0
configure:4597: result: yes
configure:4597: checking for netpacket/packet.h
configure:4597: result: yes
configure:4597: checking netpacket/if_packet.h usability
configure:4597: /home/default/third_party/llvm-build/Release+Asserts/bin/clang -c -ggdb -O0 -fsanitize=memory -fsanitize-coverage=trace-pc-guard,trace-cmp,trace-div,trace-gep -DHAVE_GETADDRINFO=1  conftest.c >&5
conftest.c:62:10: fatal error: 'netpacket/if_packet.h' file not found
#include <netpacket/if_packet.h>
         ^~~~~~~~~~~~~~~~~~~~~~~
1 error generated.
configure:4597: $? = 1
configure: failed program was:
| /* confdefs.h */
| #define PACKAGE_NAME ""
| #define PACKAGE_TARNAME ""
| #define PACKAGE_VERSION ""
| #define PACKAGE_STRING ""
| #define PACKAGE_BUGREPORT ""
| #define PACKAGE_URL ""
| #define inline inline
| #define HAVE___ATTRIBUTE__ 1
| #define __ATTRIBUTE___FORMAT_OK 1
| #define STDC_HEADERS 1
| #define HAVE_SYS_TYPES_H 1
| #define HAVE_SYS_STAT_H 1
| #define HAVE_STDLIB_H 1
| #define HAVE_STRING_H 1
| #define HAVE_MEMORY_H 1
| #define HAVE_STRINGS_H 1
| #define HAVE_INTTYPES_H 1
| #define HAVE_STDINT_H 1
| #define HAVE_UNISTD_H 1
| #define HAVE_SYS_BITYPES_H 1
| #define HAVE_FSEEKO 1
| #define HAVE_LIMITS_H 1
| #define HAVE_PATHS_H 1
| #define HAVE_LINUX_TYPES_H 1
| #define HAVE_LINUX_IF_PACKET_H 1
| #define HAVE_NETPACKET_PACKET_H 1
| /* end confdefs.h.  */
| #include <stdio.h>
| #ifdef HAVE_SYS_TYPES_H
| # include <sys/types.h>
| #endif
| #ifdef HAVE_SYS_STAT_H
| # include <sys/stat.h>
| #endif
| #ifdef STDC_HEADERS
| # include <stdlib.h>
| # include <stddef.h>
| #else
| # ifdef HAVE_STDLIB_H
| #  include <stdlib.h>
| # endif
| #endif
| #ifdef HAVE_STRING_H
| # if !defined STDC_HEADERS && defined HAVE_MEMORY_H
| #  include <memory.h>
| # endif
| # include <string.h>
| #endif
| #ifdef HAVE_STRINGS_H
| # include <strings.h>
| #endif
| #ifdef HAVE_INTTYPES_H
| # include <inttypes.h>
| #endif
| #ifdef HAVE_STDINT_H
| # include <stdint.h>
| #endif
| #ifdef HAVE_UNISTD_H
| # include <unistd.h>
| #endif
| #include <netpacket/if_packet.h>
configure:4597: result: no
configure:4597: checking netpacket/if_packet.h presence
configure:4597: /home/default/third_party/llvm-build/Release+Asserts/bin/clang -E  conftest.c
conftest.c:29:10: fatal error: 'netpacket/if_packet.h' file not found
#include <netpacket/if_packet.h>
         ^~~~~~~~~~~~~~~~~~~~~~~
1 error generated.
configure:4597: $? = 1
configure: failed program was:
| /* confdefs.h */
| #define PACKAGE_NAME ""
| #define PACKAGE_TARNAME ""
| #define PACKAGE_VERSION ""
| #define PACKAGE_STRING ""
| #define PACKAGE_BUGREPORT ""
| #define PACKAGE_URL ""
| #define inline inline
| #define HAVE___ATTRIBUTE__ 1
| #define __ATTRIBUTE___FORMAT_OK 1
| #define STDC_HEADERS 1
| #define HAVE_SYS_TYPES_H 1
| #define HAVE_SYS_STAT_H 1
| #define HAVE_STDLIB_H 1
| #define HAVE_STRING_H 1
| #define HAVE_MEMORY_H 1
| #define HAVE_STRINGS_H 1
| #define HAVE_INTTYPES_H 1
| #define HAVE_STDINT_H 1
| #define HAVE_UNISTD_H 1
| #define HAVE_SYS_BITYPES_H 1
| #define HAVE_FSEEKO 1
| #define HAVE_LIMITS_H 1
| #define HAVE_PATHS_H 1
| #define HAVE_LINUX_TYPES_H 1
| #define HAVE_LINUX_IF_PACKET_H 1
| #define HAVE_NETPACKET_PACKET_H 1
| /* end confdefs.h.  */
| #include <netpacket/if_packet.h>
configure:4597: result: no
configure:4597: checking for netpacket/if_packet.h
configure:4597: result: no
configure:4609: checking for net/pfvar.h
configure:4609: /home/default/third_party/llvm-build/Release+Asserts/bin/clang -c -ggdb -O0 -fsanitize=memory -fsanitize-coverage=trace-pc-guard,trace-cmp,trace-div,trace-gep -DHAVE_GETADDRINFO=1  conftest.c >&5
conftest.c:33:10: fatal error: 'net/pfvar.h' file not found
#include <net/pfvar.h>
         ^~~~~~~~~~~~~
1 error generated.
configure:4609: $? = 1
configure: failed program was:
| /* confdefs.h */
| #define PACKAGE_NAME ""
| #define PACKAGE_TARNAME ""
| #define PACKAGE_VERSION ""
| #define PACKAGE_STRING ""
| #define PACKAGE_BUGREPORT ""
| #define PACKAGE_URL ""
| #define inline inline
| #define HAVE___ATTRIBUTE__ 1
| #define __ATTRIBUTE___FORMAT_OK 1
| #define STDC_HEADERS 1
| #define HAVE_SYS_TYPES_H 1
| #define HAVE_SYS_STAT_H 1
| #define HAVE_STDLIB_H 1
| #define HAVE_STRING_H 1
| #define HAVE_MEMORY_H 1
| #define HAVE_STRINGS_H 1
| #define HAVE_INTTYPES_H 1
| #define HAVE_STDINT_H 1
| #define HAVE_UNISTD_H 1
| #define HAVE_SYS_BITYPES_H 1
| #define HAVE_FSEEKO 1
| #define HAVE_LIMITS_H 1
| #define HAVE_PATHS_H 1
| #define HAVE_LINUX_TYPES_H 1
| #define HAVE_LINUX_IF_PACKET_H 1
| #define HAVE_NETPACKET_PACKET_H 1
| /* end confdefs.h.  */
| #include <sys/types.h>
| #include <sys/socket.h>
| #include <net/if.h>
| 
| #include <net/pfvar.h>
configure:4609: result: no
configure:4658: checking for netinet/if_ether.h
configure:4658: /home/default/third_party/llvm-build/Release+Asserts/bin/clang -c -ggdb -O0 -fsanitize=memory -fsanitize-coverage=trace-pc-guard,trace-cmp,trace-div,trace-gep -DHAVE_GETADDRINFO=1  conftest.c >&5
configure:4658: $? = 0
configure:4658: result: yes
configure:4706: checking for linux/sockios.h
configure:4706: /home/default/third_party/llvm-build/Release+Asserts/bin/clang -c -ggdb -O0 -fsanitize=memory -fsanitize-coverage=trace-pc-guard,trace-cmp,trace-div,trace-gep -DHAVE_GETADDRINFO=1  conftest.c >&5
configure:4706: $? = 0
configure:4706: result: yes
configure:4706: checking for linux/if_bonding.h
configure:4706: /home/default/third_party/llvm-build/Release+Asserts/bin/clang -c -ggdb -O0 -fsanitize=memory -fsanitize-coverage=trace-pc-guard,trace-cmp,trace-div,trace-gep -DHAVE_GETADDRINFO=1  conftest.c >&5
configure:4706: $? = 0
configure:4706: result: yes
configure:4724: checking for ANSI ioctl definitions
configure:4752: /home/default/third_party/llvm-build/Release+Asserts/bin/clang -c -ggdb -O0 -fsanitize=memory -fsanitize-coverage=trace-pc-guard,trace-cmp,trace-div,trace-gep -DHAVE_GETADDRINFO=1  conftest.c >&5
conftest.c:45:9: warning: no case matching constant switch condition '0'
switch (0) {
        ^
1 warning generated.
configure:4752: $? = 0
configure:4760: result: yes
configure:4772: checking for strerror
configure:4772: /home/default/third_party/llvm-build/Release+Asserts/bin/clang -o conftest -ggdb -O0 -fsanitize=memory -fsanitize-coverage=trace-pc-guard,trace-cmp,trace-div,trace-gep -DHAVE_GETADDRINFO=1  -fsanitize=memory conftest.c  >&5
conftest.c:55:6: warning: incompatible redeclaration of library function 'strerror' [-Wincompatible-library-redeclaration]
char strerror ();
     ^
conftest.c:55:6: note: 'strerror' is a builtin with type 'char *(int)'
1 warning generated.
configure:4772: $? = 0
configure:4772: result: yes
configure:4772: checking for strlcpy
configure:4772: /home/default/third_party/llvm-build/Release+Asserts/bin/clang -o conftest -ggdb -O0 -fsanitize=memory -fsanitize-coverage=trace-pc-guard,trace-cmp,trace-div,trace-gep -DHAVE_GETADDRINFO=1  -fsanitize=memory conftest.c  >&5
conftest.c:56:6: warning: incompatible redeclaration of library function 'strlcpy' [-Wincompatible-library-redeclaration]
char strlcpy ();
     ^
conftest.c:56:6: note: 'strlcpy' is a builtin with type 'unsigned long (char *, const char *, unsigned long)'
1 warning generated.
/tmp/conftest-8086cc.o: In function `main':
/home/default/nmap/libpcap/conftest.c:67: undefined reference to `strlcpy'
clang: error: linker command failed with exit code 1 (use -v to see invocation)
configure:4772: $? = 1
configure: failed program was:
| /* confdefs.h */
| #define PACKAGE_NAME ""
| #define PACKAGE_TARNAME ""
| #define PACKAGE_VERSION ""
| #define PACKAGE_STRING ""
| #define PACKAGE_BUGREPORT ""
| #define PACKAGE_URL ""
| #define inline inline
| #define HAVE___ATTRIBUTE__ 1
| #define __ATTRIBUTE___FORMAT_OK 1
| #define STDC_HEADERS 1
| #define HAVE_SYS_TYPES_H 1
| #define HAVE_SYS_STAT_H 1
| #define HAVE_STDLIB_H 1
| #define HAVE_STRING_H 1
| #define HAVE_MEMORY_H 1
| #define HAVE_STRINGS_H 1
| #define HAVE_INTTYPES_H 1
| #define HAVE_STDINT_H 1
| #define HAVE_UNISTD_H 1
| #define HAVE_SYS_BITYPES_H 1
| #define HAVE_FSEEKO 1
| #define HAVE_LIMITS_H 1
| #define HAVE_PATHS_H 1
| #define HAVE_LINUX_TYPES_H 1
| #define HAVE_LINUX_IF_PACKET_H 1
| #define HAVE_NETPACKET_PACKET_H 1
| #define HAVE_NETINET_IF_ETHER_H 1
| #define HAVE_LINUX_SOCKIOS_H 1
| #define HAVE_LINUX_IF_BONDING_H 1
| #define HAVE_STRERROR 1
| /* end confdefs.h.  */
| /* Define strlcpy to an innocuous variant, in case <limits.h> declares strlcpy.
|    For example, HP-UX 11i <limits.h> declares gettimeofday.  */
| #define strlcpy innocuous_strlcpy
| 
| /* System header to define __stub macros and hopefully few prototypes,
|     which can conflict with char strlcpy (); below.
|     Prefer <limits.h> to <assert.h> if __STDC__ is defined, since
|     <limits.h> exists even on freestanding compilers.  */
| 
| #ifdef __STDC__
| # include <limits.h>
| #else
| # include <assert.h>
| #endif
| 
| #undef strlcpy
| 
| /* Override any GCC internal prototype to avoid an error.
|    Use char because int might match the return type of a GCC
|    builtin and then its argument prototype would still apply.  */
| #ifdef __cplusplus
| extern "C"
| #endif
| char strlcpy ();
| /* The GNU C library defines this for functions which it implements
|     to always fail with ENOSYS.  Some functions are actually named
|     something starting with __ and the normal name is an alias.  */
| #if defined __stub_strlcpy || defined __stub___strlcpy
| choke me
| #endif
| 
| int
| main ()
| {
| return strlcpy ();
|   ;
|   return 0;
| }
configure:4772: result: no
configure:4786: checking for vsnprintf
configure:4786: /home/default/third_party/llvm-build/Release+Asserts/bin/clang -o conftest -ggdb -O0 -fsanitize=memory -fsanitize-coverage=trace-pc-guard,trace-cmp,trace-div,trace-gep -DHAVE_GETADDRINFO=1  -fsanitize=memory conftest.c  >&5
conftest.c:56:6: warning: incompatible redeclaration of library function 'vsnprintf' [-Wincompatible-library-redeclaration]
char vsnprintf ();
     ^
conftest.c:56:6: note: 'vsnprintf' is a builtin with type 'int (char *, unsigned long, const char *, struct __va_list_tag *)'
1 warning generated.
configure:4786: $? = 0
configure:4786: result: yes
configure:4786: checking for snprintf
configure:4786: /home/default/third_party/llvm-build/Release+Asserts/bin/clang -o conftest -ggdb -O0 -fsanitize=memory -fsanitize-coverage=trace-pc-guard,trace-cmp,trace-div,trace-gep -DHAVE_GETADDRINFO=1  -fsanitize=memory conftest.c  >&5
conftest.c:57:6: warning: incompatible redeclaration of library function 'snprintf' [-Wincompatible-library-redeclaration]
char snprintf ();
     ^
conftest.c:57:6: note: 'snprintf' is a builtin with type 'int (char *, unsigned long, const char *, ...)'
1 warning generated.
configure:4786: $? = 0
configure:4786: result: yes
configure:4815: checking for library containing gethostbyname
configure:4846: /home/default/third_party/llvm-build/Release+Asserts/bin/clang -o conftest -ggdb -O0 -fsanitize=memory -fsanitize-coverage=trace-pc-guard,trace-cmp,trace-div,trace-gep -DHAVE_GETADDRINFO=1  -fsanitize=memory conftest.c  >&5
configure:4846: $? = 0
configure:4863: result: none required
configure:4916: checking for library containing socket
configure:4947: /home/default/third_party/llvm-build/Release+Asserts/bin/clang -o conftest -ggdb -O0 -fsanitize=memory -fsanitize-coverage=trace-pc-guard,trace-cmp,trace-div,trace-gep -DHAVE_GETADDRINFO=1  -fsanitize=memory conftest.c  >&5
configure:4947: $? = 0
configure:4964: result: none required
configure:5014: checking for library containing putmsg
configure:5045: /home/default/third_party/llvm-build/Release+Asserts/bin/clang -o conftest -ggdb -O0 -fsanitize=memory -fsanitize-coverage=trace-pc-guard,trace-cmp,trace-div,trace-gep -DHAVE_GETADDRINFO=1  -fsanitize=memory conftest.c  >&5
/tmp/conftest-f7842f.o: In function `main':
/home/default/nmap/libpcap/conftest.c:46: warning: putmsg is not implemented and will always fail
configure:5045: $? = 0
configure:5062: result: none required
configure:5085: checking for ether_hostton
configure:5085: /home/default/third_party/llvm-build/Release+Asserts/bin/clang -o conftest -ggdb -O0 -fsanitize=memory -fsanitize-coverage=trace-pc-guard,trace-cmp,trace-div,trace-gep -DHAVE_GETADDRINFO=1  -fsanitize=memory conftest.c  >&5
configure:5085: $? = 0
configure:5085: result: yes
configure:5102: checking whether ether_hostton is declared
configure:5102: /home/default/third_party/llvm-build/Release+Asserts/bin/clang -c -ggdb -O0 -fsanitize=memory -fsanitize-coverage=trace-pc-guard,trace-cmp,trace-div,trace-gep -DHAVE_GETADDRINFO=1  conftest.c >&5
conftest.c:54:10: error: use of undeclared identifier 'ether_hostton'
  (void) ether_hostton;
         ^
1 error generated.
configure:5102: $? = 1
configure: failed program was:
| /* confdefs.h */
| #define PACKAGE_NAME ""
| #define PACKAGE_TARNAME ""
| #define PACKAGE_VERSION ""
| #define PACKAGE_STRING ""
| #define PACKAGE_BUGREPORT ""
| #define PACKAGE_URL ""
| #define inline inline
| #define HAVE___ATTRIBUTE__ 1
| #define __ATTRIBUTE___FORMAT_OK 1
| #define STDC_HEADERS 1
| #define HAVE_SYS_TYPES_H 1
| #define HAVE_SYS_STAT_H 1
| #define HAVE_STDLIB_H 1
| #define HAVE_STRING_H 1
| #define HAVE_MEMORY_H 1
| #define HAVE_STRINGS_H 1
| #define HAVE_INTTYPES_H 1
| #define HAVE_STDINT_H 1
| #define HAVE_UNISTD_H 1
| #define HAVE_SYS_BITYPES_H 1
| #define HAVE_FSEEKO 1
| #define HAVE_LIMITS_H 1
| #define HAVE_PATHS_H 1
| #define HAVE_LINUX_TYPES_H 1
| #define HAVE_LINUX_IF_PACKET_H 1
| #define HAVE_NETPACKET_PACKET_H 1
| #define HAVE_NETINET_IF_ETHER_H 1
| #define HAVE_LINUX_SOCKIOS_H 1
| #define HAVE_LINUX_IF_BONDING_H 1
| #define HAVE_STRERROR 1
| #define HAVE_VSNPRINTF 1
| #define HAVE_SNPRINTF 1
| #define HAVE_ETHER_HOSTTON 1
| /* end confdefs.h.  */
| 
| #include <sys/types.h>
| #include <sys/socket.h>
| #include <netinet/in.h>
| #include <arpa/inet.h>
| struct mbuf;
| struct rtentry;
| #include <net/if.h>
| #include <netinet/if_ether.h>
| 
| 
| int
| main ()
| {
| #ifndef ether_hostton
| #ifdef __cplusplus
|   (void) ether_hostton;
| #else
|   (void) ether_hostton;
| #endif
| #endif
| 
|   ;
|   return 0;
| }
configure:5102: result: no
configure:5131: checking netinet/ether.h usability
configure:5131: /home/default/third_party/llvm-build/Release+Asserts/bin/clang -c -ggdb -O0 -fsanitize=memory -fsanitize-coverage=trace-pc-guard,trace-cmp,trace-div,trace-gep -DHAVE_GETADDRINFO=1  conftest.c >&5
configure:5131: $? = 0
configure:5131: result: yes
configure:5131: checking netinet/ether.h presence
configure:5131: /home/default/third_party/llvm-build/Release+Asserts/bin/clang -E  conftest.c
configure:5131: $? = 0
configure:5131: result: yes
configure:5131: checking for netinet/ether.h
configure:5131: result: yes
configure:5149: checking whether ether_hostton is declared
configure:5149: /home/default/third_party/llvm-build/Release+Asserts/bin/clang -c -ggdb -O0 -fsanitize=memory -fsanitize-coverage=trace-pc-guard,trace-cmp,trace-div,trace-gep -DHAVE_GETADDRINFO=1  conftest.c >&5
configure:5149: $? = 0
configure:5149: result: yes
configure:5201: checking if --disable-protochain option is specified
configure:5219: result: enabled
configure:5251: checking packet capture type
configure:5295: result: linux
configure:5502: checking for linux/wireless.h
configure:5502: /home/default/third_party/llvm-build/Release+Asserts/bin/clang -c -ggdb -O0 -fsanitize=memory -fsanitize-coverage=trace-pc-guard,trace-cmp,trace-div,trace-gep -DHAVE_GETADDRINFO=1  conftest.c >&5
configure:5502: $? = 0
configure:5502: result: yes
configure:5732: checking for linux/ethtool.h
configure:5732: /home/default/third_party/llvm-build/Release+Asserts/bin/clang -c -ggdb -O0 -fsanitize=memory -fsanitize-coverage=trace-pc-guard,trace-cmp,trace-div,trace-gep -DHAVE_GETADDRINFO=1  conftest.c >&5
configure:5732: $? = 0
configure:5732: result: yes
configure:5746: checking if if_packet.h has tpacket_stats defined
configure:5763: /home/default/third_party/llvm-build/Release+Asserts/bin/clang -c -ggdb -O0 -fsanitize=memory -fsanitize-coverage=trace-pc-guard,trace-cmp,trace-div,trace-gep -DHAVE_GETADDRINFO=1  conftest.c >&5
configure:5763: $? = 0
configure:5771: result: yes
configure:5778: checking if tpacket_auxdata struct has tp_vlan_tci member
configure:5796: /home/default/third_party/llvm-build/Release+Asserts/bin/clang -c -ggdb -O0 -fsanitize=memory -fsanitize-coverage=trace-pc-guard,trace-cmp,trace-div,trace-gep -DHAVE_GETADDRINFO=1  conftest.c >&5
configure:5796: $? = 0
configure:5804: result: yes
configure:5913: checking for getifaddrs
configure:5913: /home/default/third_party/llvm-build/Release+Asserts/bin/clang -o conftest -ggdb -O0 -fsanitize=memory -fsanitize-coverage=trace-pc-guard,trace-cmp,trace-div,trace-gep -DHAVE_GETADDRINFO=1  -fsanitize=memory conftest.c  >&5
configure:5913: $? = 0
configure:5913: result: yes
configure:5920: checking ifaddrs.h usability
configure:5920: /home/default/third_party/llvm-build/Release+Asserts/bin/clang -c -ggdb -O0 -fsanitize=memory -fsanitize-coverage=trace-pc-guard,trace-cmp,trace-div,trace-gep -DHAVE_GETADDRINFO=1  conftest.c >&5
configure:5920: $? = 0
configure:5920: result: yes
configure:5920: checking ifaddrs.h presence
configure:5920: /home/default/third_party/llvm-build/Release+Asserts/bin/clang -E  conftest.c
configure:5920: $? = 0
configure:5920: result: yes
configure:5920: checking for ifaddrs.h
configure:5920: result: yes
configure:6018: checking for socklen_t
configure:6034: /home/default/third_party/llvm-build/Release+Asserts/bin/clang -c -ggdb -O0 -fsanitize=memory -fsanitize-coverage=trace-pc-guard,trace-cmp,trace-div,trace-gep -DHAVE_GETADDRINFO=1  conftest.c >&5
configure:6034: $? = 0
configure:6045: result: yes
configure:6056: checking for getaddrinfo
configure:6056: /home/default/third_party/llvm-build/Release+Asserts/bin/clang -o conftest -ggdb -O0 -fsanitize=memory -fsanitize-coverage=trace-pc-guard,trace-cmp,trace-div,trace-gep -DHAVE_GETADDRINFO=1  -fsanitize=memory conftest.c  >&5
configure:6056: $? = 0
configure:6056: result: yes
configure:6076: checking whether to build optimizer debugging code
configure:6088: result: no
configure:6091: checking whether to build parser debugging code
configure:6103: result: no
configure:6182: checking whether we have DAG API headers
configure:6205: result: no (/usr/local/include)
configure:6414: checking whether we have the DAG API
configure:6418: result: no
configure:6485: checking whether we have Septel API
configure:6507: result: no
configure:6600: checking whether we have Myricom Sniffer API
configure:6618: result: no (/opt/snf)
configure:7019: checking for ranlib
configure:7035: found /usr/bin/ranlib
configure:7046: result: ranlib
configure:7111: checking for ar
configure:7127: found /usr/bin/ar
configure:7138: result: ar
configure:7161: checking whether ln -s works
configure:7165: result: yes
configure:7436: checking if sockaddr struct has the sa_len member
configure:7454: /home/default/third_party/llvm-build/Release+Asserts/bin/clang -c -ggdb -O0 -fsanitize=memory -fsanitize-coverage=trace-pc-guard,trace-cmp,trace-div,trace-gep -DHAVE_GETADDRINFO=1  conftest.c >&5
conftest.c:51:42: error: no member named 'sa_len' in 'struct sockaddr'
u_int i = sizeof(((struct sockaddr *)0)->sa_len)
                 ~~~~~~~~~~~~~~~~~~~~~~  ^
1 error generated.
configure:7454: $? = 1
configure: failed program was:
| /* confdefs.h */
| #define PACKAGE_NAME ""
| #define PACKAGE_TARNAME ""
| #define PACKAGE_VERSION ""
| #define PACKAGE_STRING ""
| #define PACKAGE_BUGREPORT ""
| #define PACKAGE_URL ""
| #define inline inline
| #define HAVE___ATTRIBUTE__ 1
| #define __ATTRIBUTE___FORMAT_OK 1
| #define STDC_HEADERS 1
| #define HAVE_SYS_TYPES_H 1
| #define HAVE_SYS_STAT_H 1
| #define HAVE_STDLIB_H 1
| #define HAVE_STRING_H 1
| #define HAVE_MEMORY_H 1
| #define HAVE_STRINGS_H 1
| #define HAVE_INTTYPES_H 1
| #define HAVE_STDINT_H 1
| #define HAVE_UNISTD_H 1
| #define HAVE_SYS_BITYPES_H 1
| #define HAVE_FSEEKO 1
| #define HAVE_LIMITS_H 1
| #define HAVE_PATHS_H 1
| #define HAVE_LINUX_TYPES_H 1
| #define HAVE_LINUX_IF_PACKET_H 1
| #define HAVE_NETPACKET_PACKET_H 1
| #define HAVE_NETINET_IF_ETHER_H 1
| #define HAVE_LINUX_SOCKIOS_H 1
| #define HAVE_LINUX_IF_BONDING_H 1
| #define HAVE_STRERROR 1
| #define HAVE_VSNPRINTF 1
| #define HAVE_SNPRINTF 1
| #define HAVE_ETHER_HOSTTON 1
| #define HAVE_NETINET_ETHER_H 1
| #define NETINET_ETHER_H_DECLARES_ETHER_HOSTTON /**/
| #define HAVE_DECL_ETHER_HOSTTON 1
| #define HAVE_LINUX_WIRELESS_H 1
| #define HAVE_LINUX_ETHTOOL_H 1
| #define HAVE_TPACKET_STATS 1
| #define HAVE_LINUX_TPACKET_AUXDATA_TP_VLAN_TCI 1
| #define HAVE_SOCKLEN_T 1
| #define INET6 1
| /* end confdefs.h.  */
| 
| #	include <sys/types.h>
| #	include <sys/socket.h>
| int
| main ()
| {
| u_int i = sizeof(((struct sockaddr *)0)->sa_len)
|   ;
|   return 0;
| }
configure:7462: result: no
configure:7470: checking if sockaddr_storage struct exists
configure:7488: /home/default/third_party/llvm-build/Release+Asserts/bin/clang -c -ggdb -O0 -fsanitize=memory -fsanitize-coverage=trace-pc-guard,trace-cmp,trace-div,trace-gep -DHAVE_GETADDRINFO=1  conftest.c >&5
configure:7488: $? = 0
configure:7496: result: yes
configure:7504: checking if dl_hp_ppa_info_t struct has dl_module_id_1 member
configure:7523: /home/default/third_party/llvm-build/Release+Asserts/bin/clang -c -ggdb -O0 -fsanitize=memory -fsanitize-coverage=trace-pc-guard,trace-cmp,trace-div,trace-gep -DHAVE_GETADDRINFO=1  conftest.c >&5
conftest.c:48:11: fatal error: 'sys/dlpi.h' file not found
#       include <sys/dlpi.h>
                ^~~~~~~~~~~~
1 error generated.
configure:7523: $? = 1
configure: failed program was:
| /* confdefs.h */
| #define PACKAGE_NAME ""
| #define PACKAGE_TARNAME ""
| #define PACKAGE_VERSION ""
| #define PACKAGE_STRING ""
| #define PACKAGE_BUGREPORT ""
| #define PACKAGE_URL ""
| #define inline inline
| #define HAVE___ATTRIBUTE__ 1
| #define __ATTRIBUTE___FORMAT_OK 1
| #define STDC_HEADERS 1
| #define HAVE_SYS_TYPES_H 1
| #define HAVE_SYS_STAT_H 1
| #define HAVE_STDLIB_H 1
| #define HAVE_STRING_H 1
| #define HAVE_MEMORY_H 1
| #define HAVE_STRINGS_H 1
| #define HAVE_INTTYPES_H 1
| #define HAVE_STDINT_H 1
| #define HAVE_UNISTD_H 1
| #define HAVE_SYS_BITYPES_H 1
| #define HAVE_FSEEKO 1
| #define HAVE_LIMITS_H 1
| #define HAVE_PATHS_H 1
| #define HAVE_LINUX_TYPES_H 1
| #define HAVE_LINUX_IF_PACKET_H 1
| #define HAVE_NETPACKET_PACKET_H 1
| #define HAVE_NETINET_IF_ETHER_H 1
| #define HAVE_LINUX_SOCKIOS_H 1
| #define HAVE_LINUX_IF_BONDING_H 1
| #define HAVE_STRERROR 1
| #define HAVE_VSNPRINTF 1
| #define HAVE_SNPRINTF 1
| #define HAVE_ETHER_HOSTTON 1
| #define HAVE_NETINET_ETHER_H 1
| #define NETINET_ETHER_H_DECLARES_ETHER_HOSTTON /**/
| #define HAVE_DECL_ETHER_HOSTTON 1
| #define HAVE_LINUX_WIRELESS_H 1
| #define HAVE_LINUX_ETHTOOL_H 1
| #define HAVE_TPACKET_STATS 1
| #define HAVE_LINUX_TPACKET_AUXDATA_TP_VLAN_TCI 1
| #define HAVE_SOCKLEN_T 1
| #define INET6 1
| #define HAVE_SOCKADDR_STORAGE 1
| /* end confdefs.h.  */
| 
| #	include <sys/types.h>
| #	include <sys/dlpi.h>
| #	include <sys/dlpi_ext.h>
| int
| main ()
| {
| u_int i = sizeof(((dl_hp_ppa_info_t *)0)->dl_module_id_1)
|   ;
|   return 0;
| }
configure:7531: result: no
configure:7539: checking if unaligned accesses fail
configure:7626: result: no
configure:7670: checking for USB sniffing support
configure:7678: result: yes
configure:7689: Device for USB sniffing is /dev/usbmon
configure:7697: checking linux/compiler.h usability
configure:7697: /home/default/third_party/llvm-build/Release+Asserts/bin/clang -c -ggdb -O0 -fsanitize=memory -fsanitize-coverage=trace-pc-guard,trace-cmp,trace-div,trace-gep -DHAVE_GETADDRINFO=1  conftest.c >&5
conftest.c:82:10: fatal error: 'linux/compiler.h' file not found
#include <linux/compiler.h>
         ^~~~~~~~~~~~~~~~~~
1 error generated.
configure:7697: $? = 1
configure: failed program was:
| /* confdefs.h */
| #define PACKAGE_NAME ""
| #define PACKAGE_TARNAME ""
| #define PACKAGE_VERSION ""
| #define PACKAGE_STRING ""
| #define PACKAGE_BUGREPORT ""
| #define PACKAGE_URL ""
| #define inline inline
| #define HAVE___ATTRIBUTE__ 1
| #define __ATTRIBUTE___FORMAT_OK 1
| #define STDC_HEADERS 1
| #define HAVE_SYS_TYPES_H 1
| #define HAVE_SYS_STAT_H 1
| #define HAVE_STDLIB_H 1
| #define HAVE_STRING_H 1
| #define HAVE_MEMORY_H 1
| #define HAVE_STRINGS_H 1
| #define HAVE_INTTYPES_H 1
| #define HAVE_STDINT_H 1
| #define HAVE_UNISTD_H 1
| #define HAVE_SYS_BITYPES_H 1
| #define HAVE_FSEEKO 1
| #define HAVE_LIMITS_H 1
| #define HAVE_PATHS_H 1
| #define HAVE_LINUX_TYPES_H 1
| #define HAVE_LINUX_IF_PACKET_H 1
| #define HAVE_NETPACKET_PACKET_H 1
| #define HAVE_NETINET_IF_ETHER_H 1
| #define HAVE_LINUX_SOCKIOS_H 1
| #define HAVE_LINUX_IF_BONDING_H 1
| #define HAVE_STRERROR 1
| #define HAVE_VSNPRINTF 1
| #define HAVE_SNPRINTF 1
| #define HAVE_ETHER_HOSTTON 1
| #define HAVE_NETINET_ETHER_H 1
| #define NETINET_ETHER_H_DECLARES_ETHER_HOSTTON /**/
| #define HAVE_DECL_ETHER_HOSTTON 1
| #define HAVE_LINUX_WIRELESS_H 1
| #define HAVE_LINUX_ETHTOOL_H 1
| #define HAVE_TPACKET_STATS 1
| #define HAVE_LINUX_TPACKET_AUXDATA_TP_VLAN_TCI 1
| #define HAVE_SOCKLEN_T 1
| #define INET6 1
| #define HAVE_SOCKADDR_STORAGE 1
| #define HAVE_VERSION_H 1
| #define PCAP_SUPPORT_USB 1
| #define LINUX_USB_MON_DEV "/dev/usbmon"
| /* end confdefs.h.  */
| #include <stdio.h>
| #ifdef HAVE_SYS_TYPES_H
| # include <sys/types.h>
| #endif
| #ifdef HAVE_SYS_STAT_H
| # include <sys/stat.h>
| #endif
| #ifdef STDC_HEADERS
| # include <stdlib.h>
| # include <stddef.h>
| #else
| # ifdef HAVE_STDLIB_H
| #  include <stdlib.h>
| # endif
| #endif
| #ifdef HAVE_STRING_H
| # if !defined STDC_HEADERS && defined HAVE_MEMORY_H
| #  include <memory.h>
| # endif
| # include <string.h>
| #endif
| #ifdef HAVE_STRINGS_H
| # include <strings.h>
| #endif
| #ifdef HAVE_INTTYPES_H
| # include <inttypes.h>
| #endif
| #ifdef HAVE_STDINT_H
| # include <stdint.h>
| #endif
| #ifdef HAVE_UNISTD_H
| # include <unistd.h>
| #endif
| #include <linux/compiler.h>
configure:7697: result: no
configure:7697: checking linux/compiler.h presence
configure:7697: /home/default/third_party/llvm-build/Release+Asserts/bin/clang -E  conftest.c
conftest.c:49:10: fatal error: 'linux/compiler.h' file not found
#include <linux/compiler.h>
         ^~~~~~~~~~~~~~~~~~
1 error generated.
configure:7697: $? = 1
configure: failed program was:
| /* confdefs.h */
| #define PACKAGE_NAME ""
| #define PACKAGE_TARNAME ""
| #define PACKAGE_VERSION ""
| #define PACKAGE_STRING ""
| #define PACKAGE_BUGREPORT ""
| #define PACKAGE_URL ""
| #define inline inline
| #define HAVE___ATTRIBUTE__ 1
| #define __ATTRIBUTE___FORMAT_OK 1
| #define STDC_HEADERS 1
| #define HAVE_SYS_TYPES_H 1
| #define HAVE_SYS_STAT_H 1
| #define HAVE_STDLIB_H 1
| #define HAVE_STRING_H 1
| #define HAVE_MEMORY_H 1
| #define HAVE_STRINGS_H 1
| #define HAVE_INTTYPES_H 1
| #define HAVE_STDINT_H 1
| #define HAVE_UNISTD_H 1
| #define HAVE_SYS_BITYPES_H 1
| #define HAVE_FSEEKO 1
| #define HAVE_LIMITS_H 1
| #define HAVE_PATHS_H 1
| #define HAVE_LINUX_TYPES_H 1
| #define HAVE_LINUX_IF_PACKET_H 1
| #define HAVE_NETPACKET_PACKET_H 1
| #define HAVE_NETINET_IF_ETHER_H 1
| #define HAVE_LINUX_SOCKIOS_H 1
| #define HAVE_LINUX_IF_BONDING_H 1
| #define HAVE_STRERROR 1
| #define HAVE_VSNPRINTF 1
| #define HAVE_SNPRINTF 1
| #define HAVE_ETHER_HOSTTON 1
| #define HAVE_NETINET_ETHER_H 1
| #define NETINET_ETHER_H_DECLARES_ETHER_HOSTTON /**/
| #define HAVE_DECL_ETHER_HOSTTON 1
| #define HAVE_LINUX_WIRELESS_H 1
| #define HAVE_LINUX_ETHTOOL_H 1
| #define HAVE_TPACKET_STATS 1
| #define HAVE_LINUX_TPACKET_AUXDATA_TP_VLAN_TCI 1
| #define HAVE_SOCKLEN_T 1
| #define INET6 1
| #define HAVE_SOCKADDR_STORAGE 1
| #define HAVE_VERSION_H 1
| #define PCAP_SUPPORT_USB 1
| #define LINUX_USB_MON_DEV "/dev/usbmon"
| /* end confdefs.h.  */
| #include <linux/compiler.h>
configure:7697: result: no
configure:7697: checking for linux/compiler.h
configure:7697: result: no
configure:7727: checking linux/usbdevice_fs.h usability
configure:7727: /home/default/third_party/llvm-build/Release+Asserts/bin/clang -c -ggdb -O0 -fsanitize=memory -fsanitize-coverage=trace-pc-guard,trace-cmp,trace-div,trace-gep -DHAVE_GETADDRINFO=1  conftest.c >&5
configure:7727: $? = 0
configure:7727: result: yes
configure:7727: checking linux/usbdevice_fs.h presence
configure:7727: /home/default/third_party/llvm-build/Release+Asserts/bin/clang -E  conftest.c
configure:7727: $? = 0
configure:7727: result: yes
configure:7727: checking for linux/usbdevice_fs.h
configure:7727: result: yes
configure:7745: checking if usbdevfs_ctrltransfer struct has bRequestType member
configure:7769: /home/default/third_party/llvm-build/Release+Asserts/bin/clang -c -ggdb -O0 -fsanitize=memory -fsanitize-coverage=trace-pc-guard,trace-cmp,trace-div,trace-gep -DHAVE_GETADDRINFO=1  conftest.c >&5
configure:7769: $? = 0
configure:7777: result: yes
configure:7795: checking whether the platform could support netfilter sniffing
configure:7799: result: yes
configure:7809: checking whether we can compile the netfilter support
configure:7835: /home/default/third_party/llvm-build/Release+Asserts/bin/clang -c -ggdb -O0 -fsanitize=memory -fsanitize-coverage=trace-pc-guard,trace-cmp,trace-div,trace-gep -DHAVE_GETADDRINFO=1  conftest.c >&5
configure:7835: $? = 0
configure:7843: result: yes
configure:8282: checking linux/net_tstamp.h usability
configure:8282: /home/default/third_party/llvm-build/Release+Asserts/bin/clang -c -ggdb -O0 -fsanitize=memory -fsanitize-coverage=trace-pc-guard,trace-cmp,trace-div,trace-gep -DHAVE_GETADDRINFO=1  conftest.c >&5
configure:8282: $? = 0
configure:8282: result: yes
configure:8282: checking linux/net_tstamp.h presence
configure:8282: /home/default/third_party/llvm-build/Release+Asserts/bin/clang -E  conftest.c
configure:8282: $? = 0
configure:8282: result: yes
configure:8282: checking for linux/net_tstamp.h
configure:8282: result: yes
configure:8328: checking for a BSD-compatible install
configure:8396: result: /usr/bin/install -c
configure:8529: creating ./config.status

## ---------------------- ##
## Running config.status. ##
## ---------------------- ##

This file was extended by config.status, which was
generated by GNU Autoconf 2.69.  Invocation command line was

  CONFIG_FILES    = 
  CONFIG_HEADERS  = 
  CONFIG_LINKS    = 
  CONFIG_COMMANDS = 
  $ ./config.status 

on default-virtual-machine

config.status:911: creating Makefile
config.status:911: creating pcap-filter.manmisc
config.status:911: creating pcap-linktype.manmisc
config.status:911: creating pcap-tstamp.manmisc
config.status:911: creating pcap-savefile.manfile
config.status:911: creating pcap.3pcap
config.status:911: creating pcap_compile.3pcap
config.status:911: creating pcap_datalink.3pcap
config.status:911: creating pcap_dump_open.3pcap
config.status:911: creating pcap_get_tstamp_precision.3pcap
config.status:911: creating pcap_list_datalinks.3pcap
config.status:911: creating pcap_list_tstamp_types.3pcap
config.status:911: creating pcap_open_dead.3pcap
config.status:911: creating pcap_open_offline.3pcap
config.status:911: creating pcap_set_tstamp_precision.3pcap
config.status:911: creating pcap_set_tstamp_type.3pcap
config.status:911: creating config.h
config.status:1086: config.h is unchanged
config.status:1100: executing default-1 commands

## ---------------- ##
## Cache variables. ##
## ---------------- ##

ac_cv___attribute__=yes
ac_cv___attribute___format=yes
ac_cv___attribute___unused=yes
ac_cv_build=x86_64-unknown-linux-gnu
ac_cv_c_compiler_gnu=yes
ac_cv_env_CC_set=set
ac_cv_env_CC_value=/home/default/third_party/llvm-build/Release+Asserts/bin/clang
ac_cv_env_CFLAGS_set=set
ac_cv_env_CFLAGS_value='-ggdb -O0 -fsanitize=memory -fsanitize-coverage=trace-pc-guard,trace-cmp,trace-div,trace-gep -DHAVE_GETADDRINFO=1'
ac_cv_env_CPPFLAGS_set=
ac_cv_env_CPPFLAGS_value=
ac_cv_env_CPP_set=
ac_cv_env_CPP_value=
ac_cv_env_LDFLAGS_set=set
ac_cv_env_LDFLAGS_value=-fsanitize=memory
ac_cv_env_LIBS_set=
ac_cv_env_LIBS_value=
ac_cv_env_build_alias_set=
ac_cv_env_build_alias_value=
ac_cv_env_host_alias_set=
ac_cv_env_host_alias_value=
ac_cv_env_target_alias_set=
ac_cv_env_target_alias_value=
ac_cv_func_ether_hostton=yes
ac_cv_func_getaddrinfo=yes
ac_cv_func_getifaddrs=yes
ac_cv_func_snprintf=yes
ac_cv_func_strerror=yes
ac_cv_func_strlcpy=no
ac_cv_func_vsnprintf=yes
ac_cv_have_decl_ether_hostton=yes
ac_cv_header_ifaddrs_h=yes
ac_cv_header_inttypes_h=yes
ac_cv_header_limits_h=yes
ac_cv_header_linux_compiler_h=no
ac_cv_header_linux_ethtool_h=yes
ac_cv_header_linux_if_bonding_h=yes
ac_cv_header_linux_if_packet_h=yes
ac_cv_header_linux_net_tstamp_h=yes
ac_cv_header_linux_sockios_h=yes
ac_cv_header_linux_types_h=yes
ac_cv_header_linux_usbdevice_fs_h=yes
ac_cv_header_linux_wireless_h=yes
ac_cv_header_memory_h=yes
ac_cv_header_net_pfvar_h=no
ac_cv_header_netinet_ether_h=yes
ac_cv_header_netinet_if_ether_h=yes
ac_cv_header_netpacket_if_packet_h=no
ac_cv_header_netpacket_packet_h=yes
ac_cv_header_paths_h=yes
ac_cv_header_stdc=yes
ac_cv_header_stdint_h=yes
ac_cv_header_stdlib_h=yes
ac_cv_header_string_h=yes
ac_cv_header_strings_h=yes
ac_cv_header_sys_bitypes_h=yes
ac_cv_header_sys_ioccom_h=no
ac_cv_header_sys_sockio_h=no
ac_cv_header_sys_stat_h=yes
ac_cv_header_sys_types_h=yes
ac_cv_header_unistd_h=yes
ac_cv_host=x86_64-unknown-linux-gnu
ac_cv_lbl_dag_api=no
ac_cv_lbl_dl_hp_ppa_info_t_has_dl_module_id_1=no
ac_cv_lbl_gcc_fixincludes=yes
ac_cv_lbl_has_sockaddr_storage=yes
ac_cv_lbl_inline=inline
ac_cv_lbl_linux_tpacket_auxdata_tp_vlan_tci=yes
ac_cv_lbl_septel_api=no
ac_cv_lbl_snf_api=no
ac_cv_lbl_sockaddr_has_sa_len=no
ac_cv_lbl_tpacket_stats=yes
ac_cv_lbl_unaligned_fail=no
ac_cv_netfilter_can_compile=yes
ac_cv_objext=o
ac_cv_path_EGREP='/bin/grep -E'
ac_cv_path_GREP=/bin/grep
ac_cv_path_install='/usr/bin/install -c'
ac_cv_prog_CPP='/home/default/third_party/llvm-build/Release+Asserts/bin/clang -E'
ac_cv_prog_ac_ct_AR=ar
ac_cv_prog_ac_ct_CC=/home/default/third_party/llvm-build/Release+Asserts/bin/clang
ac_cv_prog_ac_ct_RANLIB=ranlib
ac_cv_prog_cc_c89=
ac_cv_prog_cc_g=yes
ac_cv_search_gethostbyname='none required'
ac_cv_search_putmsg='none required'
ac_cv_search_socket='none required'
ac_cv_sys_file_offset_bits=no
ac_cv_sys_largefile_CC=no
ac_cv_sys_largefile_source=no
ac_cv_target=x86_64-unknown-linux-gnu
ac_cv_type_int16_t=yes
ac_cv_type_int32_t=yes
ac_cv_type_int64_t=yes
ac_cv_type_int8_t=yes
ac_cv_type_u_int16_t=yes
ac_cv_type_u_int32_t=yes
ac_cv_type_u_int64_t=yes
ac_cv_type_u_int8_t=yes
ac_cv_usbdevfs_ctrltransfer_has_bRequestType=yes

## ----------------- ##
## Output variables. ##
## ----------------- ##

ADDLARCHIVEOBJS=''
ADDLOBJS=''
AR='ar'
BT_MONITOR_SRC=''
BT_SRC=''
CANUSB_SRC=''
CAN_SRC=''
CC='/home/default/third_party/llvm-build/Release+Asserts/bin/clang'
CFLAGS='-ggdb -O0 -fsanitize=memory -fsanitize-coverage=trace-pc-guard,trace-cmp,trace-div,trace-gep -DHAVE_GETADDRINFO=1'
CPP='/home/default/third_party/llvm-build/Release+Asserts/bin/clang -E'
CPPFLAGS=''
DBUS_SRC=''
DEFS='-DHAVE_CONFIG_H'
DEPENDENCY_CFLAG=''
DYEXT='none'
ECHO_C=''
ECHO_N='-n'
ECHO_T=''
EGREP='/bin/grep -E'
EXEEXT=''
GREP='/bin/grep'
HAVE_LINUX_TPACKET_AUXDATA='tp_vlan_tci'
INSTALL_DATA='${INSTALL} -m 644'
INSTALL_PROGRAM='${INSTALL}'
INSTALL_SCRIPT='${INSTALL}'
LDFLAGS='-fsanitize=memory'
LIBOBJS=''
LIBS=''
LN_S='ln -s'
LTLIBOBJS=''
MAN_FILE_FORMATS='5'
MAN_MISC_INFO='7'
MKDEP=''
NETFILTER_SRC='pcap-netfilter-linux.c'
OBJEXT='o'
PACKAGE_BUGREPORT=''
PACKAGE_NAME=''
PACKAGE_STRING=''
PACKAGE_TARNAME=''
PACKAGE_URL=''
PACKAGE_VERSION=''
PATH_SEPARATOR=':'
PCAP_SUPPORT_BT=''
PCAP_SUPPORT_CAN=''
PCAP_SUPPORT_CANUSB=''
PCAP_SUPPORT_DBUS=''
PCAP_SUPPORT_NETFILTER=''
PCAP_SUPPORT_PACKET_RING=''
PCAP_SUPPORT_USB=''
PKGCONFIG=''
RANLIB='ranlib'
SHELL='/bin/bash'
SHLICC2=''
SSRC=''
USB_SRC='pcap-usb-linux.c'
V_CCOPT=' -fpic -ggdb -O0 -fsanitize=memory -fsanitize-coverage=trace-pc-guard,trace-cmp,trace-div,trace-gep -DHAVE_GETADDRINFO=1'
V_DEFS=' -D_U_="__attribute__((unused))"'
V_FINDALLDEVS='getad'
V_INCLS=''
V_PCAP='linux'
V_RPATH_OPT='-Wl,-rpath,'
V_SHLIB_CMD='$(CC)'
V_SHLIB_OPT='-shared'
V_SONAME_OPT='-Wl,-soname,'
ac_ct_CC='/home/default/third_party/llvm-build/Release+Asserts/bin/clang'
bindir='${exec_prefix}/bin'
build='x86_64-unknown-linux-gnu'
build_alias=''
build_cpu='x86_64'
build_os='linux-gnu'
build_vendor='unknown'
datadir='${datarootdir}'
datarootdir='${prefix}/share'
docdir='${datarootdir}/doc/${PACKAGE}'
dvidir='${docdir}'
exec_prefix='${prefix}'
host='x86_64-unknown-linux-gnu'
host_alias=''
host_cpu='x86_64'
host_os='linux-gnu'
host_vendor='unknown'
htmldir='${docdir}'
includedir='${prefix}/include'
infodir='${datarootdir}/info'
libdir='${exec_prefix}/lib'
libexecdir='${exec_prefix}/libexec'
localedir='${datarootdir}/locale'
localstatedir='${prefix}/var'
mandir='${datarootdir}/man'
oldincludedir='/usr/include'
pdfdir='${docdir}'
prefix='/usr/local'
program_transform_name='s,x,x,'
psdir='${docdir}'
sbindir='${exec_prefix}/sbin'
sharedstatedir='${prefix}/com'
sysconfdir='${prefix}/etc'
target='x86_64-unknown-linux-gnu'
target_alias=''
target_cpu='x86_64'
target_os='linux-gnu'
target_vendor='unknown'

## ----------- ##
## confdefs.h. ##
## ----------- ##

/* confdefs.h */
#define PACKAGE_NAME ""
#define PACKAGE_TARNAME ""
#define PACKAGE_VERSION ""
#define PACKAGE_STRING ""
#define PACKAGE_BUGREPORT ""
#define PACKAGE_URL ""
#define inline inline
#define HAVE___ATTRIBUTE__ 1
#define __ATTRIBUTE___FORMAT_OK 1
#define STDC_HEADERS 1
#define HAVE_SYS_TYPES_H 1
#define HAVE_SYS_STAT_H 1
#define HAVE_STDLIB_H 1
#define HAVE_STRING_H 1
#define HAVE_MEMORY_H 1
#define HAVE_STRINGS_H 1
#define HAVE_INTTYPES_H 1
#define HAVE_STDINT_H 1
#define HAVE_UNISTD_H 1
#define HAVE_SYS_BITYPES_H 1
#define HAVE_FSEEKO 1
#define HAVE_LIMITS_H 1
#define HAVE_PATHS_H 1
#define HAVE_LINUX_TYPES_H 1
#define HAVE_LINUX_IF_PACKET_H 1
#define HAVE_NETPACKET_PACKET_H 1
#define HAVE_NETINET_IF_ETHER_H 1
#define HAVE_LINUX_SOCKIOS_H 1
#define HAVE_LINUX_IF_BONDING_H 1
#define HAVE_STRERROR 1
#define HAVE_VSNPRINTF 1
#define HAVE_SNPRINTF 1
#define HAVE_ETHER_HOSTTON 1
#define HAVE_NETINET_ETHER_H 1
#define NETINET_ETHER_H_DECLARES_ETHER_HOSTTON /**/
#define HAVE_DECL_ETHER_HOSTTON 1
#define HAVE_LINUX_WIRELESS_H 1
#define HAVE_LINUX_ETHTOOL_H 1
#define HAVE_TPACKET_STATS 1
#define HAVE_LINUX_TPACKET_AUXDATA_TP_VLAN_TCI 1
#define HAVE_SOCKLEN_T 1
#define INET6 1
#define HAVE_SOCKADDR_STORAGE 1
#define HAVE_VERSION_H 1
#define PCAP_SUPPORT_USB 1
#define LINUX_USB_MON_DEV "/dev/usbmon"
#define HAVE_LINUX_USBDEVICE_FS_H 1
#define HAVE_USBDEVFS_CTRLTRANSFER_BREQUESTTYPE 1
#define PCAP_SUPPORT_NETFILTER 1
#define HAVE_LINUX_NET_TSTAMP_H 1
#define PCAP_SUPPORT_PACKET_RING 1

configure: exit 0

## ---------------------- ##
## Running config.status. ##
## ---------------------- ##

This file was extended by config.status, which was
generated by GNU Autoconf 2.69.  Invocation command line was

  CONFIG_FILES    = 
  CONFIG_HEADERS  = 
  CONFIG_LINKS    = 
  CONFIG_COMMANDS = 
  $ ./config.status --file=pcap-config.tmp:./pcap-config.in

on default-virtual-machine

config.status:911: creating pcap-config.tmp
